2026-06-26 15:41:40,492 INFO === Run: today=2026-06-26  signal_date=2026-06-25 ===
2026-06-26 15:41:40,493 INFO Fetching historical price data...
2026-06-26 15:41:50,640 INFO Using signal bar: 2026-06-25
2026-06-26 15:41:50,640 INFO Fetching today's opens for 35 tickers...
2026-06-26 15:41:52,564 INFO Got opens for 35 tickers.
2026-06-26 15:41:52,564 INFO --- Processing 0 pending entries ---
2026-06-26 15:41:52,564 INFO --- Checking exits for 4 open positions ---
2026-06-26 15:41:52,565 INFO HOLD    CCRN: close=13.19  entry=13.12  peak=13.23  stop=12.33  tp=15.09
2026-06-26 15:41:52,565 INFO TRAIL   HLIO: low=90.61 <= trail=91.25 (peak=95.05)
2026-06-26 15:41:52,565 INFO HOLD    RMNI: close=4.07  entry=4.18  peak=4.33  stop=3.93  tp=4.81
2026-06-26 15:41:52,565 INFO HOLD    KELYA: close=11.85  entry=10.89  peak=11.99  stop=10.23  tp=12.52
2026-06-26 15:41:52,565 INFO CLOSED  HLIO   [trailing_stop]: 11.9042 sh @ $91.18  P&L=$+73.04 (+7.21%)  entry=$85.04
2026-06-26 15:41:52,565 INFO --- Generating signals for 2026-06-25 ---
2026-06-26 15:41:55,105 INFO --- Signal evaluation: 35 candidates ---
2026-06-26 15:41:55,106 INFO EVAL-FAIL MYGN: rank=1.000  reason=[above_5ma=+0.116 | vol_ratio=1.15<1.2]
2026-06-26 15:41:55,106 INFO EVAL-FAIL GSHD: rank=0.971  reason=[above_5ma=+0.081 | vol_ratio=0.91<1.2]
2026-06-26 15:41:55,106 INFO EVAL-FAIL HLIO: rank=0.943  reason=[above_5ma=+0.021 | vol_ratio=1.01<1.2]
2026-06-26 15:41:55,106 INFO EVAL-FAIL ACAD: rank=0.914  reason=[above_5ma=+0.046 | vol_ratio=1.12<1.2]
2026-06-26 15:41:55,106 INFO EVAL-FAIL TBI: rank=0.886  reason=[above_5ma=+0.001 | vol_ratio=1.01<1.2]
2026-06-26 15:41:55,106 INFO EVAL-FAIL DIN: rank=0.857  reason=[above_5ma=+0.012 | vol_ratio=0.81<1.2]
2026-06-26 15:41:55,107 INFO EVAL-PASS RMNI: rank=0.829  vol_ratio=1.48  pct_from_5ma=-0.016
2026-06-26 15:41:55,107 INFO EVAL-FAIL JACK: rank=0.800  reason=[above_5ma=+0.035 | vol_ratio=0.67<1.2]
2026-06-26 15:41:55,107 INFO EVAL-FAIL PTLO: rank=0.771  reason=[above_5ma=+0.043 | vol_ratio=0.99<1.2]
2026-06-26 15:41:55,107 INFO EVAL-FAIL INVA: rank=0.743  reason=[above_5ma=+0.009 | vol_ratio=0.68<1.2]
2026-06-26 15:41:55,107 INFO EVAL-FAIL KELYA: rank=0.714  reason=[above_5ma=+0.036 | vol_ratio=1.01<1.2]
2026-06-26 15:41:55,107 INFO EVAL-FAIL YEXT: rank=0.686  reason=[momentum_rank=0.686<0.7 | above_5ma=+0.038 | vol_ratio=0.49<1.2]
2026-06-26 15:41:55,107 INFO EVAL-FAIL CATO: rank=0.657  reason=[momentum_rank=0.657<0.7 | vol_ratio=0.23<1.2]
2026-06-26 15:41:55,107 INFO EVAL-FAIL IRWD: rank=0.629  reason=[momentum_rank=0.629<0.7 | above_5ma=+0.012 | vol_ratio=0.80<1.2]
2026-06-26 15:41:55,107 INFO EVAL-FAIL CCRN: rank=0.600  reason=[momentum_rank=0.600<0.7 | above_5ma=+0.001 | vol_ratio=0.81<1.2]
2026-06-26 15:41:55,107 INFO EVAL-FAIL POWI: rank=0.571  reason=[momentum_rank=0.571<0.7 | above_5ma=+0.006 | vol_ratio=0.88<1.2]
2026-06-26 15:41:55,108 INFO EVAL-FAIL DRVN: rank=0.543  reason=[momentum_rank=0.543<0.7 | above_5ma=+0.056 | vol_ratio=0.62<1.2]
2026-06-26 15:41:55,108 INFO EVAL-FAIL NCNO: rank=0.514  reason=[momentum_rank=0.514<0.7 | vol_ratio=1.00<1.2]
2026-06-26 15:41:55,108 INFO EVAL-FAIL ANGI: rank=0.486  reason=[momentum_rank=0.486<0.7 | above_5ma=+0.016 | vol_ratio=0.47<1.2]
2026-06-26 15:41:55,108 INFO EVAL-FAIL GPOR: rank=0.457  reason=[momentum_rank=0.457<0.7 | vol_ratio=0.74<1.2]
2026-06-26 15:41:55,108 INFO EVAL-FAIL BMBL: rank=0.429  reason=[momentum_rank=0.429<0.7 | above_5ma=+0.035]
2026-06-26 15:41:55,108 INFO EVAL-FAIL PRAX: rank=0.400  reason=[momentum_rank=0.400<0.7 | above_5ma=+0.073]
2026-06-26 15:41:55,108 INFO EVAL-FAIL WHD: rank=0.371  reason=[momentum_rank=0.371<0.7 | above_5ma=+0.005]
2026-06-26 15:41:55,108 INFO EVAL-FAIL AMPY: rank=0.343  reason=[momentum_rank=0.343<0.7]
2026-06-26 15:41:55,108 INFO EVAL-FAIL SM: rank=0.314  reason=[momentum_rank=0.314<0.7 | vol_ratio=0.72<1.2]
2026-06-26 15:41:55,108 INFO EVAL-FAIL PLAY: rank=0.286  reason=[momentum_rank=0.286<0.7 | vol_ratio=0.53<1.2]
2026-06-26 15:41:55,109 INFO EVAL-FAIL AGEN: rank=0.257  reason=[momentum_rank=0.257<0.7 | vol_ratio=0.96<1.2]
2026-06-26 15:41:55,109 INFO EVAL-FAIL VET: rank=0.229  reason=[momentum_rank=0.229<0.7 | vol_ratio=0.74<1.2]
2026-06-26 15:41:55,109 INFO EVAL-FAIL REI: rank=0.200  reason=[momentum_rank=0.200<0.7]
2026-06-26 15:41:55,109 INFO EVAL-FAIL TTGT: rank=0.171  reason=[momentum_rank=0.171<0.7 | above_5ma=+0.014 | vol_ratio=0.85<1.2]
2026-06-26 15:41:55,109 INFO EVAL-FAIL FATE: rank=0.143  reason=[momentum_rank=0.143<0.7]
2026-06-26 15:41:55,109 INFO EVAL-FAIL EGHT: rank=0.114  reason=[momentum_rank=0.114<0.7]
2026-06-26 15:41:55,109 INFO EVAL-FAIL NVAX: rank=0.086  reason=[momentum_rank=0.086<0.7 | vol_ratio=0.92<1.2]
2026-06-26 15:41:55,109 INFO EVAL-FAIL SJT: rank=0.057  reason=[momentum_rank=0.057<0.7 | vol_ratio=0.97<1.2]
2026-06-26 15:41:55,109 INFO EVAL-FAIL DOMO: rank=0.029  reason=[momentum_rank=0.029<0.7 | above_5ma=+0.004 | vol_ratio=1.04<1.2]
2026-06-26 15:41:55,110 INFO --- 1 signals fired ---
2026-06-26 15:41:55,110 INFO SKIP-SIG RMNI: already in position
2026-06-26 15:41:55,111 INFO 
--------------------------------------------------------------
  DATE         : 2026-06-26
  CASH         : $    7,074.70
  POSITION VAL : $    3,092.46
  EQUITY       : $   10,167.16
  OPEN POS     : 3 held  |  0 pending
  DAILY P&L    : $      +73.04
  TOTAL P&L    : $     +116.31  (+1.67%)
  TRADES TODAY : 1
--------------------------------------------------------------
