2026-07-09 16:13:13,532 INFO === Run: today=2026-07-09  signal_date=2026-07-08 ===
2026-07-09 16:13:13,532 INFO Fetching historical price data...
2026-07-09 16:13:24,327 INFO Using signal bar: 2026-07-08
2026-07-09 16:13:24,327 INFO Fetching today's opens for 35 tickers...
2026-07-09 16:13:26,141 INFO Got opens for 35 tickers.
2026-07-09 16:13:26,141 INFO --- Processing 0 pending entries ---
2026-07-09 16:13:26,141 INFO --- Checking exits for 2 open positions ---
2026-07-09 16:13:26,141 INFO HOLD    CCRN: close=13.20  entry=13.12  peak=13.23  stop=12.33  tp=15.09
2026-07-09 16:13:26,142 INFO STOP    JACK: low=13.78 <= stop=14.28
2026-07-09 16:13:26,142 INFO CLOSED  JACK   [stop_loss]: 67.7251 sh @ $14.27  P&L=$-62.44 (-6.07%)  entry=$15.19
2026-07-09 16:13:26,142 INFO --- Generating signals for 2026-07-08 ---
2026-07-09 16:13:27,819 INFO --- Signal evaluation: 35 candidates ---
2026-07-09 16:13:27,819 INFO EVAL-FAIL GSHD: rank=1.000  reason=[above_5ma=+0.058]
2026-07-09 16:13:27,820 INFO EVAL-FAIL FATE: rank=0.971  reason=[vol_ratio=0.41<1.2]
2026-07-09 16:13:27,820 INFO EVAL-FAIL IRWD: rank=0.943  reason=[above_5ma=+0.081]
2026-07-09 16:13:27,820 INFO EVAL-FAIL MYGN: rank=0.914  reason=[vol_ratio=0.87<1.2]
2026-07-09 16:13:27,820 INFO EVAL-FAIL PRAX: rank=0.886  reason=[above_5ma=+0.035 | vol_ratio=0.88<1.2]
2026-07-09 16:13:27,820 INFO EVAL-FAIL YEXT: rank=0.857  reason=[vol_ratio=0.77<1.2]
2026-07-09 16:13:27,820 INFO EVAL-FAIL JACK: rank=0.829  reason=[vol_ratio=1.13<1.2]
2026-07-09 16:13:27,820 INFO EVAL-FAIL TBI: rank=0.800  reason=[above_5ma=+0.061 | vol_ratio=0.96<1.2]
2026-07-09 16:13:27,820 INFO EVAL-FAIL ACAD: rank=0.771  reason=[above_5ma=+0.007 | vol_ratio=0.86<1.2]
2026-07-09 16:13:27,820 INFO EVAL-FAIL PTLO: rank=0.743  reason=[vol_ratio=0.75<1.2]
2026-07-09 16:13:27,820 INFO EVAL-FAIL NCNO: rank=0.714  reason=[vol_ratio=0.82<1.2]
2026-07-09 16:13:27,820 INFO EVAL-FAIL DIN: rank=0.686  reason=[momentum_rank=0.686<0.7 | vol_ratio=0.50<1.2]
2026-07-09 16:13:27,820 INFO EVAL-FAIL RMNI: rank=0.657  reason=[momentum_rank=0.657<0.7 | above_5ma=+0.010 | vol_ratio=0.56<1.2]
2026-07-09 16:13:27,820 INFO EVAL-FAIL KELYA: rank=0.629  reason=[momentum_rank=0.629<0.7 | above_5ma=+0.009 | vol_ratio=0.64<1.2]
2026-07-09 16:13:27,821 INFO EVAL-FAIL DRVN: rank=0.600  reason=[momentum_rank=0.600<0.7 | above_5ma=+0.007 | vol_ratio=0.81<1.2]
2026-07-09 16:13:27,821 INFO EVAL-FAIL EGHT: rank=0.571  reason=[momentum_rank=0.571<0.7 | above_5ma=+0.057 | vol_ratio=0.90<1.2]
2026-07-09 16:13:27,821 INFO EVAL-FAIL NVAX: rank=0.543  reason=[momentum_rank=0.543<0.7 | vol_ratio=0.86<1.2]
2026-07-09 16:13:27,821 INFO EVAL-FAIL DOMO: rank=0.514  reason=[momentum_rank=0.514<0.7 | above_5ma=+0.013 | vol_ratio=0.34<1.2]
2026-07-09 16:13:27,821 INFO EVAL-FAIL BMBL: rank=0.486  reason=[momentum_rank=0.486<0.7 | vol_ratio=0.45<1.2]
2026-07-09 16:13:27,821 INFO EVAL-FAIL AGEN: rank=0.457  reason=[momentum_rank=0.457<0.7 | vol_ratio=0.86<1.2]
2026-07-09 16:13:27,821 INFO EVAL-FAIL ANGI: rank=0.429  reason=[momentum_rank=0.429<0.7 | vol_ratio=0.56<1.2]
2026-07-09 16:13:27,821 INFO EVAL-FAIL INVA: rank=0.400  reason=[momentum_rank=0.400<0.7 | above_5ma=+0.013 | vol_ratio=1.15<1.2]
2026-07-09 16:13:27,821 INFO EVAL-FAIL CCRN: rank=0.371  reason=[momentum_rank=0.371<0.7 | vol_ratio=0.73<1.2]
2026-07-09 16:13:27,821 INFO EVAL-FAIL GPOR: rank=0.343  reason=[momentum_rank=0.343<0.7 | vol_ratio=0.83<1.2]
2026-07-09 16:13:27,821 INFO EVAL-FAIL TTGT: rank=0.314  reason=[momentum_rank=0.314<0.7 | vol_ratio=0.58<1.2]
2026-07-09 16:13:27,821 INFO EVAL-FAIL CATO: rank=0.286  reason=[momentum_rank=0.286<0.7]
2026-07-09 16:13:27,821 INFO EVAL-FAIL HLIO: rank=0.257  reason=[momentum_rank=0.257<0.7 | vol_ratio=0.61<1.2]
2026-07-09 16:13:27,821 INFO EVAL-FAIL PLAY: rank=0.229  reason=[momentum_rank=0.229<0.7 | vol_ratio=1.00<1.2]
2026-07-09 16:13:27,821 INFO EVAL-FAIL WHD: rank=0.200  reason=[momentum_rank=0.200<0.7 | above_5ma=+0.052 | vol_ratio=0.80<1.2]
2026-07-09 16:13:27,821 INFO EVAL-FAIL SM: rank=0.171  reason=[momentum_rank=0.171<0.7 | above_5ma=+0.070]
2026-07-09 16:13:27,821 INFO EVAL-FAIL REI: rank=0.143  reason=[momentum_rank=0.143<0.7 | above_5ma=+0.046 | vol_ratio=1.15<1.2]
2026-07-09 16:13:27,822 INFO EVAL-FAIL AMPY: rank=0.114  reason=[momentum_rank=0.114<0.7 | above_5ma=+0.020 | vol_ratio=0.77<1.2]
2026-07-09 16:13:27,822 INFO EVAL-FAIL POWI: rank=0.086  reason=[momentum_rank=0.086<0.7 | vol_ratio=0.86<1.2]
2026-07-09 16:13:27,822 INFO EVAL-FAIL VET: rank=0.057  reason=[momentum_rank=0.057<0.7 | above_5ma=+0.049 | vol_ratio=1.11<1.2]
2026-07-09 16:13:27,822 INFO EVAL-FAIL SJT: rank=0.029  reason=[momentum_rank=0.029<0.7 | vol_ratio=0.58<1.2]
2026-07-09 16:13:27,822 INFO --- 0 signals fired ---
2026-07-09 16:13:27,823 INFO 
--------------------------------------------------------------
  DATE         : 2026-07-09
  CASH         : $    9,215.13
  POSITION VAL : $    1,006.11
  EQUITY       : $   10,221.24
  OPEN POS     : 1 held  |  0 pending
  DAILY P&L    : $      -62.44
  TOTAL P&L    : $     +236.56  (+2.21%)
  TRADES TODAY : 1
--------------------------------------------------------------
