2026-05-19 20:10:42,552 INFO === Run: today=2026-05-19  signal_date=2026-05-18 ===
2026-05-19 20:10:42,553 INFO Fetching historical price data...
2026-05-19 20:10:52,570 INFO Using signal bar: 2026-05-18
2026-05-19 20:10:52,570 INFO Fetching today's opens for 35 tickers...
2026-05-19 20:10:55,390 INFO Got opens for 35 tickers.
2026-05-19 20:10:55,391 INFO --- Processing 0 pending entries ---
2026-05-19 20:10:55,391 INFO --- Checking exits for 2 open positions ---
2026-05-19 20:10:55,391 INFO STOP    TTGT: low=4.61 <= stop=4.84
2026-05-19 20:10:55,391 INFO HOLD    REI: close=1.34  entry=1.37  peak=1.38  stop=1.29  tp=1.58
2026-05-19 20:10:55,391 INFO CLOSED  TTGT   [stop_loss]: 194.0292 sh @ $4.84  P&L=$-60.71 (-6.07%)  entry=$5.15
2026-05-19 20:10:55,391 INFO --- Generating signals for 2026-05-18 ---
2026-05-19 20:10:57,799 INFO --- Signal evaluation: 35 candidates ---
2026-05-19 20:10:57,800 INFO EVAL-PASS CCRN: rank=1.000  vol_ratio=2.07  pct_from_5ma=-0.002
2026-05-19 20:10:57,800 INFO EVAL-FAIL FATE: rank=0.971  reason=[vol_ratio=0.66<1.2]
2026-05-19 20:10:57,800 INFO EVAL-PASS TBI: rank=0.943  vol_ratio=1.99  pct_from_5ma=-0.002
2026-05-19 20:10:57,800 INFO EVAL-FAIL SM: rank=0.914  reason=[above_5ma=+0.039 | vol_ratio=1.19<1.2]
2026-05-19 20:10:57,800 INFO EVAL-FAIL EGHT: rank=0.886  reason=[above_5ma=+0.003 | vol_ratio=0.87<1.2]
2026-05-19 20:10:57,800 INFO EVAL-FAIL WHD: rank=0.857  reason=[above_5ma=+0.046 | vol_ratio=1.01<1.2]
2026-05-19 20:10:57,800 INFO EVAL-FAIL HLIO: rank=0.829  reason=[above_5ma=+0.002 | vol_ratio=1.03<1.2]
2026-05-19 20:10:57,800 INFO EVAL-FAIL VET: rank=0.800  reason=[above_5ma=+0.024 | vol_ratio=0.80<1.2]
2026-05-19 20:10:57,800 INFO EVAL-FAIL POWI: rank=0.771  reason=[vol_ratio=0.92<1.2]
2026-05-19 20:10:57,801 INFO EVAL-FAIL DRVN: rank=0.743  reason=[above_5ma=+0.090]
2026-05-19 20:10:57,801 INFO EVAL-FAIL CATO: rank=0.714  reason=[above_5ma=+0.010]
2026-05-19 20:10:57,801 INFO EVAL-FAIL NVAX: rank=0.686  reason=[momentum_rank=0.686<0.7 | vol_ratio=0.89<1.2]
2026-05-19 20:10:57,801 INFO EVAL-FAIL KELYA: rank=0.657  reason=[momentum_rank=0.657<0.7 | above_5ma=+0.001]
2026-05-19 20:10:57,801 INFO EVAL-FAIL REI: rank=0.629  reason=[momentum_rank=0.629<0.7 | vol_ratio=0.70<1.2]
2026-05-19 20:10:57,801 INFO EVAL-FAIL DIN: rank=0.600  reason=[momentum_rank=0.600<0.7 | above_5ma=+0.001]
2026-05-19 20:10:57,801 INFO EVAL-FAIL AMPY: rank=0.571  reason=[momentum_rank=0.571<0.7 | above_5ma=+0.012 | vol_ratio=0.73<1.2]
2026-05-19 20:10:57,801 INFO EVAL-FAIL GPOR: rank=0.543  reason=[momentum_rank=0.543<0.7 | above_5ma=+0.016 | vol_ratio=0.67<1.2]
2026-05-19 20:10:57,801 INFO EVAL-FAIL RMNI: rank=0.514  reason=[momentum_rank=0.514<0.7 | above_5ma=+0.014 | vol_ratio=0.45<1.2]
2026-05-19 20:10:57,801 INFO EVAL-FAIL DOMO: rank=0.486  reason=[momentum_rank=0.486<0.7 | above_5ma=+0.035 | vol_ratio=1.03<1.2]
2026-05-19 20:10:57,802 INFO EVAL-FAIL TTGT: rank=0.457  reason=[momentum_rank=0.457<0.7 | vol_ratio=0.68<1.2]
2026-05-19 20:10:57,802 INFO EVAL-FAIL GSHD: rank=0.429  reason=[momentum_rank=0.429<0.7 | above_5ma=+0.093]
2026-05-19 20:10:57,802 INFO EVAL-FAIL SJT: rank=0.400  reason=[momentum_rank=0.400<0.7 | above_5ma=+0.005]
2026-05-19 20:10:57,802 INFO EVAL-FAIL ACAD: rank=0.371  reason=[momentum_rank=0.371<0.7 | vol_ratio=0.98<1.2]
2026-05-19 20:10:57,802 INFO EVAL-FAIL PRAX: rank=0.343  reason=[momentum_rank=0.343<0.7 | vol_ratio=0.82<1.2]
2026-05-19 20:10:57,802 INFO EVAL-FAIL YEXT: rank=0.314  reason=[momentum_rank=0.314<0.7 | above_5ma=+0.009 | vol_ratio=0.67<1.2]
2026-05-19 20:10:57,802 INFO EVAL-FAIL INVA: rank=0.286  reason=[momentum_rank=0.286<0.7]
2026-05-19 20:10:57,802 INFO EVAL-FAIL JACK: rank=0.257  reason=[momentum_rank=0.257<0.7]
2026-05-19 20:10:57,802 INFO EVAL-FAIL NCNO: rank=0.229  reason=[momentum_rank=0.229<0.7]
2026-05-19 20:10:57,802 INFO EVAL-FAIL IRWD: rank=0.200  reason=[momentum_rank=0.200<0.7 | vol_ratio=1.00<1.2]
2026-05-19 20:10:57,802 INFO EVAL-FAIL PLAY: rank=0.171  reason=[momentum_rank=0.171<0.7 | above_5ma=+0.030 | vol_ratio=0.86<1.2]
2026-05-19 20:10:57,803 INFO EVAL-FAIL BMBL: rank=0.143  reason=[momentum_rank=0.143<0.7 | vol_ratio=0.72<1.2]
2026-05-19 20:10:57,803 INFO EVAL-FAIL AGEN: rank=0.114  reason=[momentum_rank=0.114<0.7 | vol_ratio=1.15<1.2]
2026-05-19 20:10:57,803 INFO EVAL-FAIL MYGN: rank=0.086  reason=[momentum_rank=0.086<0.7]
2026-05-19 20:10:57,803 INFO EVAL-FAIL ANGI: rank=0.057  reason=[momentum_rank=0.057<0.7 | above_5ma=+0.033 | vol_ratio=1.00<1.2]
2026-05-19 20:10:57,803 INFO EVAL-FAIL PTLO: rank=0.029  reason=[momentum_rank=0.029<0.7 | vol_ratio=0.89<1.2]
2026-05-19 20:10:57,804 INFO --- 2 signals fired ---
2026-05-19 20:10:57,804 INFO QUEUED  CCRN: rank=1.000  size=$991.37 → fill tomorrow at open
2026-05-19 20:10:57,804 INFO QUEUED  TBI: rank=0.943  size=$991.37 → fill tomorrow at open
2026-05-19 20:10:57,805 INFO 
--------------------------------------------------------------
  DATE         : 2026-05-19
  CASH         : $    8,936.36
  POSITION VAL : $      977.37
  EQUITY       : $    9,913.72
  OPEN POS     : 1 held  |  2 pending
  DAILY P&L    : $      -60.71
  TOTAL P&L    : $      -60.71  (-0.86%)
  TRADES TODAY : 1
--------------------------------------------------------------
