2026-05-27 21:07:32,392 INFO === Run: today=2026-05-27  signal_date=2026-05-26 ===
2026-05-27 21:07:32,392 INFO Fetching historical price data...
2026-05-27 21:07:37,204 INFO Using signal bar: 2026-05-26
2026-05-27 21:07:37,204 INFO Fetching today's opens for 35 tickers...
2026-05-27 21:07:37,940 INFO Got opens for 35 tickers.
2026-05-27 21:07:37,940 INFO --- Processing 0 pending entries ---
2026-05-27 21:07:37,940 INFO --- Checking exits for 3 open positions ---
2026-05-27 21:07:37,940 INFO HOLD    CCRN: close=13.08  entry=13.12  peak=13.14  stop=12.33  tp=15.09
2026-05-27 21:07:37,940 INFO HOLD    DIN: close=30.38  entry=29.58  peak=31.48  stop=27.81  tp=34.02
2026-05-27 21:07:37,940 INFO TRAIL   EGHT: low=2.11 <= trail=2.22 (peak=2.31)
2026-05-27 21:07:37,940 INFO CLOSED  EGHT   [trailing_stop]: 472.0607 sh @ $2.22  P&L=$+39.81 (+3.96%)  entry=$2.13
2026-05-27 21:07:37,940 INFO --- Generating signals for 2026-05-26 ---
2026-05-27 21:07:40,298 INFO --- Signal evaluation: 35 candidates ---
2026-05-27 21:07:40,298 INFO EVAL-FAIL FATE: rank=1.000  reason=[above_5ma=+0.051]
2026-05-27 21:07:40,298 INFO EVAL-FAIL NVAX: rank=0.971  reason=[above_5ma=+0.117]
2026-05-27 21:07:40,299 INFO EVAL-FAIL CCRN: rank=0.943  reason=[above_5ma=+0.000 | vol_ratio=0.28<1.2]
2026-05-27 21:07:40,299 INFO EVAL-FAIL TBI: rank=0.914  reason=[above_5ma=+0.054 | vol_ratio=0.69<1.2]
2026-05-27 21:07:40,299 INFO EVAL-FAIL POWI: rank=0.886  reason=[above_5ma=+0.159]
2026-05-27 21:07:40,299 INFO EVAL-FAIL HLIO: rank=0.857  reason=[above_5ma=+0.037 | vol_ratio=0.99<1.2]
2026-05-27 21:07:40,299 INFO EVAL-FAIL EGHT: rank=0.829  reason=[vol_ratio=0.78<1.2]
2026-05-27 21:07:40,299 INFO EVAL-FAIL KELYA: rank=0.800  reason=[above_5ma=+0.037 | vol_ratio=0.71<1.2]
2026-05-27 21:07:40,299 INFO EVAL-FAIL DIN: rank=0.771  reason=[above_5ma=+0.009 | vol_ratio=0.97<1.2]
2026-05-27 21:07:40,299 INFO EVAL-FAIL WHD: rank=0.743  reason=[above_5ma=+0.012 | vol_ratio=0.82<1.2]
2026-05-27 21:07:40,299 INFO EVAL-FAIL SM: rank=0.714  reason=[vol_ratio=1.01<1.2]
2026-05-27 21:07:40,299 INFO EVAL-FAIL CATO: rank=0.686  reason=[momentum_rank=0.686<0.7 | vol_ratio=0.63<1.2]
2026-05-27 21:07:40,299 INFO EVAL-FAIL DRVN: rank=0.657  reason=[momentum_rank=0.657<0.7 | above_5ma=+0.020 | vol_ratio=0.49<1.2]
2026-05-27 21:07:40,300 INFO EVAL-FAIL PRAX: rank=0.629  reason=[momentum_rank=0.629<0.7 | above_5ma=+0.031 | vol_ratio=0.97<1.2]
2026-05-27 21:07:40,300 INFO EVAL-FAIL DOMO: rank=0.600  reason=[momentum_rank=0.600<0.7 | above_5ma=+0.030 | vol_ratio=1.08<1.2]
2026-05-27 21:07:40,300 INFO EVAL-FAIL RMNI: rank=0.571  reason=[momentum_rank=0.571<0.7 | vol_ratio=0.83<1.2]
2026-05-27 21:07:40,300 INFO EVAL-FAIL YEXT: rank=0.543  reason=[momentum_rank=0.543<0.7 | above_5ma=+0.041 | vol_ratio=0.91<1.2]
2026-05-27 21:07:40,300 INFO EVAL-FAIL SJT: rank=0.514  reason=[momentum_rank=0.514<0.7 | vol_ratio=0.76<1.2]
2026-05-27 21:07:40,300 INFO EVAL-FAIL PLAY: rank=0.486  reason=[momentum_rank=0.486<0.7 | above_5ma=+0.075]
2026-05-27 21:07:40,300 INFO EVAL-FAIL INVA: rank=0.457  reason=[momentum_rank=0.457<0.7 | above_5ma=+0.019]
2026-05-27 21:07:40,300 INFO EVAL-FAIL IRWD: rank=0.429  reason=[momentum_rank=0.429<0.7 | above_5ma=+0.013 | vol_ratio=1.02<1.2]
2026-05-27 21:07:40,300 INFO EVAL-FAIL ACAD: rank=0.400  reason=[momentum_rank=0.400<0.7 | above_5ma=+0.011 | vol_ratio=0.54<1.2]
2026-05-27 21:07:40,300 INFO EVAL-FAIL VET: rank=0.371  reason=[momentum_rank=0.371<0.7 | vol_ratio=0.90<1.2]
2026-05-27 21:07:40,301 INFO EVAL-FAIL GPOR: rank=0.343  reason=[momentum_rank=0.343<0.7 | vol_ratio=1.05<1.2]
2026-05-27 21:07:40,301 INFO EVAL-FAIL NCNO: rank=0.314  reason=[momentum_rank=0.314<0.7]
2026-05-27 21:07:40,301 INFO EVAL-FAIL REI: rank=0.286  reason=[momentum_rank=0.286<0.7 | vol_ratio=0.67<1.2]
2026-05-27 21:07:40,301 INFO EVAL-FAIL TTGT: rank=0.257  reason=[momentum_rank=0.257<0.7 | vol_ratio=0.41<1.2]
2026-05-27 21:07:40,301 INFO EVAL-FAIL GSHD: rank=0.229  reason=[momentum_rank=0.229<0.7]
2026-05-27 21:07:40,301 INFO EVAL-FAIL JACK: rank=0.200  reason=[momentum_rank=0.200<0.7 | vol_ratio=0.97<1.2]
2026-05-27 21:07:40,301 INFO EVAL-FAIL AGEN: rank=0.171  reason=[momentum_rank=0.171<0.7 | above_5ma=+0.049 | vol_ratio=0.89<1.2]
2026-05-27 21:07:40,301 INFO EVAL-FAIL MYGN: rank=0.143  reason=[momentum_rank=0.143<0.7 | above_5ma=+0.016 | vol_ratio=0.55<1.2]
2026-05-27 21:07:40,301 INFO EVAL-FAIL AMPY: rank=0.114  reason=[momentum_rank=0.114<0.7]
2026-05-27 21:07:40,301 INFO EVAL-FAIL BMBL: rank=0.086  reason=[momentum_rank=0.086<0.7 | above_5ma=+0.012 | vol_ratio=0.71<1.2]
2026-05-27 21:07:40,302 INFO EVAL-FAIL ANGI: rank=0.057  reason=[momentum_rank=0.057<0.7 | above_5ma=+0.037 | vol_ratio=0.62<1.2]
2026-05-27 21:07:40,302 INFO EVAL-FAIL PTLO: rank=0.029  reason=[momentum_rank=0.029<0.7 | vol_ratio=0.62<1.2]
2026-05-27 21:07:40,302 INFO --- 0 signals fired ---
2026-05-27 21:07:40,303 INFO 
--------------------------------------------------------------
  DATE         : 2026-05-27
  CASH         : $    8,080.05
  POSITION VAL : $    2,024.46
  EQUITY       : $   10,104.51
  OPEN POS     : 2 held  |  0 pending
  DAILY P&L    : $      +39.81
  TOTAL P&L    : $      +86.66  (+1.05%)
  TRADES TODAY : 1
--------------------------------------------------------------
