2026-07-14 15:09:29,782 INFO === Run: today=2026-07-14  signal_date=2026-07-13 ===
2026-07-14 15:09:29,782 INFO Fetching historical price data...
2026-07-14 15:09:35,213 INFO Using signal bar: 2026-07-13
2026-07-14 15:09:35,213 INFO Fetching today's opens for 34 tickers...
2026-07-14 15:09:35,975 INFO Got opens for 34 tickers.
2026-07-14 15:09:35,975 INFO --- Processing 0 pending entries ---
2026-07-14 15:09:35,975 INFO --- Checking exits for 2 open positions ---
2026-07-14 15:09:35,976 INFO HOLD    CCRN: close=13.22  entry=13.12  peak=13.23  stop=12.33  tp=15.09
2026-07-14 15:09:35,976 INFO HOLD    GSHD: close=54.87  entry=53.58  peak=55.50  stop=50.37  tp=61.62
2026-07-14 15:09:35,976 INFO --- Generating signals for 2026-07-13 ---
2026-07-14 15:09:37,629 INFO --- Signal evaluation: 34 candidates ---
2026-07-14 15:09:37,629 INFO EVAL-FAIL FATE: rank=1.000  reason=[vol_ratio=1.18<1.2]
2026-07-14 15:09:37,629 INFO EVAL-FAIL GSHD: rank=0.971  reason=[above_5ma=+0.002 | vol_ratio=0.67<1.2]
2026-07-14 15:09:37,630 INFO EVAL-FAIL YEXT: rank=0.941  reason=[above_5ma=+0.025 | vol_ratio=0.74<1.2]
2026-07-14 15:09:37,630 INFO EVAL-FAIL EGHT: rank=0.912  reason=[above_5ma=+0.074 | vol_ratio=0.94<1.2]
2026-07-14 15:09:37,630 INFO EVAL-FAIL PRAX: rank=0.882  reason=[vol_ratio=0.39<1.2]
2026-07-14 15:09:37,630 INFO EVAL-FAIL MYGN: rank=0.853  reason=[vol_ratio=0.52<1.2]
2026-07-14 15:09:37,630 INFO EVAL-FAIL TBI: rank=0.824  reason=[above_5ma=+0.050 | vol_ratio=1.13<1.2]
2026-07-14 15:09:37,630 INFO EVAL-FAIL JACK: rank=0.794  reason=[above_5ma=+0.004 | vol_ratio=0.45<1.2]
2026-07-14 15:09:37,630 INFO EVAL-FAIL ACAD: rank=0.765  reason=[vol_ratio=0.83<1.2]
2026-07-14 15:09:37,630 INFO EVAL-FAIL KELYA: rank=0.735  reason=[above_5ma=+0.050 | vol_ratio=0.70<1.2]
2026-07-14 15:09:37,630 INFO EVAL-FAIL NCNO: rank=0.706  reason=[above_5ma=+0.003 | vol_ratio=0.60<1.2]
2026-07-14 15:09:37,630 INFO EVAL-FAIL IRWD: rank=0.676  reason=[momentum_rank=0.676<0.7 | vol_ratio=0.80<1.2]
2026-07-14 15:09:37,630 INFO EVAL-FAIL DOMO: rank=0.647  reason=[momentum_rank=0.647<0.7 | vol_ratio=0.39<1.2]
2026-07-14 15:09:37,630 INFO EVAL-FAIL RMNI: rank=0.618  reason=[momentum_rank=0.618<0.7 | above_5ma=+0.007 | vol_ratio=0.62<1.2]
2026-07-14 15:09:37,630 INFO EVAL-FAIL BMBL: rank=0.588  reason=[momentum_rank=0.588<0.7 | above_5ma=+0.014 | vol_ratio=0.40<1.2]
2026-07-14 15:09:37,631 INFO EVAL-FAIL ANGI: rank=0.559  reason=[momentum_rank=0.559<0.7 | vol_ratio=0.91<1.2]
2026-07-14 15:09:37,631 INFO EVAL-FAIL DRVN: rank=0.529  reason=[momentum_rank=0.529<0.7 | above_5ma=+0.007 | vol_ratio=0.55<1.2]
2026-07-14 15:09:37,631 INFO EVAL-FAIL PTLO: rank=0.500  reason=[momentum_rank=0.500<0.7 | above_5ma=+0.018 | vol_ratio=0.91<1.2]
2026-07-14 15:09:37,631 INFO EVAL-FAIL DIN: rank=0.471  reason=[momentum_rank=0.471<0.7 | above_5ma=+0.020 | vol_ratio=0.69<1.2]
2026-07-14 15:09:37,631 INFO EVAL-FAIL TTGT: rank=0.441  reason=[momentum_rank=0.441<0.7 | vol_ratio=0.50<1.2]
2026-07-14 15:09:37,631 INFO EVAL-FAIL CATO: rank=0.412  reason=[momentum_rank=0.412<0.7]
2026-07-14 15:09:37,631 INFO EVAL-FAIL CCRN: rank=0.382  reason=[momentum_rank=0.382<0.7 | above_5ma=+0.001 | vol_ratio=0.63<1.2]
2026-07-14 15:09:37,631 INFO EVAL-FAIL INVA: rank=0.353  reason=[momentum_rank=0.353<0.7 | vol_ratio=0.63<1.2]
2026-07-14 15:09:37,631 INFO EVAL-FAIL NVAX: rank=0.324  reason=[momentum_rank=0.324<0.7 | vol_ratio=0.87<1.2]
2026-07-14 15:09:37,631 INFO EVAL-FAIL SM: rank=0.294  reason=[momentum_rank=0.294<0.7 | above_5ma=+0.045 | vol_ratio=0.97<1.2]
2026-07-14 15:09:37,631 INFO EVAL-FAIL HLIO: rank=0.265  reason=[momentum_rank=0.265<0.7 | vol_ratio=0.69<1.2]
2026-07-14 15:09:37,631 INFO EVAL-FAIL GPOR: rank=0.235  reason=[momentum_rank=0.235<0.7 | vol_ratio=1.19<1.2]
2026-07-14 15:09:37,631 INFO EVAL-FAIL AMPY: rank=0.206  reason=[momentum_rank=0.206<0.7 | above_5ma=+0.024 | vol_ratio=0.63<1.2]
2026-07-14 15:09:37,631 INFO EVAL-FAIL REI: rank=0.176  reason=[momentum_rank=0.176<0.7 | above_5ma=+0.032 | vol_ratio=0.98<1.2]
2026-07-14 15:09:37,631 INFO EVAL-FAIL WHD: rank=0.147  reason=[momentum_rank=0.147<0.7 | above_5ma=+0.002 | vol_ratio=1.01<1.2]
2026-07-14 15:09:37,631 INFO EVAL-FAIL POWI: rank=0.118  reason=[momentum_rank=0.118<0.7 | above_5ma=+0.004 | vol_ratio=0.59<1.2]
2026-07-14 15:09:37,632 INFO EVAL-FAIL VET: rank=0.088  reason=[momentum_rank=0.088<0.7 | above_5ma=+0.034 | vol_ratio=0.75<1.2]
2026-07-14 15:09:37,632 INFO EVAL-FAIL PLAY: rank=0.059  reason=[momentum_rank=0.059<0.7 | vol_ratio=0.70<1.2]
2026-07-14 15:09:37,632 INFO EVAL-FAIL SJT: rank=0.029  reason=[momentum_rank=0.029<0.7 | vol_ratio=0.76<1.2]
2026-07-14 15:09:37,632 INFO --- 0 signals fired ---
2026-07-14 15:09:37,633 INFO 
--------------------------------------------------------------
  DATE         : 2026-07-14
  CASH         : $    8,191.91
  POSITION VAL : $    2,054.44
  EQUITY       : $   10,246.35
  OPEN POS     : 2 held  |  0 pending
  DAILY P&L    : $       +0.00
  TOTAL P&L    : $     +236.56  (+2.46%)
  TRADES TODAY : 0
--------------------------------------------------------------
