2026-06-02 22:26:51,018 INFO === Run: today=2026-06-02  signal_date=2026-06-01 ===
2026-06-02 22:26:51,019 INFO Fetching historical price data...
2026-06-02 22:26:55,620 INFO Using signal bar: 2026-06-01
2026-06-02 22:26:55,620 INFO Fetching today's opens for 35 tickers...
2026-06-02 22:26:56,467 INFO Got opens for 35 tickers.
2026-06-02 22:26:56,468 INFO --- Processing 0 pending entries ---
2026-06-02 22:26:56,468 INFO --- Checking exits for 2 open positions ---
2026-06-02 22:26:56,468 INFO HOLD    CCRN: close=13.09  entry=13.12  peak=13.14  stop=12.33  tp=15.09
2026-06-02 22:26:56,469 INFO TRAIL   DIN: low=30.50 <= trail=30.78 (peak=32.06)
2026-06-02 22:26:56,469 INFO CLOSED  DIN    [trailing_stop]: 33.8215 sh @ $30.75  P&L=$+39.65 (+3.96%)  entry=$29.58
2026-06-02 22:26:56,469 INFO --- Generating signals for 2026-06-01 ---
2026-06-02 22:26:58,207 INFO --- Signal evaluation: 35 candidates ---
2026-06-02 22:26:58,207 INFO EVAL-FAIL FATE: rank=1.000  reason=[above_5ma=+0.076]
2026-06-02 22:26:58,207 INFO EVAL-FAIL NVAX: rank=0.971  reason=[vol_ratio=0.70<1.2]
2026-06-02 22:26:58,207 INFO EVAL-FAIL CCRN: rank=0.943  reason=[above_5ma=+0.001 | vol_ratio=0.49<1.2]
2026-06-02 22:26:58,207 INFO EVAL-FAIL KELYA: rank=0.914  reason=[above_5ma=+0.047 | vol_ratio=0.91<1.2]
2026-06-02 22:26:58,207 INFO EVAL-FAIL HLIO: rank=0.886  reason=[above_5ma=+0.003 | vol_ratio=0.60<1.2]
2026-06-02 22:26:58,208 INFO EVAL-FAIL DOMO: rank=0.857  reason=[above_5ma=+0.130]
2026-06-02 22:26:58,208 INFO EVAL-FAIL DIN: rank=0.829  reason=[above_5ma=+0.010 | vol_ratio=0.48<1.2]
2026-06-02 22:26:58,208 INFO EVAL-FAIL TBI: rank=0.800  reason=[above_5ma=+0.097 | vol_ratio=0.97<1.2]
2026-06-02 22:26:58,208 INFO EVAL-FAIL POWI: rank=0.771  reason=[vol_ratio=0.65<1.2]
2026-06-02 22:26:58,208 INFO EVAL-FAIL YEXT: rank=0.743  reason=[above_5ma=+0.118]
2026-06-02 22:26:58,208 INFO EVAL-FAIL PLAY: rank=0.714  reason=[vol_ratio=0.97<1.2]
2026-06-02 22:26:58,208 INFO EVAL-FAIL CATO: rank=0.686  reason=[momentum_rank=0.686<0.7 | vol_ratio=0.78<1.2]
2026-06-02 22:26:58,208 INFO EVAL-FAIL JACK: rank=0.657  reason=[momentum_rank=0.657<0.7 | above_5ma=+0.120]
2026-06-02 22:26:58,208 INFO EVAL-FAIL SM: rank=0.629  reason=[momentum_rank=0.629<0.7 | above_5ma=+0.041 | vol_ratio=0.79<1.2]
2026-06-02 22:26:58,208 INFO EVAL-FAIL WHD: rank=0.600  reason=[momentum_rank=0.600<0.7 | vol_ratio=0.74<1.2]
2026-06-02 22:26:58,208 INFO EVAL-FAIL RMNI: rank=0.571  reason=[momentum_rank=0.571<0.7 | above_5ma=+0.109]
2026-06-02 22:26:58,208 INFO EVAL-FAIL PRAX: rank=0.543  reason=[momentum_rank=0.543<0.7 | vol_ratio=0.81<1.2]
2026-06-02 22:26:58,208 INFO EVAL-FAIL ACAD: rank=0.514  reason=[momentum_rank=0.514<0.7 | above_5ma=+0.003 | vol_ratio=0.65<1.2]
2026-06-02 22:26:58,208 INFO EVAL-FAIL DRVN: rank=0.486  reason=[momentum_rank=0.486<0.7 | vol_ratio=0.59<1.2]
2026-06-02 22:26:58,208 INFO EVAL-FAIL NCNO: rank=0.457  reason=[momentum_rank=0.457<0.7 | above_5ma=+0.081]
2026-06-02 22:26:58,208 INFO EVAL-FAIL EGHT: rank=0.429  reason=[momentum_rank=0.429<0.7 | above_5ma=+0.068]
2026-06-02 22:26:58,209 INFO EVAL-FAIL INVA: rank=0.400  reason=[momentum_rank=0.400<0.7]
2026-06-02 22:26:58,209 INFO EVAL-FAIL AGEN: rank=0.371  reason=[momentum_rank=0.371<0.7 | above_5ma=+0.017 | vol_ratio=1.08<1.2]
2026-06-02 22:26:58,209 INFO EVAL-FAIL MYGN: rank=0.343  reason=[momentum_rank=0.343<0.7 | above_5ma=+0.057 | vol_ratio=0.97<1.2]
2026-06-02 22:26:58,209 INFO EVAL-FAIL GPOR: rank=0.314  reason=[momentum_rank=0.314<0.7 | vol_ratio=0.65<1.2]
2026-06-02 22:26:58,209 INFO EVAL-FAIL VET: rank=0.286  reason=[momentum_rank=0.286<0.7 | above_5ma=+0.016 | vol_ratio=0.73<1.2]
2026-06-02 22:26:58,209 INFO EVAL-FAIL SJT: rank=0.257  reason=[momentum_rank=0.257<0.7 | vol_ratio=0.98<1.2]
2026-06-02 22:26:58,209 INFO EVAL-FAIL ANGI: rank=0.229  reason=[momentum_rank=0.229<0.7 | above_5ma=+0.135 | vol_ratio=1.17<1.2]
2026-06-02 22:26:58,209 INFO EVAL-FAIL GSHD: rank=0.200  reason=[momentum_rank=0.200<0.7]
2026-06-02 22:26:58,209 INFO EVAL-FAIL TTGT: rank=0.171  reason=[momentum_rank=0.171<0.7 | above_5ma=+0.031 | vol_ratio=0.56<1.2]
2026-06-02 22:26:58,209 INFO EVAL-FAIL IRWD: rank=0.143  reason=[momentum_rank=0.143<0.7 | vol_ratio=0.61<1.2]
2026-06-02 22:26:58,209 INFO EVAL-FAIL BMBL: rank=0.114  reason=[momentum_rank=0.114<0.7 | above_5ma=+0.008 | vol_ratio=1.07<1.2]
2026-06-02 22:26:58,209 INFO EVAL-FAIL AMPY: rank=0.086  reason=[momentum_rank=0.086<0.7 | above_5ma=+0.020 | vol_ratio=1.19<1.2]
2026-06-02 22:26:58,209 INFO EVAL-FAIL REI: rank=0.057  reason=[momentum_rank=0.057<0.7 | above_5ma=+0.008 | vol_ratio=0.81<1.2]
2026-06-02 22:26:58,209 INFO EVAL-FAIL PTLO: rank=0.029  reason=[momentum_rank=0.029<0.7 | above_5ma=+0.001 | vol_ratio=0.47<1.2]
2026-06-02 22:26:58,210 INFO --- 0 signals fired ---
2026-06-02 22:26:58,210 INFO 
--------------------------------------------------------------
  DATE         : 2026-06-02
  CASH         : $    9,119.17
  POSITION VAL : $      997.73
  EQUITY       : $   10,116.90
  OPEN POS     : 1 held  |  0 pending
  DAILY P&L    : $      +39.65
  TOTAL P&L    : $     +126.31  (+1.17%)
  TRADES TODAY : 1
--------------------------------------------------------------
