2026-06-12 16:32:38,077 INFO === Run: today=2026-06-12  signal_date=2026-06-11 ===
2026-06-12 16:32:38,078 INFO Fetching historical price data...
2026-06-12 16:32:44,535 INFO Using signal bar: 2026-06-11
2026-06-12 16:32:44,535 INFO Fetching today's opens for 35 tickers...
2026-06-12 16:32:45,779 INFO Got opens for 35 tickers.
2026-06-12 16:32:45,779 INFO --- Processing 1 pending entries ---
2026-06-12 16:32:45,779 INFO FILLED  RMNI  : 240.5513 sh @ $4.18  cost=$1007.26  slip=$0.75
2026-06-12 16:32:45,779 INFO --- Checking exits for 3 open positions ---
2026-06-12 16:32:45,780 INFO HOLD    CCRN: close=13.19  entry=13.12  peak=13.23  stop=12.33  tp=15.09
2026-06-12 16:32:45,780 INFO HOLD    HLIO: close=83.63  entry=85.04  peak=85.98  stop=79.94  tp=97.80
2026-06-12 16:32:45,780 INFO HOLD    RMNI: just entered today
2026-06-12 16:32:45,780 INFO --- Generating signals for 2026-06-11 ---
2026-06-12 16:32:48,231 INFO --- Signal evaluation: 35 candidates ---
2026-06-12 16:32:48,232 INFO EVAL-FAIL PLAY: rank=1.000  reason=[above_5ma=+0.110]
2026-06-12 16:32:48,232 INFO EVAL-FAIL KELYA: rank=0.971  reason=[above_5ma=+0.018 | vol_ratio=0.64<1.2]
2026-06-12 16:32:48,232 INFO EVAL-FAIL MYGN: rank=0.943  reason=[above_5ma=+0.026 | vol_ratio=0.94<1.2]
2026-06-12 16:32:48,232 INFO EVAL-FAIL DIN: rank=0.914  reason=[above_5ma=+0.088 | vol_ratio=0.89<1.2]
2026-06-12 16:32:48,232 INFO EVAL-FAIL TBI: rank=0.886  reason=[above_5ma=+0.033]
2026-06-12 16:32:48,232 INFO EVAL-FAIL RMNI: rank=0.857  reason=[above_5ma=+0.007 | vol_ratio=0.76<1.2]
2026-06-12 16:32:48,232 INFO EVAL-FAIL ANGI: rank=0.829  reason=[vol_ratio=0.42<1.2]
2026-06-12 16:32:48,233 INFO EVAL-FAIL HLIO: rank=0.800  reason=[above_5ma=+0.014 | vol_ratio=0.63<1.2]
2026-06-12 16:32:48,233 INFO EVAL-FAIL PTLO: rank=0.771  reason=[above_5ma=+0.089 | vol_ratio=1.07<1.2]
2026-06-12 16:32:48,233 INFO EVAL-FAIL CATO: rank=0.743  reason=[vol_ratio=0.13<1.2]
2026-06-12 16:32:48,233 INFO EVAL-FAIL POWI: rank=0.714  reason=[above_5ma=+0.021 | vol_ratio=0.49<1.2]
2026-06-12 16:32:48,233 INFO EVAL-FAIL DRVN: rank=0.686  reason=[momentum_rank=0.686<0.7 | above_5ma=+0.031]
2026-06-12 16:32:48,233 INFO EVAL-FAIL YEXT: rank=0.657  reason=[momentum_rank=0.657<0.7 | vol_ratio=0.90<1.2]
2026-06-12 16:32:48,233 INFO EVAL-FAIL WHD: rank=0.629  reason=[momentum_rank=0.629<0.7 | above_5ma=+0.008 | vol_ratio=0.50<1.2]
2026-06-12 16:32:48,233 INFO EVAL-FAIL GSHD: rank=0.600  reason=[momentum_rank=0.600<0.7 | vol_ratio=0.69<1.2]
2026-06-12 16:32:48,233 INFO EVAL-FAIL SM: rank=0.571  reason=[momentum_rank=0.571<0.7 | vol_ratio=1.01<1.2]
2026-06-12 16:32:48,233 INFO EVAL-FAIL CCRN: rank=0.543  reason=[momentum_rank=0.543<0.7 | above_5ma=+0.001 | vol_ratio=0.47<1.2]
2026-06-12 16:32:48,234 INFO EVAL-FAIL REI: rank=0.514  reason=[momentum_rank=0.514<0.7 | vol_ratio=0.89<1.2]
2026-06-12 16:32:48,234 INFO EVAL-FAIL IRWD: rank=0.486  reason=[momentum_rank=0.486<0.7 | above_5ma=+0.080]
2026-06-12 16:32:48,234 INFO EVAL-FAIL NVAX: rank=0.457  reason=[momentum_rank=0.457<0.7 | above_5ma=+0.018 | vol_ratio=0.69<1.2]
2026-06-12 16:32:48,234 INFO EVAL-FAIL AGEN: rank=0.429  reason=[momentum_rank=0.429<0.7 | above_5ma=+0.063]
2026-06-12 16:32:48,234 INFO EVAL-FAIL JACK: rank=0.400  reason=[momentum_rank=0.400<0.7 | above_5ma=+0.042 | vol_ratio=0.64<1.2]
2026-06-12 16:32:48,234 INFO EVAL-FAIL INVA: rank=0.371  reason=[momentum_rank=0.371<0.7 | vol_ratio=0.81<1.2]
2026-06-12 16:32:48,234 INFO EVAL-FAIL ACAD: rank=0.343  reason=[momentum_rank=0.343<0.7 | vol_ratio=0.72<1.2]
2026-06-12 16:32:48,234 INFO EVAL-FAIL NCNO: rank=0.314  reason=[momentum_rank=0.314<0.7 | vol_ratio=0.68<1.2]
2026-06-12 16:32:48,234 INFO EVAL-FAIL FATE: rank=0.286  reason=[momentum_rank=0.286<0.7 | above_5ma=+0.023 | vol_ratio=0.41<1.2]
2026-06-12 16:32:48,234 INFO EVAL-FAIL GPOR: rank=0.257  reason=[momentum_rank=0.257<0.7 | vol_ratio=1.10<1.2]
2026-06-12 16:32:48,234 INFO EVAL-FAIL VET: rank=0.229  reason=[momentum_rank=0.229<0.7 | vol_ratio=0.89<1.2]
2026-06-12 16:32:48,235 INFO EVAL-FAIL DOMO: rank=0.200  reason=[momentum_rank=0.200<0.7]
2026-06-12 16:32:48,235 INFO EVAL-FAIL AMPY: rank=0.171  reason=[momentum_rank=0.171<0.7 | vol_ratio=0.82<1.2]
2026-06-12 16:32:48,235 INFO EVAL-FAIL SJT: rank=0.143  reason=[momentum_rank=0.143<0.7 | vol_ratio=0.85<1.2]
2026-06-12 16:32:48,235 INFO EVAL-FAIL BMBL: rank=0.114  reason=[momentum_rank=0.114<0.7 | vol_ratio=0.90<1.2]
2026-06-12 16:32:48,235 INFO EVAL-FAIL PRAX: rank=0.086  reason=[momentum_rank=0.086<0.7 | vol_ratio=0.89<1.2]
2026-06-12 16:32:48,235 INFO EVAL-FAIL EGHT: rank=0.057  reason=[momentum_rank=0.057<0.7 | vol_ratio=0.75<1.2]
2026-06-12 16:32:48,235 INFO EVAL-FAIL TTGT: rank=0.029  reason=[momentum_rank=0.029<0.7]
2026-06-12 16:32:48,236 INFO --- 0 signals fired ---
2026-06-12 16:32:48,236 INFO 
--------------------------------------------------------------
  DATE         : 2026-06-12
  CASH         : $    7,098.52
  POSITION VAL : $    3,003.99
  EQUITY       : $   10,102.51
  OPEN POS     : 3 held  |  0 pending
  DAILY P&L    : $       +0.00
  TOTAL P&L    : $     +126.31  (+1.03%)
  TRADES TODAY : 1
--------------------------------------------------------------
