2026-05-18 17:25:31,032 INFO === Run: today=2026-05-18  signal_date=2026-05-15 ===
2026-05-18 17:25:31,032 INFO Fetching historical price data...
2026-05-18 17:25:42,099 ERROR No price data — aborting.
2026-05-18 17:28:53,779 INFO === Run: today=2026-05-18  signal_date=2026-05-15 ===
2026-05-18 17:28:53,779 INFO Fetching historical price data...
2026-05-18 17:28:58,887 INFO Using signal bar: 2026-05-15
2026-05-18 17:28:58,888 INFO Fetching today's opens for 35 tickers...
2026-05-18 17:29:00,507 INFO Got opens for 35 tickers.
2026-05-18 17:29:00,507 INFO --- Processing 0 pending entries ---
2026-05-18 17:29:00,507 INFO --- Checking exits for 0 open positions ---
2026-05-18 17:29:00,507 INFO --- Generating signals for 2026-05-15 ---
2026-05-18 17:29:02,877 INFO --- Signal evaluation: 35 candidates ---
2026-05-18 17:29:02,877 INFO EVAL-FAIL TBI: rank=1.000  reason=[above_5ma=+0.018 | vol_ratio=0.66<1.2]
2026-05-18 17:29:02,877 INFO EVAL-FAIL CCRN: rank=0.971  reason=[above_5ma=+0.001 | vol_ratio=0.70<1.2]
2026-05-18 17:29:02,878 INFO EVAL-FAIL FATE: rank=0.943  reason=[vol_ratio=0.65<1.2]
2026-05-18 17:29:02,878 INFO EVAL-FAIL SM: rank=0.914  reason=[above_5ma=+0.037 | vol_ratio=0.93<1.2]
2026-05-18 17:29:02,878 INFO EVAL-FAIL POWI: rank=0.886  reason=[above_5ma=+0.013 | vol_ratio=1.01<1.2]
2026-05-18 17:29:02,878 INFO EVAL-FAIL EGHT: rank=0.857  reason=[vol_ratio=0.91<1.2]
2026-05-18 17:29:02,878 INFO EVAL-PASS TTGT: rank=0.829  vol_ratio=1.23  pct_from_5ma=-0.019
2026-05-18 17:29:02,878 INFO EVAL-FAIL HLIO: rank=0.800  reason=[above_5ma=+0.025]
2026-05-18 17:29:02,878 INFO EVAL-FAIL VET: rank=0.771  reason=[above_5ma=+0.022 | vol_ratio=0.70<1.2]
2026-05-18 17:29:02,878 INFO EVAL-PASS REI: rank=0.743  vol_ratio=1.23  pct_from_5ma=-0.079
2026-05-18 17:29:02,878 INFO EVAL-FAIL WHD: rank=0.714  reason=[above_5ma=+0.001]
2026-05-18 17:29:02,879 INFO EVAL-FAIL CATO: rank=0.686  reason=[momentum_rank=0.686<0.7 | above_5ma=+0.012]
2026-05-18 17:29:02,879 INFO EVAL-FAIL NVAX: rank=0.657  reason=[momentum_rank=0.657<0.7 | vol_ratio=0.76<1.2]
2026-05-18 17:29:02,879 INFO EVAL-FAIL KELYA: rank=0.629  reason=[momentum_rank=0.629<0.7]
2026-05-18 17:29:02,879 INFO EVAL-FAIL DIN: rank=0.600  reason=[momentum_rank=0.600<0.7 | above_5ma=+0.005 | vol_ratio=0.84<1.2]
2026-05-18 17:29:02,879 INFO EVAL-FAIL PRAX: rank=0.571  reason=[momentum_rank=0.571<0.7 | above_5ma=+0.002 | vol_ratio=0.81<1.2]
2026-05-18 17:29:02,879 INFO EVAL-FAIL AMPY: rank=0.543  reason=[momentum_rank=0.543<0.7 | vol_ratio=0.75<1.2]
2026-05-18 17:29:02,879 INFO EVAL-FAIL DRVN: rank=0.514  reason=[momentum_rank=0.514<0.7 | above_5ma=+0.011 | vol_ratio=0.66<1.2]
2026-05-18 17:29:02,879 INFO EVAL-FAIL ACAD: rank=0.486  reason=[momentum_rank=0.486<0.7 | vol_ratio=0.80<1.2]
2026-05-18 17:29:02,879 INFO EVAL-FAIL GPOR: rank=0.457  reason=[momentum_rank=0.457<0.7 | above_5ma=+0.011 | vol_ratio=0.55<1.2]
2026-05-18 17:29:02,879 INFO EVAL-FAIL YEXT: rank=0.429  reason=[momentum_rank=0.429<0.7 | vol_ratio=0.75<1.2]
2026-05-18 17:29:02,880 INFO EVAL-FAIL RMNI: rank=0.400  reason=[momentum_rank=0.400<0.7 | vol_ratio=0.89<1.2]
2026-05-18 17:29:02,880 INFO EVAL-FAIL DOMO: rank=0.371  reason=[momentum_rank=0.371<0.7 | vol_ratio=0.61<1.2]
2026-05-18 17:29:02,880 INFO EVAL-FAIL INVA: rank=0.343  reason=[momentum_rank=0.343<0.7]
2026-05-18 17:29:02,880 INFO EVAL-FAIL SJT: rank=0.314  reason=[momentum_rank=0.314<0.7]
2026-05-18 17:29:02,880 INFO EVAL-FAIL GSHD: rank=0.286  reason=[momentum_rank=0.286<0.7 | vol_ratio=0.79<1.2]
2026-05-18 17:29:02,880 INFO EVAL-FAIL JACK: rank=0.257  reason=[momentum_rank=0.257<0.7 | vol_ratio=1.11<1.2]
2026-05-18 17:29:02,880 INFO EVAL-FAIL NCNO: rank=0.229  reason=[momentum_rank=0.229<0.7]
2026-05-18 17:29:02,880 INFO EVAL-FAIL IRWD: rank=0.200  reason=[momentum_rank=0.200<0.7 | vol_ratio=0.91<1.2]
2026-05-18 17:29:02,880 INFO EVAL-FAIL AGEN: rank=0.171  reason=[momentum_rank=0.171<0.7 | above_5ma=+0.033 | vol_ratio=0.55<1.2]
2026-05-18 17:29:02,880 INFO EVAL-FAIL BMBL: rank=0.143  reason=[momentum_rank=0.143<0.7 | vol_ratio=0.52<1.2]
2026-05-18 17:29:02,881 INFO EVAL-FAIL PLAY: rank=0.114  reason=[momentum_rank=0.114<0.7 | above_5ma=+0.005 | vol_ratio=0.67<1.2]
2026-05-18 17:29:02,881 INFO EVAL-FAIL MYGN: rank=0.086  reason=[momentum_rank=0.086<0.7 | vol_ratio=1.01<1.2]
2026-05-18 17:29:02,881 INFO EVAL-FAIL PTLO: rank=0.057  reason=[momentum_rank=0.057<0.7 | vol_ratio=0.94<1.2]
2026-05-18 17:29:02,881 INFO EVAL-FAIL ANGI: rank=0.029  reason=[momentum_rank=0.029<0.7 | vol_ratio=0.96<1.2]
2026-05-18 17:29:02,881 INFO --- 2 signals fired ---
2026-05-18 17:29:02,882 INFO QUEUED  TTGT: rank=0.829  size=$1000.00 → fill tomorrow at open
2026-05-18 17:29:02,882 INFO QUEUED  REI: rank=0.743  size=$1000.00 → fill tomorrow at open
2026-05-18 17:29:02,882 INFO 
--------------------------------------------------------------
  DATE         : 2026-05-18
  CASH         : $   10,000.00
  POSITION VAL : $        0.00
  EQUITY       : $   10,000.00
  OPEN POS     : 0 held  |  2 pending
  DAILY P&L    : $       +0.00
  TOTAL P&L    : $       +0.00  (+0.00%)
  TRADES TODAY : 0
--------------------------------------------------------------
2026-05-18 19:16:58,607 INFO === Run: today=2026-05-18  signal_date=2026-05-15 ===
2026-05-18 19:16:58,607 INFO Fetching historical price data...
2026-05-18 19:17:04,611 INFO Using signal bar: 2026-05-15
2026-05-18 19:17:04,611 INFO Fetching today's opens for 35 tickers...
2026-05-18 19:17:06,140 INFO Got opens for 35 tickers.
2026-05-18 19:17:06,140 INFO --- Processing 2 pending entries ---
2026-05-18 19:17:06,140 INFO FILLED  TTGT  : 194.0292 sh @ $5.15  cost=$1001.00  slip=$0.75
2026-05-18 19:17:06,140 INFO FILLED  REI   : 729.3800 sh @ $1.37  cost=$1001.00  slip=$0.75
2026-05-18 19:17:06,140 INFO --- Checking exits for 2 open positions ---
2026-05-18 19:17:06,140 INFO HOLD    TTGT: just entered today
2026-05-18 19:17:06,140 INFO HOLD    REI: just entered today
2026-05-18 19:17:06,140 INFO --- Generating signals for 2026-05-15 ---
2026-05-18 19:17:08,533 INFO --- Signal evaluation: 35 candidates ---
2026-05-18 19:17:08,533 INFO EVAL-FAIL TBI: rank=1.000  reason=[above_5ma=+0.018 | vol_ratio=0.66<1.2]
2026-05-18 19:17:08,533 INFO EVAL-FAIL CCRN: rank=0.971  reason=[above_5ma=+0.001 | vol_ratio=0.70<1.2]
2026-05-18 19:17:08,533 INFO EVAL-FAIL FATE: rank=0.943  reason=[vol_ratio=0.65<1.2]
2026-05-18 19:17:08,534 INFO EVAL-FAIL SM: rank=0.914  reason=[above_5ma=+0.037 | vol_ratio=0.93<1.2]
2026-05-18 19:17:08,534 INFO EVAL-FAIL POWI: rank=0.886  reason=[above_5ma=+0.013 | vol_ratio=1.01<1.2]
2026-05-18 19:17:08,534 INFO EVAL-FAIL EGHT: rank=0.857  reason=[vol_ratio=0.91<1.2]
2026-05-18 19:17:08,534 INFO EVAL-PASS TTGT: rank=0.829  vol_ratio=1.23  pct_from_5ma=-0.019
2026-05-18 19:17:08,534 INFO EVAL-FAIL HLIO: rank=0.800  reason=[above_5ma=+0.025]
2026-05-18 19:17:08,534 INFO EVAL-FAIL VET: rank=0.771  reason=[above_5ma=+0.022 | vol_ratio=0.70<1.2]
2026-05-18 19:17:08,534 INFO EVAL-PASS REI: rank=0.743  vol_ratio=1.23  pct_from_5ma=-0.079
2026-05-18 19:17:08,534 INFO EVAL-FAIL WHD: rank=0.714  reason=[above_5ma=+0.001]
2026-05-18 19:17:08,534 INFO EVAL-FAIL CATO: rank=0.686  reason=[momentum_rank=0.686<0.7 | above_5ma=+0.012]
2026-05-18 19:17:08,534 INFO EVAL-FAIL NVAX: rank=0.657  reason=[momentum_rank=0.657<0.7 | vol_ratio=0.76<1.2]
2026-05-18 19:17:08,535 INFO EVAL-FAIL KELYA: rank=0.629  reason=[momentum_rank=0.629<0.7]
2026-05-18 19:17:08,535 INFO EVAL-FAIL DIN: rank=0.600  reason=[momentum_rank=0.600<0.7 | above_5ma=+0.005 | vol_ratio=0.84<1.2]
2026-05-18 19:17:08,535 INFO EVAL-FAIL PRAX: rank=0.571  reason=[momentum_rank=0.571<0.7 | above_5ma=+0.002 | vol_ratio=0.81<1.2]
2026-05-18 19:17:08,535 INFO EVAL-FAIL AMPY: rank=0.543  reason=[momentum_rank=0.543<0.7 | vol_ratio=0.75<1.2]
2026-05-18 19:17:08,535 INFO EVAL-FAIL DRVN: rank=0.514  reason=[momentum_rank=0.514<0.7 | above_5ma=+0.011 | vol_ratio=0.66<1.2]
2026-05-18 19:17:08,535 INFO EVAL-FAIL ACAD: rank=0.486  reason=[momentum_rank=0.486<0.7 | vol_ratio=0.80<1.2]
2026-05-18 19:17:08,535 INFO EVAL-FAIL GPOR: rank=0.457  reason=[momentum_rank=0.457<0.7 | above_5ma=+0.011 | vol_ratio=0.55<1.2]
2026-05-18 19:17:08,535 INFO EVAL-FAIL YEXT: rank=0.429  reason=[momentum_rank=0.429<0.7 | vol_ratio=0.75<1.2]
2026-05-18 19:17:08,535 INFO EVAL-FAIL RMNI: rank=0.400  reason=[momentum_rank=0.400<0.7 | vol_ratio=0.89<1.2]
2026-05-18 19:17:08,535 INFO EVAL-FAIL DOMO: rank=0.371  reason=[momentum_rank=0.371<0.7 | vol_ratio=0.61<1.2]
2026-05-18 19:17:08,536 INFO EVAL-FAIL INVA: rank=0.343  reason=[momentum_rank=0.343<0.7]
2026-05-18 19:17:08,536 INFO EVAL-FAIL SJT: rank=0.314  reason=[momentum_rank=0.314<0.7]
2026-05-18 19:17:08,536 INFO EVAL-FAIL GSHD: rank=0.286  reason=[momentum_rank=0.286<0.7 | vol_ratio=0.79<1.2]
2026-05-18 19:17:08,536 INFO EVAL-FAIL JACK: rank=0.257  reason=[momentum_rank=0.257<0.7 | vol_ratio=1.11<1.2]
2026-05-18 19:17:08,536 INFO EVAL-FAIL NCNO: rank=0.229  reason=[momentum_rank=0.229<0.7]
2026-05-18 19:17:08,536 INFO EVAL-FAIL IRWD: rank=0.200  reason=[momentum_rank=0.200<0.7 | vol_ratio=0.91<1.2]
2026-05-18 19:17:08,536 INFO EVAL-FAIL AGEN: rank=0.171  reason=[momentum_rank=0.171<0.7 | above_5ma=+0.033 | vol_ratio=0.55<1.2]
2026-05-18 19:17:08,536 INFO EVAL-FAIL BMBL: rank=0.143  reason=[momentum_rank=0.143<0.7 | vol_ratio=0.52<1.2]
2026-05-18 19:17:08,536 INFO EVAL-FAIL PLAY: rank=0.114  reason=[momentum_rank=0.114<0.7 | above_5ma=+0.005 | vol_ratio=0.67<1.2]
2026-05-18 19:17:08,536 INFO EVAL-FAIL MYGN: rank=0.086  reason=[momentum_rank=0.086<0.7 | vol_ratio=1.01<1.2]
2026-05-18 19:17:08,536 INFO EVAL-FAIL PTLO: rank=0.057  reason=[momentum_rank=0.057<0.7 | vol_ratio=0.94<1.2]
2026-05-18 19:17:08,537 INFO EVAL-FAIL ANGI: rank=0.029  reason=[momentum_rank=0.029<0.7 | vol_ratio=0.96<1.2]
2026-05-18 19:17:08,537 INFO --- 2 signals fired ---
2026-05-18 19:17:08,537 INFO SKIP-SIG TTGT: already in position
2026-05-18 19:17:08,537 INFO SKIP-SIG REI: already in position
2026-05-18 19:17:08,538 INFO 
--------------------------------------------------------------
  DATE         : 2026-05-18
  CASH         : $    7,998.00
  POSITION VAL : $    1,998.97
  EQUITY       : $    9,996.97
  OPEN POS     : 2 held  |  0 pending
  DAILY P&L    : $       +0.00
  TOTAL P&L    : $       +0.00  (-0.03%)
  TRADES TODAY : 2
--------------------------------------------------------------
