2026-06-25 16:04:36,250 INFO === Run: today=2026-06-25  signal_date=2026-06-24 ===
2026-06-25 16:04:36,250 INFO Fetching historical price data...
2026-06-25 16:04:42,020 INFO Using signal bar: 2026-06-24
2026-06-25 16:04:42,020 INFO Fetching today's opens for 35 tickers...
2026-06-25 16:04:43,130 INFO Got opens for 35 tickers.
2026-06-25 16:04:43,130 INFO --- Processing 0 pending entries ---
2026-06-25 16:04:43,130 INFO --- Checking exits for 5 open positions ---
2026-06-25 16:04:43,130 INFO HOLD    CCRN: close=13.20  entry=13.12  peak=13.23  stop=12.33  tp=15.09
2026-06-25 16:04:43,130 INFO HOLD    HLIO: close=89.57  entry=85.04  peak=92.41  stop=79.94  tp=97.80
2026-06-25 16:04:43,131 INFO HOLD    RMNI: close=4.22  entry=4.18  peak=4.33  stop=3.93  tp=4.81
2026-06-25 16:04:43,131 INFO TRAIL   YEXT: low=3.89 <= trail=4.08 (peak=4.25)
2026-06-25 16:04:43,131 INFO HOLD    KELYA: close=11.63  entry=10.89  peak=11.69  stop=10.23  tp=12.52
2026-06-25 16:04:43,131 INFO CLOSED  YEXT   [trailing_stop]: 256.5411 sh @ $4.08  P&L=$+39.51 (+3.93%)  entry=$3.92
2026-06-25 16:04:43,131 INFO --- Generating signals for 2026-06-24 ---
2026-06-25 16:04:44,831 INFO --- Signal evaluation: 35 candidates ---
2026-06-25 16:04:44,832 INFO EVAL-FAIL MYGN: rank=1.000  reason=[above_5ma=+0.122 | vol_ratio=1.11<1.2]
2026-06-25 16:04:44,832 INFO EVAL-FAIL JACK: rank=0.971  reason=[above_5ma=+0.085]
2026-06-25 16:04:44,832 INFO EVAL-FAIL RMNI: rank=0.943  reason=[above_5ma=+0.018 | vol_ratio=0.76<1.2]
2026-06-25 16:04:44,832 INFO EVAL-FAIL TBI: rank=0.914  reason=[above_5ma=+0.013 | vol_ratio=0.80<1.2]
2026-06-25 16:04:44,832 INFO EVAL-FAIL DIN: rank=0.886  reason=[above_5ma=+0.011 | vol_ratio=0.90<1.2]
2026-06-25 16:04:44,832 INFO EVAL-FAIL ACAD: rank=0.857  reason=[above_5ma=+0.050 | vol_ratio=1.14<1.2]
2026-06-25 16:04:44,832 INFO EVAL-FAIL YEXT: rank=0.829  reason=[above_5ma=+0.051 | vol_ratio=0.87<1.2]
2026-06-25 16:04:44,832 INFO EVAL-FAIL PTLO: rank=0.800  reason=[above_5ma=+0.037 | vol_ratio=0.83<1.2]
2026-06-25 16:04:44,832 INFO EVAL-FAIL HLIO: rank=0.771  reason=[above_5ma=+0.003]
2026-06-25 16:04:44,833 INFO EVAL-FAIL GSHD: rank=0.743  reason=[above_5ma=+0.116 | vol_ratio=0.97<1.2]
2026-06-25 16:04:44,833 INFO EVAL-FAIL KELYA: rank=0.714  reason=[above_5ma=+0.025 | vol_ratio=0.79<1.2]
2026-06-25 16:04:44,833 INFO EVAL-FAIL CATO: rank=0.686  reason=[momentum_rank=0.686<0.7 | vol_ratio=0.20<1.2]
2026-06-25 16:04:44,833 INFO EVAL-FAIL INVA: rank=0.657  reason=[momentum_rank=0.657<0.7 | above_5ma=+0.028 | vol_ratio=0.95<1.2]
2026-06-25 16:04:44,833 INFO EVAL-FAIL CCRN: rank=0.629  reason=[momentum_rank=0.629<0.7 | above_5ma=+0.002 | vol_ratio=0.48<1.2]
2026-06-25 16:04:44,833 INFO EVAL-FAIL IRWD: rank=0.600  reason=[momentum_rank=0.600<0.7 | above_5ma=+0.048 | vol_ratio=0.83<1.2]
2026-06-25 16:04:44,833 INFO EVAL-FAIL PLAY: rank=0.571  reason=[momentum_rank=0.571<0.7 | above_5ma=+0.053 | vol_ratio=0.61<1.2]
2026-06-25 16:04:44,833 INFO EVAL-FAIL POWI: rank=0.543  reason=[momentum_rank=0.543<0.7 | vol_ratio=0.78<1.2]
2026-06-25 16:04:44,833 INFO EVAL-FAIL ANGI: rank=0.514  reason=[momentum_rank=0.514<0.7 | above_5ma=+0.057 | vol_ratio=0.78<1.2]
2026-06-25 16:04:44,833 INFO EVAL-FAIL NCNO: rank=0.486  reason=[momentum_rank=0.486<0.7 | vol_ratio=0.66<1.2]
2026-06-25 16:04:44,833 INFO EVAL-FAIL DRVN: rank=0.457  reason=[momentum_rank=0.457<0.7 | above_5ma=+0.044 | vol_ratio=0.77<1.2]
2026-06-25 16:04:44,833 INFO EVAL-FAIL FATE: rank=0.429  reason=[momentum_rank=0.429<0.7 | vol_ratio=0.91<1.2]
2026-06-25 16:04:44,833 INFO EVAL-FAIL GPOR: rank=0.400  reason=[momentum_rank=0.400<0.7 | vol_ratio=0.91<1.2]
2026-06-25 16:04:44,833 INFO EVAL-FAIL PRAX: rank=0.371  reason=[momentum_rank=0.371<0.7 | above_5ma=+0.051 | vol_ratio=0.98<1.2]
2026-06-25 16:04:44,833 INFO EVAL-FAIL AGEN: rank=0.343  reason=[momentum_rank=0.343<0.7 | vol_ratio=1.02<1.2]
2026-06-25 16:04:44,833 INFO EVAL-FAIL BMBL: rank=0.314  reason=[momentum_rank=0.314<0.7 | vol_ratio=0.79<1.2]
2026-06-25 16:04:44,834 INFO EVAL-FAIL NVAX: rank=0.286  reason=[momentum_rank=0.286<0.7 | vol_ratio=0.70<1.2]
2026-06-25 16:04:44,834 INFO EVAL-FAIL SM: rank=0.257  reason=[momentum_rank=0.257<0.7 | vol_ratio=0.85<1.2]
2026-06-25 16:04:44,834 INFO EVAL-FAIL AMPY: rank=0.229  reason=[momentum_rank=0.229<0.7]
2026-06-25 16:04:44,834 INFO EVAL-FAIL WHD: rank=0.200  reason=[momentum_rank=0.200<0.7]
2026-06-25 16:04:44,834 INFO EVAL-FAIL REI: rank=0.171  reason=[momentum_rank=0.171<0.7]
2026-06-25 16:04:44,834 INFO EVAL-FAIL VET: rank=0.143  reason=[momentum_rank=0.143<0.7 | vol_ratio=1.05<1.2]
2026-06-25 16:04:44,834 INFO EVAL-FAIL EGHT: rank=0.114  reason=[momentum_rank=0.114<0.7]
2026-06-25 16:04:44,834 INFO EVAL-FAIL TTGT: rank=0.086  reason=[momentum_rank=0.086<0.7 | above_5ma=+0.025]
2026-06-25 16:04:44,834 INFO EVAL-FAIL DOMO: rank=0.057  reason=[momentum_rank=0.057<0.7 | above_5ma=+0.174]
2026-06-25 16:04:44,834 INFO EVAL-FAIL SJT: rank=0.029  reason=[momentum_rank=0.029<0.7]
2026-06-25 16:04:44,835 INFO --- 0 signals fired ---
2026-06-25 16:04:44,835 INFO 
--------------------------------------------------------------
  DATE         : 2026-06-25
  CASH         : $    5,990.36
  POSITION VAL : $    4,174.99
  EQUITY       : $   10,165.36
  OPEN POS     : 4 held  |  0 pending
  DAILY P&L    : $      +39.51
  TOTAL P&L    : $      +43.27  (+1.65%)
  TRADES TODAY : 1
--------------------------------------------------------------
