2026-07-22 15:21:14,286 INFO === Run: today=2026-07-22  signal_date=2026-07-21 ===
2026-07-22 15:21:14,286 INFO Fetching historical price data...
2026-07-22 15:21:27,173 INFO Using signal bar: 2026-07-21
2026-07-22 15:21:27,173 INFO Fetching today's opens for 33 tickers...
2026-07-22 15:21:28,654 INFO Got opens for 33 tickers.
2026-07-22 15:21:28,654 INFO --- Processing 0 pending entries ---
2026-07-22 15:21:28,654 INFO --- Checking exits for 1 open positions ---
2026-07-22 15:21:28,654 WARNING No H/L for CCRN on 2026-07-21 — skipping exit check
2026-07-22 15:21:28,654 INFO --- Generating signals for 2026-07-21 ---
2026-07-22 15:21:29,992 INFO --- Signal evaluation: 33 candidates ---
2026-07-22 15:21:29,992 INFO EVAL-FAIL DOMO: rank=1.000  reason=[above_5ma=+0.009 | vol_ratio=0.89<1.2]
2026-07-22 15:21:29,992 INFO EVAL-FAIL KELYA: rank=0.970  reason=[above_5ma=+0.013]
2026-07-22 15:21:29,992 INFO EVAL-FAIL GSHD: rank=0.939  reason=[vol_ratio=0.87<1.2]
2026-07-22 15:21:29,992 INFO EVAL-FAIL YEXT: rank=0.909  reason=[vol_ratio=0.66<1.2]
2026-07-22 15:21:29,992 INFO EVAL-FAIL FATE: rank=0.879  reason=[above_5ma=+0.001 | vol_ratio=0.24<1.2]
2026-07-22 15:21:29,992 INFO EVAL-FAIL MYGN: rank=0.849  reason=[vol_ratio=0.45<1.2]
2026-07-22 15:21:29,992 INFO EVAL-FAIL TBI: rank=0.818  reason=[vol_ratio=0.54<1.2]
2026-07-22 15:21:29,993 INFO EVAL-FAIL JACK: rank=0.788  reason=[vol_ratio=0.41<1.2]
2026-07-22 15:21:29,993 INFO EVAL-FAIL ANGI: rank=0.758  reason=[vol_ratio=0.58<1.2]
2026-07-22 15:21:29,993 INFO EVAL-FAIL DRVN: rank=0.727  reason=[vol_ratio=0.60<1.2]
2026-07-22 15:21:29,993 INFO EVAL-FAIL NCNO: rank=0.697  reason=[momentum_rank=0.697<0.7 | vol_ratio=0.43<1.2]
2026-07-22 15:21:29,993 INFO EVAL-FAIL SM: rank=0.667  reason=[momentum_rank=0.667<0.7 | above_5ma=+0.040 | vol_ratio=0.93<1.2]
2026-07-22 15:21:29,993 INFO EVAL-FAIL ACAD: rank=0.636  reason=[momentum_rank=0.636<0.7 | vol_ratio=0.73<1.2]
2026-07-22 15:21:29,993 INFO EVAL-FAIL REI: rank=0.606  reason=[momentum_rank=0.606<0.7 | above_5ma=+0.042 | vol_ratio=0.48<1.2]
2026-07-22 15:21:29,993 INFO EVAL-FAIL RMNI: rank=0.576  reason=[momentum_rank=0.576<0.7 | vol_ratio=0.43<1.2]
2026-07-22 15:21:29,993 INFO EVAL-FAIL PTLO: rank=0.545  reason=[momentum_rank=0.545<0.7 | vol_ratio=0.77<1.2]
2026-07-22 15:21:29,993 INFO EVAL-FAIL EGHT: rank=0.515  reason=[momentum_rank=0.515<0.7 | vol_ratio=0.50<1.2]
2026-07-22 15:21:29,993 INFO EVAL-FAIL DIN: rank=0.485  reason=[momentum_rank=0.485<0.7 | vol_ratio=0.90<1.2]
2026-07-22 15:21:29,993 INFO EVAL-FAIL CATO: rank=0.455  reason=[momentum_rank=0.455<0.7 | above_5ma=+0.030]
2026-07-22 15:21:29,993 INFO EVAL-FAIL PRAX: rank=0.424  reason=[momentum_rank=0.424<0.7 | above_5ma=+0.017 | vol_ratio=0.43<1.2]
2026-07-22 15:21:29,993 INFO EVAL-FAIL VET: rank=0.394  reason=[momentum_rank=0.394<0.7 | above_5ma=+0.036 | vol_ratio=1.09<1.2]
2026-07-22 15:21:29,993 INFO EVAL-FAIL BMBL: rank=0.364  reason=[momentum_rank=0.364<0.7 | vol_ratio=0.51<1.2]
2026-07-22 15:21:29,993 INFO EVAL-FAIL IRWD: rank=0.333  reason=[momentum_rank=0.333<0.7 | above_5ma=+0.003 | vol_ratio=0.44<1.2]
2026-07-22 15:21:29,993 INFO EVAL-FAIL WHD: rank=0.303  reason=[momentum_rank=0.303<0.7 | above_5ma=+0.022 | vol_ratio=0.74<1.2]
2026-07-22 15:21:29,993 INFO EVAL-FAIL TTGT: rank=0.273  reason=[momentum_rank=0.273<0.7 | vol_ratio=1.09<1.2]
2026-07-22 15:21:29,993 INFO EVAL-FAIL AMPY: rank=0.242  reason=[momentum_rank=0.242<0.7 | above_5ma=+0.014 | vol_ratio=1.01<1.2]
2026-07-22 15:21:29,993 INFO EVAL-FAIL PLAY: rank=0.212  reason=[momentum_rank=0.212<0.7 | above_5ma=+0.029]
2026-07-22 15:21:29,993 INFO EVAL-FAIL INVA: rank=0.182  reason=[momentum_rank=0.182<0.7 | vol_ratio=0.66<1.2]
2026-07-22 15:21:29,994 INFO EVAL-FAIL GPOR: rank=0.151  reason=[momentum_rank=0.151<0.7 | above_5ma=+0.008 | vol_ratio=0.46<1.2]
2026-07-22 15:21:29,994 INFO EVAL-FAIL NVAX: rank=0.121  reason=[momentum_rank=0.121<0.7 | vol_ratio=0.65<1.2]
2026-07-22 15:21:29,994 INFO EVAL-FAIL HLIO: rank=0.091  reason=[momentum_rank=0.091<0.7 | above_5ma=+0.010 | vol_ratio=0.91<1.2]
2026-07-22 15:21:29,994 INFO EVAL-FAIL POWI: rank=0.061  reason=[momentum_rank=0.061<0.7 | above_5ma=+0.042 | vol_ratio=0.59<1.2]
2026-07-22 15:21:29,994 INFO EVAL-FAIL SJT: rank=0.030  reason=[momentum_rank=0.030<0.7]
2026-07-22 15:21:29,994 INFO --- 0 signals fired ---
2026-07-22 15:21:29,995 INFO 
--------------------------------------------------------------
  DATE         : 2026-07-22
  CASH         : $    9,151.09
  POSITION VAL : $        0.00
  EQUITY       : $    9,151.09
  OPEN POS     : 1 held  |  0 pending
  DAILY P&L    : $       +0.00
  TOTAL P&L    : $     +174.51  (-8.49%)
  TRADES TODAY : 0
--------------------------------------------------------------
