2026-07-08 15:51:52,868 INFO === Run: today=2026-07-08  signal_date=2026-07-07 ===
2026-07-08 15:51:52,868 INFO Fetching historical price data...
2026-07-08 15:51:58,069 INFO Using signal bar: 2026-07-07
2026-07-08 15:51:58,069 INFO Fetching today's opens for 35 tickers...
2026-07-08 15:51:58,905 INFO Got opens for 35 tickers.
2026-07-08 15:51:58,905 INFO --- Processing 1 pending entries ---
2026-07-08 15:51:58,905 INFO FILLED  JACK  : 67.7251 sh @ $15.19  cost=$1029.60  slip=$0.77
2026-07-08 15:51:58,906 INFO --- Checking exits for 2 open positions ---
2026-07-08 15:51:58,906 INFO HOLD    CCRN: close=13.22  entry=13.12  peak=13.23  stop=12.33  tp=15.09
2026-07-08 15:51:58,906 INFO HOLD    JACK: just entered today
2026-07-08 15:51:58,906 INFO --- Generating signals for 2026-07-07 ---
2026-07-08 15:52:00,628 INFO --- Signal evaluation: 35 candidates ---
2026-07-08 15:52:00,628 INFO EVAL-FAIL FATE: rank=1.000  reason=[above_5ma=+0.031 | vol_ratio=0.53<1.2]
2026-07-08 15:52:00,628 INFO EVAL-FAIL GSHD: rank=0.971  reason=[above_5ma=+0.068 | vol_ratio=0.88<1.2]
2026-07-08 15:52:00,629 INFO EVAL-FAIL JACK: rank=0.943  reason=[vol_ratio=0.78<1.2]
2026-07-08 15:52:00,629 INFO EVAL-FAIL IRWD: rank=0.914  reason=[above_5ma=+0.039]
2026-07-08 15:52:00,629 INFO EVAL-FAIL YEXT: rank=0.886  reason=[above_5ma=+0.042 | vol_ratio=0.73<1.2]
2026-07-08 15:52:00,629 INFO EVAL-FAIL MYGN: rank=0.857  reason=[vol_ratio=0.70<1.2]
2026-07-08 15:52:00,629 INFO EVAL-FAIL PRAX: rank=0.829  reason=[above_5ma=+0.006 | vol_ratio=0.91<1.2]
2026-07-08 15:52:00,629 INFO EVAL-FAIL ACAD: rank=0.800  reason=[above_5ma=+0.020 | vol_ratio=0.95<1.2]
2026-07-08 15:52:00,629 INFO EVAL-FAIL NCNO: rank=0.771  reason=[above_5ma=+0.033 | vol_ratio=0.82<1.2]
2026-07-08 15:52:00,629 INFO EVAL-FAIL DIN: rank=0.743  reason=[vol_ratio=0.61<1.2]
2026-07-08 15:52:00,629 INFO EVAL-FAIL TBI: rank=0.714  reason=[above_5ma=+0.078 | vol_ratio=0.97<1.2]
2026-07-08 15:52:00,629 INFO EVAL-FAIL PTLO: rank=0.686  reason=[momentum_rank=0.686<0.7 | vol_ratio=0.79<1.2]
2026-07-08 15:52:00,629 INFO EVAL-FAIL DRVN: rank=0.657  reason=[momentum_rank=0.657<0.7 | above_5ma=+0.040 | vol_ratio=0.61<1.2]
2026-07-08 15:52:00,629 INFO EVAL-FAIL KELYA: rank=0.629  reason=[momentum_rank=0.629<0.7 | above_5ma=+0.040 | vol_ratio=1.13<1.2]
2026-07-08 15:52:00,629 INFO EVAL-FAIL RMNI: rank=0.600  reason=[momentum_rank=0.600<0.7 | above_5ma=+0.046 | vol_ratio=0.75<1.2]
2026-07-08 15:52:00,629 INFO EVAL-FAIL BMBL: rank=0.571  reason=[momentum_rank=0.571<0.7 | vol_ratio=0.40<1.2]
2026-07-08 15:52:00,630 INFO EVAL-FAIL ANGI: rank=0.543  reason=[momentum_rank=0.543<0.7 | above_5ma=+0.053 | vol_ratio=0.55<1.2]
2026-07-08 15:52:00,630 INFO EVAL-FAIL AGEN: rank=0.514  reason=[momentum_rank=0.514<0.7 | above_5ma=+0.037]
2026-07-08 15:52:00,630 INFO EVAL-FAIL DOMO: rank=0.486  reason=[momentum_rank=0.486<0.7 | above_5ma=+0.050 | vol_ratio=0.26<1.2]
2026-07-08 15:52:00,630 INFO EVAL-FAIL EGHT: rank=0.457  reason=[momentum_rank=0.457<0.7 | above_5ma=+0.061]
2026-07-08 15:52:00,630 INFO EVAL-FAIL CATO: rank=0.429  reason=[momentum_rank=0.429<0.7 | above_5ma=+0.004 | vol_ratio=0.27<1.2]
2026-07-08 15:52:00,630 INFO EVAL-FAIL CCRN: rank=0.400  reason=[momentum_rank=0.400<0.7 | above_5ma=+0.001 | vol_ratio=0.35<1.2]
2026-07-08 15:52:00,630 INFO EVAL-FAIL NVAX: rank=0.371  reason=[momentum_rank=0.371<0.7 | vol_ratio=0.99<1.2]
2026-07-08 15:52:00,630 INFO EVAL-FAIL TTGT: rank=0.343  reason=[momentum_rank=0.343<0.7 | vol_ratio=0.58<1.2]
2026-07-08 15:52:00,630 INFO EVAL-FAIL GPOR: rank=0.314  reason=[momentum_rank=0.314<0.7 | vol_ratio=0.65<1.2]
2026-07-08 15:52:00,630 INFO EVAL-FAIL INVA: rank=0.286  reason=[momentum_rank=0.286<0.7 | above_5ma=+0.002 | vol_ratio=0.61<1.2]
2026-07-08 15:52:00,630 INFO EVAL-FAIL HLIO: rank=0.257  reason=[momentum_rank=0.257<0.7 | vol_ratio=0.91<1.2]
2026-07-08 15:52:00,630 INFO EVAL-FAIL PLAY: rank=0.229  reason=[momentum_rank=0.229<0.7 | vol_ratio=0.45<1.2]
2026-07-08 15:52:00,630 INFO EVAL-FAIL WHD: rank=0.200  reason=[momentum_rank=0.200<0.7 | above_5ma=+0.027 | vol_ratio=0.80<1.2]
2026-07-08 15:52:00,630 INFO EVAL-FAIL AMPY: rank=0.171  reason=[momentum_rank=0.171<0.7 | above_5ma=+0.006 | vol_ratio=1.00<1.2]
2026-07-08 15:52:00,630 INFO EVAL-FAIL REI: rank=0.143  reason=[momentum_rank=0.143<0.7 | above_5ma=+0.030 | vol_ratio=1.19<1.2]
2026-07-08 15:52:00,630 INFO EVAL-FAIL SM: rank=0.114  reason=[momentum_rank=0.114<0.7 | above_5ma=+0.050]
2026-07-08 15:52:00,631 INFO EVAL-FAIL POWI: rank=0.086  reason=[momentum_rank=0.086<0.7 | vol_ratio=1.01<1.2]
2026-07-08 15:52:00,631 INFO EVAL-FAIL SJT: rank=0.057  reason=[momentum_rank=0.057<0.7 | vol_ratio=0.53<1.2]
2026-07-08 15:52:00,631 INFO EVAL-FAIL VET: rank=0.029  reason=[momentum_rank=0.029<0.7 | above_5ma=+0.000 | vol_ratio=0.92<1.2]
2026-07-08 15:52:00,631 INFO --- 0 signals fired ---
2026-07-08 15:52:00,632 INFO 
--------------------------------------------------------------
  DATE         : 2026-07-08
  CASH         : $    8,249.97
  POSITION VAL : $    2,069.56
  EQUITY       : $   10,319.53
  OPEN POS     : 2 held  |  0 pending
  DAILY P&L    : $       +0.00
  TOTAL P&L    : $     +299.00  (+3.20%)
  TRADES TODAY : 1
--------------------------------------------------------------
