2026-06-30 16:08:34,679 INFO === Run: today=2026-06-30  signal_date=2026-06-29 ===
2026-06-30 16:08:34,679 INFO Fetching historical price data...
2026-06-30 16:08:39,950 INFO Using signal bar: 2026-06-29
2026-06-30 16:08:39,950 INFO Fetching today's opens for 35 tickers...
2026-06-30 16:08:40,749 INFO Got opens for 35 tickers.
2026-06-30 16:08:40,749 INFO --- Processing 0 pending entries ---
2026-06-30 16:08:40,749 INFO --- Checking exits for 2 open positions ---
2026-06-30 16:08:40,749 INFO HOLD    CCRN: close=13.21  entry=13.12  peak=13.23  stop=12.33  tp=15.09
2026-06-30 16:08:40,750 INFO HOLD    RMNI: close=4.24  entry=4.18  peak=4.44  stop=3.93  tp=4.81
2026-06-30 16:08:40,750 INFO --- Generating signals for 2026-06-29 ---
2026-06-30 16:08:43,071 INFO --- Signal evaluation: 35 candidates ---
2026-06-30 16:08:43,072 INFO EVAL-FAIL MYGN: rank=1.000  reason=[above_5ma=+0.083 | vol_ratio=1.10<1.2]
2026-06-30 16:08:43,072 INFO EVAL-FAIL GSHD: rank=0.971  reason=[above_5ma=+0.079]
2026-06-30 16:08:43,072 INFO EVAL-FAIL JACK: rank=0.943  reason=[above_5ma=+0.218]
2026-06-30 16:08:43,072 INFO EVAL-FAIL IRWD: rank=0.914  reason=[above_5ma=+0.073]
2026-06-30 16:08:43,072 INFO EVAL-FAIL DIN: rank=0.886  reason=[above_5ma=+0.044]
2026-06-30 16:08:43,072 INFO EVAL-FAIL ACAD: rank=0.857  reason=[above_5ma=+0.048]
2026-06-30 16:08:43,072 INFO EVAL-FAIL TBI: rank=0.829  reason=[above_5ma=+0.036 | vol_ratio=0.96<1.2]
2026-06-30 16:08:43,072 INFO EVAL-FAIL YEXT: rank=0.800  reason=[above_5ma=+0.094]
2026-06-30 16:08:43,072 INFO EVAL-FAIL PTLO: rank=0.771  reason=[above_5ma=+0.066 | vol_ratio=0.73<1.2]
2026-06-30 16:08:43,073 INFO EVAL-FAIL KELYA: rank=0.743  reason=[above_5ma=+0.063 | vol_ratio=1.15<1.2]
2026-06-30 16:08:43,073 INFO EVAL-FAIL RMNI: rank=0.714  reason=[above_5ma=+0.009]
2026-06-30 16:08:43,073 INFO EVAL-FAIL INVA: rank=0.686  reason=[momentum_rank=0.686<0.7 | vol_ratio=0.92<1.2]
2026-06-30 16:08:43,073 INFO EVAL-FAIL HLIO: rank=0.657  reason=[momentum_rank=0.657<0.7 | vol_ratio=0.98<1.2]
2026-06-30 16:08:43,073 INFO EVAL-FAIL BMBL: rank=0.629  reason=[momentum_rank=0.629<0.7 | above_5ma=+0.088 | vol_ratio=1.03<1.2]
2026-06-30 16:08:43,073 INFO EVAL-FAIL DRVN: rank=0.600  reason=[momentum_rank=0.600<0.7 | above_5ma=+0.039 | vol_ratio=0.69<1.2]
2026-06-30 16:08:43,073 INFO EVAL-FAIL CCRN: rank=0.571  reason=[momentum_rank=0.571<0.7 | above_5ma=+0.001 | vol_ratio=0.39<1.2]
2026-06-30 16:08:43,073 INFO EVAL-FAIL ANGI: rank=0.543  reason=[momentum_rank=0.543<0.7 | above_5ma=+0.090]
2026-06-30 16:08:43,073 INFO EVAL-FAIL PRAX: rank=0.514  reason=[momentum_rank=0.514<0.7 | above_5ma=+0.082 | vol_ratio=1.03<1.2]
2026-06-30 16:08:43,073 INFO EVAL-FAIL CATO: rank=0.486  reason=[momentum_rank=0.486<0.7 | vol_ratio=0.26<1.2]
2026-06-30 16:08:43,073 INFO EVAL-FAIL GPOR: rank=0.457  reason=[momentum_rank=0.457<0.7 | above_5ma=+0.024]
2026-06-30 16:08:43,074 INFO EVAL-FAIL NCNO: rank=0.429  reason=[momentum_rank=0.429<0.7 | above_5ma=+0.052 | vol_ratio=0.83<1.2]
2026-06-30 16:08:43,074 INFO EVAL-FAIL POWI: rank=0.400  reason=[momentum_rank=0.400<0.7 | vol_ratio=0.77<1.2]
2026-06-30 16:08:43,074 INFO EVAL-FAIL AGEN: rank=0.371  reason=[momentum_rank=0.371<0.7 | above_5ma=+0.046 | vol_ratio=1.11<1.2]
2026-06-30 16:08:43,074 INFO EVAL-FAIL AMPY: rank=0.343  reason=[momentum_rank=0.343<0.7 | above_5ma=+0.015 | vol_ratio=0.71<1.2]
2026-06-30 16:08:43,074 INFO EVAL-FAIL SM: rank=0.314  reason=[momentum_rank=0.314<0.7 | vol_ratio=0.88<1.2]
2026-06-30 16:08:43,074 INFO EVAL-FAIL WHD: rank=0.286  reason=[momentum_rank=0.286<0.7 | vol_ratio=0.93<1.2]
2026-06-30 16:08:43,074 INFO EVAL-FAIL TTGT: rank=0.257  reason=[momentum_rank=0.257<0.7 | above_5ma=+0.051]
2026-06-30 16:08:43,074 INFO EVAL-FAIL NVAX: rank=0.229  reason=[momentum_rank=0.229<0.7 | above_5ma=+0.047 | vol_ratio=0.87<1.2]
2026-06-30 16:08:43,074 INFO EVAL-FAIL REI: rank=0.200  reason=[momentum_rank=0.200<0.7 | above_5ma=+0.017 | vol_ratio=1.06<1.2]
2026-06-30 16:08:43,074 INFO EVAL-FAIL FATE: rank=0.171  reason=[momentum_rank=0.171<0.7 | above_5ma=+0.140]
2026-06-30 16:08:43,075 INFO EVAL-FAIL PLAY: rank=0.143  reason=[momentum_rank=0.143<0.7 | vol_ratio=0.81<1.2]
2026-06-30 16:08:43,075 INFO EVAL-FAIL VET: rank=0.114  reason=[momentum_rank=0.114<0.7 | vol_ratio=0.74<1.2]
2026-06-30 16:08:43,075 INFO EVAL-FAIL EGHT: rank=0.086  reason=[momentum_rank=0.086<0.7]
2026-06-30 16:08:43,075 INFO EVAL-FAIL SJT: rank=0.057  reason=[momentum_rank=0.057<0.7]
2026-06-30 16:08:43,075 INFO EVAL-FAIL DOMO: rank=0.029  reason=[momentum_rank=0.029<0.7 | above_5ma=+0.078 | vol_ratio=0.77<1.2]
2026-06-30 16:08:43,075 INFO --- 0 signals fired ---
2026-06-30 16:08:43,076 INFO 
--------------------------------------------------------------
  DATE         : 2026-06-30
  CASH         : $    8,230.67
  POSITION VAL : $    2,026.81
  EQUITY       : $   10,257.48
  OPEN POS     : 2 held  |  0 pending
  DAILY P&L    : $       +0.00
  TOTAL P&L    : $     +255.32  (+2.57%)
  TRADES TODAY : 0
--------------------------------------------------------------
