2026-06-09 16:19:12,076 INFO === Run: today=2026-06-09  signal_date=2026-06-08 ===
2026-06-09 16:19:12,076 INFO Fetching historical price data...
2026-06-09 16:19:17,098 INFO Using signal bar: 2026-06-08
2026-06-09 16:19:17,098 INFO Fetching today's opens for 35 tickers...
2026-06-09 16:19:18,019 INFO Got opens for 35 tickers.
2026-06-09 16:19:18,019 INFO --- Processing 1 pending entries ---
2026-06-09 16:19:18,019 INFO FILLED  HLIO  : 11.9042 sh @ $85.04  cost=$1013.39  slip=$0.76
2026-06-09 16:19:18,019 INFO --- Checking exits for 2 open positions ---
2026-06-09 16:19:18,020 INFO HOLD    CCRN: close=13.18  entry=13.12  peak=13.23  stop=12.33  tp=15.09
2026-06-09 16:19:18,020 INFO HOLD    HLIO: just entered today
2026-06-09 16:19:18,020 INFO --- Generating signals for 2026-06-08 ---
2026-06-09 16:19:19,686 INFO --- Signal evaluation: 35 candidates ---
2026-06-09 16:19:19,687 INFO EVAL-FAIL HLIO: rank=1.000  reason=[vol_ratio=0.82<1.2]
2026-06-09 16:19:19,687 INFO EVAL-FAIL KELYA: rank=0.971  reason=[above_5ma=+0.017 | vol_ratio=0.76<1.2]
2026-06-09 16:19:19,687 INFO EVAL-FAIL TBI: rank=0.943  reason=[vol_ratio=0.86<1.2]
2026-06-09 16:19:19,687 INFO EVAL-FAIL CATO: rank=0.914  reason=[above_5ma=+0.002]
2026-06-09 16:19:19,687 INFO EVAL-FAIL SM: rank=0.886  reason=[vol_ratio=0.63<1.2]
2026-06-09 16:19:19,687 INFO EVAL-FAIL WHD: rank=0.857  reason=[above_5ma=+0.011 | vol_ratio=0.91<1.2]
2026-06-09 16:19:19,687 INFO EVAL-FAIL PLAY: rank=0.829  reason=[vol_ratio=0.91<1.2]
2026-06-09 16:19:19,687 INFO EVAL-FAIL DIN: rank=0.800  reason=[above_5ma=+0.022 | vol_ratio=0.97<1.2]
2026-06-09 16:19:19,687 INFO EVAL-FAIL POWI: rank=0.771  reason=[vol_ratio=0.81<1.2]
2026-06-09 16:19:19,687 INFO EVAL-FAIL ANGI: rank=0.743  reason=[vol_ratio=0.68<1.2]
2026-06-09 16:19:19,687 INFO EVAL-FAIL RMNI: rank=0.714  reason=[vol_ratio=0.83<1.2]
2026-06-09 16:19:19,688 INFO EVAL-FAIL MYGN: rank=0.686  reason=[momentum_rank=0.686<0.7 | vol_ratio=0.54<1.2]
2026-06-09 16:19:19,688 INFO EVAL-FAIL DRVN: rank=0.657  reason=[momentum_rank=0.657<0.7 | above_5ma=+0.029 | vol_ratio=0.44<1.2]
2026-06-09 16:19:19,688 INFO EVAL-FAIL CCRN: rank=0.629  reason=[momentum_rank=0.629<0.7 | above_5ma=+0.002 | vol_ratio=0.33<1.2]
2026-06-09 16:19:19,688 INFO EVAL-FAIL VET: rank=0.600  reason=[momentum_rank=0.600<0.7 | vol_ratio=1.19<1.2]
2026-06-09 16:19:19,688 INFO EVAL-FAIL INVA: rank=0.571  reason=[momentum_rank=0.571<0.7 | above_5ma=+0.014 | vol_ratio=0.98<1.2]
2026-06-09 16:19:19,688 INFO EVAL-FAIL YEXT: rank=0.543  reason=[momentum_rank=0.543<0.7 | vol_ratio=0.63<1.2]
2026-06-09 16:19:19,688 INFO EVAL-FAIL ACAD: rank=0.514  reason=[momentum_rank=0.514<0.7 | above_5ma=+0.011 | vol_ratio=0.64<1.2]
2026-06-09 16:19:19,688 INFO EVAL-FAIL GPOR: rank=0.486  reason=[momentum_rank=0.486<0.7 | vol_ratio=0.95<1.2]
2026-06-09 16:19:19,688 INFO EVAL-FAIL PTLO: rank=0.457  reason=[momentum_rank=0.457<0.7 | vol_ratio=0.64<1.2]
2026-06-09 16:19:19,688 INFO EVAL-FAIL SJT: rank=0.429  reason=[momentum_rank=0.429<0.7 | vol_ratio=0.67<1.2]
2026-06-09 16:19:19,688 INFO EVAL-FAIL GSHD: rank=0.400  reason=[momentum_rank=0.400<0.7 | above_5ma=+0.008 | vol_ratio=0.72<1.2]
2026-06-09 16:19:19,688 INFO EVAL-FAIL DOMO: rank=0.371  reason=[momentum_rank=0.371<0.7 | vol_ratio=0.85<1.2]
2026-06-09 16:19:19,688 INFO EVAL-FAIL AMPY: rank=0.343  reason=[momentum_rank=0.343<0.7]
2026-06-09 16:19:19,688 INFO EVAL-FAIL NVAX: rank=0.314  reason=[momentum_rank=0.314<0.7]
2026-06-09 16:19:19,688 INFO EVAL-FAIL NCNO: rank=0.286  reason=[momentum_rank=0.286<0.7 | vol_ratio=0.71<1.2]
2026-06-09 16:19:19,688 INFO EVAL-FAIL JACK: rank=0.257  reason=[momentum_rank=0.257<0.7 | vol_ratio=0.52<1.2]
2026-06-09 16:19:19,689 INFO EVAL-FAIL AGEN: rank=0.229  reason=[momentum_rank=0.229<0.7 | vol_ratio=0.55<1.2]
2026-06-09 16:19:19,689 INFO EVAL-FAIL FATE: rank=0.200  reason=[momentum_rank=0.200<0.7 | vol_ratio=0.30<1.2]
2026-06-09 16:19:19,689 INFO EVAL-FAIL REI: rank=0.171  reason=[momentum_rank=0.171<0.7 | vol_ratio=0.47<1.2]
2026-06-09 16:19:19,689 INFO EVAL-FAIL BMBL: rank=0.143  reason=[momentum_rank=0.143<0.7 | vol_ratio=0.65<1.2]
2026-06-09 16:19:19,689 INFO EVAL-FAIL IRWD: rank=0.114  reason=[momentum_rank=0.114<0.7 | vol_ratio=0.64<1.2]
2026-06-09 16:19:19,689 INFO EVAL-FAIL PRAX: rank=0.086  reason=[momentum_rank=0.086<0.7]
2026-06-09 16:19:19,689 INFO EVAL-FAIL EGHT: rank=0.057  reason=[momentum_rank=0.057<0.7 | vol_ratio=0.70<1.2]
2026-06-09 16:19:19,689 INFO EVAL-FAIL TTGT: rank=0.029  reason=[momentum_rank=0.029<0.7 | vol_ratio=0.55<1.2]
2026-06-09 16:19:19,689 INFO --- 0 signals fired ---
2026-06-09 16:19:19,690 INFO 
--------------------------------------------------------------
  DATE         : 2026-06-09
  CASH         : $    8,105.79
  POSITION VAL : $    2,000.37
  EQUITY       : $   10,106.16
  OPEN POS     : 2 held  |  0 pending
  DAILY P&L    : $       +0.00
  TOTAL P&L    : $     +126.31  (+1.06%)
  TRADES TODAY : 1
--------------------------------------------------------------
