2026-07-02 15:54:11,446 INFO === Run: today=2026-07-02  signal_date=2026-07-01 ===
2026-07-02 15:54:11,447 INFO Fetching historical price data...
2026-07-02 15:54:16,708 INFO Using signal bar: 2026-07-01
2026-07-02 15:54:16,708 INFO Fetching today's opens for 35 tickers...
2026-07-02 15:54:17,801 INFO Got opens for 35 tickers.
2026-07-02 15:54:17,801 INFO --- Processing 0 pending entries ---
2026-07-02 15:54:17,801 INFO --- Checking exits for 2 open positions ---
2026-07-02 15:54:17,801 INFO HOLD    CCRN: close=13.20  entry=13.12  peak=13.23  stop=12.33  tp=15.09
2026-07-02 15:54:17,802 INFO TRAIL   RMNI: low=4.28 <= trail=4.37 (peak=4.55)
2026-07-02 15:54:17,802 INFO CLOSED  RMNI   [trailing_stop]: 240.5513 sh @ $4.36  P&L=$+43.68 (+4.34%)  entry=$4.18
2026-07-02 15:54:17,802 INFO --- Generating signals for 2026-07-01 ---
2026-07-02 15:54:20,201 INFO --- Signal evaluation: 35 candidates ---
2026-07-02 15:54:20,201 INFO EVAL-FAIL GSHD: rank=1.000  reason=[above_5ma=+0.064 | vol_ratio=0.86<1.2]
2026-07-02 15:54:20,201 INFO EVAL-FAIL MYGN: rank=0.971  reason=[above_5ma=+0.039 | vol_ratio=0.96<1.2]
2026-07-02 15:54:20,201 INFO EVAL-FAIL JACK: rank=0.943  reason=[above_5ma=+0.139]
2026-07-02 15:54:20,201 INFO EVAL-FAIL IRWD: rank=0.914  reason=[vol_ratio=0.68<1.2]
2026-07-02 15:54:20,202 INFO EVAL-FAIL PTLO: rank=0.886  reason=[above_5ma=+0.056 | vol_ratio=0.96<1.2]
2026-07-02 15:54:20,202 INFO EVAL-FAIL PRAX: rank=0.857  reason=[vol_ratio=0.91<1.2]
2026-07-02 15:54:20,202 INFO EVAL-FAIL DIN: rank=0.829  reason=[above_5ma=+0.004 | vol_ratio=0.76<1.2]
2026-07-02 15:54:20,202 INFO EVAL-FAIL ACAD: rank=0.800  reason=[above_5ma=+0.010 | vol_ratio=0.83<1.2]
2026-07-02 15:54:20,202 INFO EVAL-FAIL FATE: rank=0.771  reason=[above_5ma=+0.247]
2026-07-02 15:54:20,202 INFO EVAL-FAIL YEXT: rank=0.743  reason=[above_5ma=+0.070 | vol_ratio=0.75<1.2]
2026-07-02 15:54:20,202 INFO EVAL-FAIL KELYA: rank=0.714  reason=[above_5ma=+0.043 | vol_ratio=0.93<1.2]
2026-07-02 15:54:20,202 INFO EVAL-FAIL TBI: rank=0.686  reason=[momentum_rank=0.686<0.7 | above_5ma=+0.041 | vol_ratio=0.88<1.2]
2026-07-02 15:54:20,202 INFO EVAL-FAIL BMBL: rank=0.657  reason=[momentum_rank=0.657<0.7 | above_5ma=+0.035 | vol_ratio=0.75<1.2]
2026-07-02 15:54:20,203 INFO EVAL-FAIL DRVN: rank=0.629  reason=[momentum_rank=0.629<0.7 | above_5ma=+0.013 | vol_ratio=1.17<1.2]
2026-07-02 15:54:20,203 INFO EVAL-FAIL CATO: rank=0.600  reason=[momentum_rank=0.600<0.7 | above_5ma=+0.005 | vol_ratio=0.17<1.2]
2026-07-02 15:54:20,203 INFO EVAL-FAIL RMNI: rank=0.571  reason=[momentum_rank=0.571<0.7 | above_5ma=+0.052 | vol_ratio=1.06<1.2]
2026-07-02 15:54:20,203 INFO EVAL-FAIL NCNO: rank=0.543  reason=[momentum_rank=0.543<0.7 | above_5ma=+0.082 | vol_ratio=0.94<1.2]
2026-07-02 15:54:20,203 INFO EVAL-FAIL INVA: rank=0.514  reason=[momentum_rank=0.514<0.7 | vol_ratio=0.90<1.2]
2026-07-02 15:54:20,203 INFO EVAL-FAIL HLIO: rank=0.486  reason=[momentum_rank=0.486<0.7 | vol_ratio=1.09<1.2]
2026-07-02 15:54:20,203 INFO EVAL-FAIL AGEN: rank=0.457  reason=[momentum_rank=0.457<0.7 | above_5ma=+0.098 | vol_ratio=0.78<1.2]
2026-07-02 15:54:20,203 INFO EVAL-FAIL CCRN: rank=0.429  reason=[momentum_rank=0.429<0.7]
2026-07-02 15:54:20,203 INFO EVAL-FAIL GPOR: rank=0.400  reason=[momentum_rank=0.400<0.7 | above_5ma=+0.004 | vol_ratio=1.10<1.2]
2026-07-02 15:54:20,203 INFO EVAL-FAIL POWI: rank=0.371  reason=[momentum_rank=0.371<0.7 | vol_ratio=0.46<1.2]
2026-07-02 15:54:20,204 INFO EVAL-FAIL PLAY: rank=0.343  reason=[momentum_rank=0.343<0.7 | above_5ma=+0.004 | vol_ratio=0.49<1.2]
2026-07-02 15:54:20,204 INFO EVAL-FAIL ANGI: rank=0.314  reason=[momentum_rank=0.314<0.7 | above_5ma=+0.024 | vol_ratio=0.68<1.2]
2026-07-02 15:54:20,204 INFO EVAL-FAIL NVAX: rank=0.286  reason=[momentum_rank=0.286<0.7 | above_5ma=+0.035 | vol_ratio=1.00<1.2]
2026-07-02 15:54:20,204 INFO EVAL-FAIL TTGT: rank=0.257  reason=[momentum_rank=0.257<0.7 | above_5ma=+0.069 | vol_ratio=1.07<1.2]
2026-07-02 15:54:20,204 INFO EVAL-FAIL AMPY: rank=0.229  reason=[momentum_rank=0.229<0.7 | vol_ratio=0.61<1.2]
2026-07-02 15:54:20,204 INFO EVAL-FAIL EGHT: rank=0.200  reason=[momentum_rank=0.200<0.7 | above_5ma=+0.063 | vol_ratio=0.98<1.2]
2026-07-02 15:54:20,204 INFO EVAL-FAIL SJT: rank=0.171  reason=[momentum_rank=0.171<0.7 | above_5ma=+0.024 | vol_ratio=0.43<1.2]
2026-07-02 15:54:20,204 INFO EVAL-FAIL WHD: rank=0.143  reason=[momentum_rank=0.143<0.7 | vol_ratio=0.81<1.2]
2026-07-02 15:54:20,204 INFO EVAL-FAIL REI: rank=0.114  reason=[momentum_rank=0.114<0.7 | above_5ma=+0.013 | vol_ratio=0.94<1.2]
2026-07-02 15:54:20,204 INFO EVAL-FAIL DOMO: rank=0.086  reason=[momentum_rank=0.086<0.7 | above_5ma=+0.157 | vol_ratio=0.69<1.2]
2026-07-02 15:54:20,205 INFO EVAL-FAIL SM: rank=0.057  reason=[momentum_rank=0.057<0.7]
2026-07-02 15:54:20,205 INFO EVAL-FAIL VET: rank=0.029  reason=[momentum_rank=0.029<0.7 | vol_ratio=0.62<1.2]
2026-07-02 15:54:20,205 INFO --- 0 signals fired ---
2026-07-02 15:54:20,206 INFO 
--------------------------------------------------------------
  DATE         : 2026-07-02
  CASH         : $    9,279.56
  POSITION VAL : $    1,006.11
  EQUITY       : $   10,285.67
  OPEN POS     : 1 held  |  0 pending
  DAILY P&L    : $      +43.68
  TOTAL P&L    : $     +299.00  (+2.86%)
  TRADES TODAY : 1
--------------------------------------------------------------
