2026-06-08 21:18:49,707 INFO === Run: today=2026-06-08  signal_date=2026-06-05 ===
2026-06-08 21:18:49,707 INFO Fetching historical price data...
2026-06-08 21:18:54,228 INFO Using signal bar: 2026-06-05
2026-06-08 21:18:54,229 INFO Fetching today's opens for 35 tickers...
2026-06-08 21:18:54,993 INFO Got opens for 35 tickers.
2026-06-08 21:18:54,994 INFO --- Processing 0 pending entries ---
2026-06-08 21:18:54,994 INFO --- Checking exits for 1 open positions ---
2026-06-08 21:18:54,994 INFO HOLD    CCRN: close=13.18  entry=13.12  peak=13.23  stop=12.33  tp=15.09
2026-06-08 21:18:54,994 INFO --- Generating signals for 2026-06-05 ---
2026-06-08 21:18:56,691 INFO --- Signal evaluation: 35 candidates ---
2026-06-08 21:18:56,691 INFO EVAL-FAIL KELYA: rank=1.000  reason=[above_5ma=+0.005 | vol_ratio=0.55<1.2]
2026-06-08 21:18:56,691 INFO EVAL-PASS HLIO: rank=0.971  vol_ratio=1.30  pct_from_5ma=-0.030
2026-06-08 21:18:56,691 INFO EVAL-FAIL ANGI: rank=0.943  reason=[vol_ratio=0.53<1.2]
2026-06-08 21:18:56,691 INFO EVAL-FAIL MYGN: rank=0.914  reason=[above_5ma=+0.027 | vol_ratio=0.62<1.2]
2026-06-08 21:18:56,691 INFO EVAL-FAIL SM: rank=0.886  reason=[vol_ratio=0.80<1.2]
2026-06-08 21:18:56,692 INFO EVAL-FAIL TBI: rank=0.857  reason=[vol_ratio=0.56<1.2]
2026-06-08 21:18:56,692 INFO EVAL-FAIL CATO: rank=0.829  reason=[vol_ratio=0.77<1.2]
2026-06-08 21:18:56,692 INFO EVAL-FAIL POWI: rank=0.800  reason=[vol_ratio=1.01<1.2]
2026-06-08 21:18:56,692 INFO EVAL-FAIL PLAY: rank=0.771  reason=[vol_ratio=0.99<1.2]
2026-06-08 21:18:56,692 INFO EVAL-FAIL RMNI: rank=0.743  reason=[vol_ratio=0.97<1.2]
2026-06-08 21:18:56,692 INFO EVAL-FAIL DIN: rank=0.714  reason=[vol_ratio=0.67<1.2]
2026-06-08 21:18:56,692 INFO EVAL-FAIL NVAX: rank=0.686  reason=[momentum_rank=0.686<0.7 | vol_ratio=0.77<1.2]
2026-06-08 21:18:56,692 INFO EVAL-FAIL WHD: rank=0.657  reason=[momentum_rank=0.657<0.7 | vol_ratio=0.81<1.2]
2026-06-08 21:18:56,692 INFO EVAL-FAIL CCRN: rank=0.629  reason=[momentum_rank=0.629<0.7 | above_5ma=+0.004 | vol_ratio=0.30<1.2]
2026-06-08 21:18:56,692 INFO EVAL-FAIL INVA: rank=0.600  reason=[momentum_rank=0.600<0.7 | above_5ma=+0.031 | vol_ratio=0.93<1.2]
2026-06-08 21:18:56,692 INFO EVAL-FAIL VET: rank=0.571  reason=[momentum_rank=0.571<0.7 | vol_ratio=0.90<1.2]
2026-06-08 21:18:56,692 INFO EVAL-FAIL ACAD: rank=0.543  reason=[momentum_rank=0.543<0.7 | above_5ma=+0.006 | vol_ratio=0.56<1.2]
2026-06-08 21:18:56,692 INFO EVAL-FAIL DRVN: rank=0.514  reason=[momentum_rank=0.514<0.7 | vol_ratio=0.47<1.2]
2026-06-08 21:18:56,692 INFO EVAL-FAIL YEXT: rank=0.486  reason=[momentum_rank=0.486<0.7 | vol_ratio=1.05<1.2]
2026-06-08 21:18:56,692 INFO EVAL-FAIL GPOR: rank=0.457  reason=[momentum_rank=0.457<0.7 | vol_ratio=0.81<1.2]
2026-06-08 21:18:56,693 INFO EVAL-FAIL PTLO: rank=0.429  reason=[momentum_rank=0.429<0.7 | vol_ratio=1.18<1.2]
2026-06-08 21:18:56,693 INFO EVAL-FAIL GSHD: rank=0.400  reason=[momentum_rank=0.400<0.7 | above_5ma=+0.058 | vol_ratio=0.86<1.2]
2026-06-08 21:18:56,693 INFO EVAL-FAIL SJT: rank=0.371  reason=[momentum_rank=0.371<0.7 | vol_ratio=1.06<1.2]
2026-06-08 21:18:56,693 INFO EVAL-FAIL DOMO: rank=0.343  reason=[momentum_rank=0.343<0.7 | vol_ratio=0.81<1.2]
2026-06-08 21:18:56,693 INFO EVAL-FAIL AGEN: rank=0.314  reason=[momentum_rank=0.314<0.7 | vol_ratio=0.64<1.2]
2026-06-08 21:18:56,693 INFO EVAL-FAIL NCNO: rank=0.286  reason=[momentum_rank=0.286<0.7 | vol_ratio=0.68<1.2]
2026-06-08 21:18:56,693 INFO EVAL-FAIL BMBL: rank=0.257  reason=[momentum_rank=0.257<0.7 | vol_ratio=1.10<1.2]
2026-06-08 21:18:56,693 INFO EVAL-FAIL JACK: rank=0.229  reason=[momentum_rank=0.229<0.7 | vol_ratio=0.54<1.2]
2026-06-08 21:18:56,693 INFO EVAL-FAIL FATE: rank=0.200  reason=[momentum_rank=0.200<0.7 | vol_ratio=0.85<1.2]
2026-06-08 21:18:56,693 INFO EVAL-FAIL AMPY: rank=0.171  reason=[momentum_rank=0.171<0.7]
2026-06-08 21:18:56,693 INFO EVAL-FAIL IRWD: rank=0.143  reason=[momentum_rank=0.143<0.7 | vol_ratio=0.56<1.2]
2026-06-08 21:18:56,693 INFO EVAL-FAIL REI: rank=0.114  reason=[momentum_rank=0.114<0.7 | vol_ratio=0.54<1.2]
2026-06-08 21:18:56,693 INFO EVAL-FAIL PRAX: rank=0.086  reason=[momentum_rank=0.086<0.7]
2026-06-08 21:18:56,693 INFO EVAL-FAIL EGHT: rank=0.057  reason=[momentum_rank=0.057<0.7 | vol_ratio=0.68<1.2]
2026-06-08 21:18:56,693 INFO EVAL-FAIL TTGT: rank=0.029  reason=[momentum_rank=0.029<0.7 | vol_ratio=0.48<1.2]
2026-06-08 21:18:56,694 INFO --- 1 signals fired ---
2026-06-08 21:18:56,694 INFO QUEUED  HLIO: rank=0.971  size=$1012.38 → fill tomorrow at open
2026-06-08 21:18:56,695 INFO 
--------------------------------------------------------------
  DATE         : 2026-06-08
  CASH         : $    9,119.17
  POSITION VAL : $    1,004.59
  EQUITY       : $   10,123.76
  OPEN POS     : 1 held  |  1 pending
  DAILY P&L    : $       +0.00
  TOTAL P&L    : $     +126.31  (+1.24%)
  TRADES TODAY : 0
--------------------------------------------------------------
