2026-07-23 15:33:59,460 INFO === Run: today=2026-07-23  signal_date=2026-07-22 ===
2026-07-23 15:33:59,460 INFO Fetching historical price data...
2026-07-23 15:34:09,310 INFO Using signal bar: 2026-07-22
2026-07-23 15:34:09,310 INFO Fetching today's opens for 34 tickers...
2026-07-23 15:34:10,868 INFO Got opens for 34 tickers.
2026-07-23 15:34:10,868 INFO --- Processing 0 pending entries ---
2026-07-23 15:34:10,868 INFO --- Checking exits for 1 open positions ---
2026-07-23 15:34:10,868 WARNING No H/L for CCRN on 2026-07-22 — skipping exit check
2026-07-23 15:34:10,868 INFO --- Generating signals for 2026-07-22 ---
2026-07-23 15:34:12,495 INFO --- Signal evaluation: 34 candidates ---
2026-07-23 15:34:12,495 INFO EVAL-PASS DOMO: rank=1.000  vol_ratio=1.42  pct_from_5ma=-0.066
2026-07-23 15:34:12,495 INFO EVAL-FAIL KELYA: rank=0.971  reason=[above_5ma=+0.002 | vol_ratio=0.67<1.2]
2026-07-23 15:34:12,495 INFO EVAL-FAIL TBI: rank=0.941  reason=[vol_ratio=0.39<1.2]
2026-07-23 15:34:12,495 INFO EVAL-FAIL GSHD: rank=0.912  reason=[vol_ratio=0.68<1.2]
2026-07-23 15:34:12,495 INFO EVAL-FAIL YEXT: rank=0.882  reason=[vol_ratio=0.74<1.2]
2026-07-23 15:34:12,495 INFO EVAL-FAIL JACK: rank=0.853  reason=[vol_ratio=0.46<1.2]
2026-07-23 15:34:12,495 INFO EVAL-FAIL MYGN: rank=0.824  reason=[vol_ratio=0.46<1.2]
2026-07-23 15:34:12,495 INFO EVAL-FAIL SM: rank=0.794  reason=[above_5ma=+0.049 | vol_ratio=1.05<1.2]
2026-07-23 15:34:12,496 INFO EVAL-FAIL ANGI: rank=0.765  reason=[vol_ratio=0.79<1.2]
2026-07-23 15:34:12,496 INFO EVAL-FAIL FATE: rank=0.735  reason=[vol_ratio=0.34<1.2]
2026-07-23 15:34:12,496 INFO EVAL-FAIL NCNO: rank=0.706  reason=[vol_ratio=0.74<1.2]
2026-07-23 15:34:12,496 INFO EVAL-FAIL DRVN: rank=0.676  reason=[momentum_rank=0.676<0.7 | vol_ratio=0.66<1.2]
2026-07-23 15:34:12,496 INFO EVAL-FAIL REI: rank=0.647  reason=[momentum_rank=0.647<0.7 | above_5ma=+0.016 | vol_ratio=0.42<1.2]
2026-07-23 15:34:12,496 INFO EVAL-FAIL VET: rank=0.618  reason=[momentum_rank=0.618<0.7 | above_5ma=+0.093]
2026-07-23 15:34:12,496 INFO EVAL-FAIL ACAD: rank=0.588  reason=[momentum_rank=0.588<0.7 | vol_ratio=0.64<1.2]
2026-07-23 15:34:12,496 INFO EVAL-FAIL PTLO: rank=0.559  reason=[momentum_rank=0.559<0.7 | vol_ratio=0.71<1.2]
2026-07-23 15:34:12,496 INFO EVAL-FAIL WHD: rank=0.529  reason=[momentum_rank=0.529<0.7 | above_5ma=+0.025 | vol_ratio=0.60<1.2]
2026-07-23 15:34:12,496 INFO EVAL-FAIL DIN: rank=0.500  reason=[momentum_rank=0.500<0.7 | vol_ratio=0.64<1.2]
2026-07-23 15:34:12,496 INFO EVAL-FAIL AMPY: rank=0.471  reason=[momentum_rank=0.471<0.7 | above_5ma=+0.026 | vol_ratio=0.58<1.2]
2026-07-23 15:34:12,496 INFO EVAL-FAIL RMNI: rank=0.441  reason=[momentum_rank=0.441<0.7 | vol_ratio=0.67<1.2]
2026-07-23 15:34:12,496 INFO EVAL-FAIL CATO: rank=0.412  reason=[momentum_rank=0.412<0.7 | above_5ma=+0.007 | vol_ratio=0.13<1.2]
2026-07-23 15:34:12,496 INFO EVAL-FAIL EGHT: rank=0.382  reason=[momentum_rank=0.382<0.7]
2026-07-23 15:34:12,496 INFO EVAL-FAIL PRAX: rank=0.353  reason=[momentum_rank=0.353<0.7 | above_5ma=+0.002 | vol_ratio=0.44<1.2]
2026-07-23 15:34:12,497 INFO EVAL-FAIL IRWD: rank=0.324  reason=[momentum_rank=0.324<0.7 | above_5ma=+0.002 | vol_ratio=0.41<1.2]
2026-07-23 15:34:12,497 INFO EVAL-FAIL BMBL: rank=0.294  reason=[momentum_rank=0.294<0.7 | vol_ratio=0.53<1.2]
2026-07-23 15:34:12,497 INFO EVAL-FAIL TTGT: rank=0.265  reason=[momentum_rank=0.265<0.7]
2026-07-23 15:34:12,497 INFO EVAL-FAIL GPOR: rank=0.235  reason=[momentum_rank=0.235<0.7 | above_5ma=+0.034 | vol_ratio=0.57<1.2]
2026-07-23 15:34:12,497 INFO EVAL-FAIL INVA: rank=0.206  reason=[momentum_rank=0.206<0.7 | vol_ratio=0.53<1.2]
2026-07-23 15:34:12,497 INFO EVAL-FAIL PLAY: rank=0.176  reason=[momentum_rank=0.176<0.7 | vol_ratio=1.11<1.2]
2026-07-23 15:34:12,497 INFO EVAL-FAIL HLIO: rank=0.147  reason=[momentum_rank=0.147<0.7 | vol_ratio=1.10<1.2]
2026-07-23 15:34:12,497 INFO EVAL-FAIL POWI: rank=0.118  reason=[momentum_rank=0.118<0.7 | above_5ma=+0.011 | vol_ratio=0.58<1.2]
2026-07-23 15:34:12,497 INFO EVAL-FAIL NVAX: rank=0.088  reason=[momentum_rank=0.088<0.7 | vol_ratio=0.69<1.2]
2026-07-23 15:34:12,497 INFO EVAL-FAIL SJT: rank=0.059  reason=[momentum_rank=0.059<0.7]
2026-07-23 15:34:12,497 INFO EVAL-FAIL LESL: rank=0.029  reason=[momentum_rank=0.029<0.7]
2026-07-23 15:34:12,498 INFO --- 1 signals fired ---
2026-07-23 15:34:12,498 INFO QUEUED  DOMO: rank=1.000  size=$915.11 → fill tomorrow at open
2026-07-23 15:34:12,498 INFO 
--------------------------------------------------------------
  DATE         : 2026-07-23
  CASH         : $    9,151.09
  POSITION VAL : $        0.00
  EQUITY       : $    9,151.09
  OPEN POS     : 1 held  |  1 pending
  DAILY P&L    : $       +0.00
  TOTAL P&L    : $     +174.51  (-8.49%)
  TRADES TODAY : 0
--------------------------------------------------------------
