2026-06-11 17:08:18,249 INFO === Run: today=2026-06-11  signal_date=2026-06-10 ===
2026-06-11 17:08:18,249 INFO Fetching historical price data...
2026-06-11 17:08:24,178 INFO Using signal bar: 2026-06-10
2026-06-11 17:08:24,178 INFO Fetching today's opens for 35 tickers...
2026-06-11 17:08:25,061 INFO Got opens for 35 tickers.
2026-06-11 17:08:25,062 INFO --- Processing 0 pending entries ---
2026-06-11 17:08:25,062 INFO --- Checking exits for 2 open positions ---
2026-06-11 17:08:25,062 INFO HOLD    CCRN: close=13.18  entry=13.12  peak=13.23  stop=12.33  tp=15.09
2026-06-11 17:08:25,062 INFO HOLD    HLIO: close=79.99  entry=85.04  peak=85.98  stop=79.94  tp=97.80
2026-06-11 17:08:25,062 INFO --- Generating signals for 2026-06-10 ---
2026-06-11 17:08:27,363 INFO --- Signal evaluation: 35 candidates ---
2026-06-11 17:08:27,364 INFO EVAL-FAIL PLAY: rank=1.000  reason=[above_5ma=+0.089]
2026-06-11 17:08:27,364 INFO EVAL-FAIL TBI: rank=0.971  reason=[vol_ratio=0.94<1.2]
2026-06-11 17:08:27,364 INFO EVAL-FAIL KELYA: rank=0.943  reason=[vol_ratio=0.50<1.2]
2026-06-11 17:08:27,364 INFO EVAL-PASS RMNI: rank=0.914  vol_ratio=1.61  pct_from_5ma=-0.009
2026-06-11 17:08:27,364 INFO EVAL-FAIL ANGI: rank=0.886  reason=[vol_ratio=0.45<1.2]
2026-06-11 17:08:27,364 INFO EVAL-FAIL DIN: rank=0.857  reason=[above_5ma=+0.065 | vol_ratio=1.02<1.2]
2026-06-11 17:08:27,364 INFO EVAL-FAIL CATO: rank=0.829  reason=[vol_ratio=0.35<1.2]
2026-06-11 17:08:27,364 INFO EVAL-FAIL MYGN: rank=0.800  reason=[vol_ratio=0.79<1.2]
2026-06-11 17:08:27,365 INFO EVAL-FAIL POWI: rank=0.771  reason=[vol_ratio=1.01<1.2]
2026-06-11 17:08:27,365 INFO EVAL-FAIL DRVN: rank=0.743  reason=[above_5ma=+0.024 | vol_ratio=1.02<1.2]
2026-06-11 17:08:27,365 INFO EVAL-FAIL SM: rank=0.714  reason=[above_5ma=+0.013 | vol_ratio=0.93<1.2]
2026-06-11 17:08:27,365 INFO EVAL-FAIL YEXT: rank=0.686  reason=[momentum_rank=0.686<0.7 | vol_ratio=0.70<1.2]
2026-06-11 17:08:27,365 INFO EVAL-FAIL PTLO: rank=0.657  reason=[momentum_rank=0.657<0.7 | above_5ma=+0.055 | vol_ratio=0.92<1.2]
2026-06-11 17:08:27,365 INFO EVAL-FAIL HLIO: rank=0.629  reason=[momentum_rank=0.629<0.7 | vol_ratio=1.03<1.2]
2026-06-11 17:08:27,365 INFO EVAL-FAIL WHD: rank=0.600  reason=[momentum_rank=0.600<0.7 | vol_ratio=0.71<1.2]
2026-06-11 17:08:27,365 INFO EVAL-FAIL INVA: rank=0.571  reason=[momentum_rank=0.571<0.7 | above_5ma=+0.022 | vol_ratio=0.78<1.2]
2026-06-11 17:08:27,365 INFO EVAL-FAIL CCRN: rank=0.543  reason=[momentum_rank=0.543<0.7 | vol_ratio=0.32<1.2]
2026-06-11 17:08:27,365 INFO EVAL-FAIL ACAD: rank=0.514  reason=[momentum_rank=0.514<0.7 | vol_ratio=0.92<1.2]
2026-06-11 17:08:27,365 INFO EVAL-FAIL GSHD: rank=0.486  reason=[momentum_rank=0.486<0.7 | above_5ma=+0.043 | vol_ratio=0.92<1.2]
2026-06-11 17:08:27,366 INFO EVAL-FAIL NCNO: rank=0.457  reason=[momentum_rank=0.457<0.7 | above_5ma=+0.009 | vol_ratio=0.55<1.2]
2026-06-11 17:08:27,366 INFO EVAL-FAIL GPOR: rank=0.429  reason=[momentum_rank=0.429<0.7 | vol_ratio=0.82<1.2]
2026-06-11 17:08:27,366 INFO EVAL-FAIL VET: rank=0.400  reason=[momentum_rank=0.400<0.7 | vol_ratio=0.61<1.2]
2026-06-11 17:08:27,366 INFO EVAL-FAIL JACK: rank=0.371  reason=[momentum_rank=0.371<0.7 | above_5ma=+0.050 | vol_ratio=0.61<1.2]
2026-06-11 17:08:27,366 INFO EVAL-FAIL AGEN: rank=0.343  reason=[momentum_rank=0.343<0.7]
2026-06-11 17:08:27,366 INFO EVAL-FAIL NVAX: rank=0.314  reason=[momentum_rank=0.314<0.7 | vol_ratio=0.59<1.2]
2026-06-11 17:08:27,366 INFO EVAL-FAIL AMPY: rank=0.286  reason=[momentum_rank=0.286<0.7 | above_5ma=+0.013 | vol_ratio=0.61<1.2]
2026-06-11 17:08:27,366 INFO EVAL-FAIL FATE: rank=0.257  reason=[momentum_rank=0.257<0.7 | vol_ratio=0.46<1.2]
2026-06-11 17:08:27,366 INFO EVAL-FAIL SJT: rank=0.229  reason=[momentum_rank=0.229<0.7]
2026-06-11 17:08:27,366 INFO EVAL-FAIL IRWD: rank=0.200  reason=[momentum_rank=0.200<0.7 | above_5ma=+0.011 | vol_ratio=0.80<1.2]
2026-06-11 17:08:27,366 INFO EVAL-FAIL DOMO: rank=0.171  reason=[momentum_rank=0.171<0.7 | vol_ratio=1.14<1.2]
2026-06-11 17:08:27,367 INFO EVAL-FAIL BMBL: rank=0.143  reason=[momentum_rank=0.143<0.7 | vol_ratio=0.76<1.2]
2026-06-11 17:08:27,367 INFO EVAL-FAIL TTGT: rank=0.114  reason=[momentum_rank=0.114<0.7 | vol_ratio=0.97<1.2]
2026-06-11 17:08:27,367 INFO EVAL-FAIL REI: rank=0.086  reason=[momentum_rank=0.086<0.7 | above_5ma=+0.003 | vol_ratio=0.51<1.2]
2026-06-11 17:08:27,367 INFO EVAL-FAIL PRAX: rank=0.057  reason=[momentum_rank=0.057<0.7 | vol_ratio=0.85<1.2]
2026-06-11 17:08:27,367 INFO EVAL-FAIL EGHT: rank=0.029  reason=[momentum_rank=0.029<0.7 | vol_ratio=0.91<1.2]
2026-06-11 17:08:27,367 INFO --- 1 signals fired ---
2026-06-11 17:08:27,368 INFO QUEUED  RMNI: rank=0.914  size=$1006.26 → fill tomorrow at open
2026-06-11 17:08:27,368 INFO 
--------------------------------------------------------------
  DATE         : 2026-06-11
  CASH         : $    8,105.79
  POSITION VAL : $    1,956.80
  EQUITY       : $   10,062.59
  OPEN POS     : 2 held  |  1 pending
  DAILY P&L    : $       +0.00
  TOTAL P&L    : $     +126.31  (+0.63%)
  TRADES TODAY : 0
--------------------------------------------------------------
