2026-06-17 16:47:29,279 INFO === Run: today=2026-06-17  signal_date=2026-06-16 ===
2026-06-17 16:47:29,279 INFO Fetching historical price data...
2026-06-17 16:47:34,072 INFO Using signal bar: 2026-06-16
2026-06-17 16:47:34,072 INFO Fetching today's opens for 35 tickers...
2026-06-17 16:47:35,023 INFO Got opens for 35 tickers.
2026-06-17 16:47:35,023 INFO --- Processing 1 pending entries ---
2026-06-17 16:47:35,024 INFO FILLED  PLAY  : 87.5088 sh @ $11.57  cost=$1013.37  slip=$0.76
2026-06-17 16:47:35,024 INFO --- Checking exits for 4 open positions ---
2026-06-17 16:47:35,024 INFO HOLD    CCRN: close=13.18  entry=13.12  peak=13.23  stop=12.33  tp=15.09
2026-06-17 16:47:35,024 INFO HOLD    HLIO: close=85.75  entry=85.04  peak=87.87  stop=79.94  tp=97.80
2026-06-17 16:47:35,024 INFO HOLD    RMNI: close=4.16  entry=4.18  peak=4.23  stop=3.93  tp=4.81
2026-06-17 16:47:35,024 INFO HOLD    PLAY: just entered today
2026-06-17 16:47:35,024 INFO --- Generating signals for 2026-06-16 ---
2026-06-17 16:47:36,752 INFO --- Signal evaluation: 35 candidates ---
2026-06-17 16:47:36,753 INFO EVAL-FAIL TBI: rank=1.000  reason=[vol_ratio=0.86<1.2]
2026-06-17 16:47:36,753 INFO EVAL-FAIL KELYA: rank=0.971  reason=[vol_ratio=0.81<1.2]
2026-06-17 16:47:36,753 INFO EVAL-FAIL POWI: rank=0.943  reason=[above_5ma=+0.008 | vol_ratio=0.41<1.2]
2026-06-17 16:47:36,753 INFO EVAL-FAIL JACK: rank=0.914  reason=[vol_ratio=0.82<1.2]
2026-06-17 16:47:36,753 INFO EVAL-FAIL MYGN: rank=0.886  reason=[vol_ratio=0.74<1.2]
2026-06-17 16:47:36,753 INFO EVAL-FAIL RMNI: rank=0.857  reason=[above_5ma=+0.002 | vol_ratio=0.69<1.2]
2026-06-17 16:47:36,753 INFO EVAL-FAIL YEXT: rank=0.829  reason=[above_5ma=+0.030 | vol_ratio=1.05<1.2]
2026-06-17 16:47:36,753 INFO EVAL-FAIL HLIO: rank=0.800  reason=[above_5ma=+0.022 | vol_ratio=0.76<1.2]
2026-06-17 16:47:36,753 INFO EVAL-PASS PLAY: rank=0.771  vol_ratio=3.28  pct_from_5ma=-0.076
2026-06-17 16:47:36,753 INFO EVAL-FAIL CATO: rank=0.743  reason=[above_5ma=+0.010 | vol_ratio=0.46<1.2]
2026-06-17 16:47:36,753 INFO EVAL-FAIL PTLO: rank=0.714  reason=[vol_ratio=0.80<1.2]
2026-06-17 16:47:36,753 INFO EVAL-FAIL DIN: rank=0.686  reason=[momentum_rank=0.686<0.7]
2026-06-17 16:47:36,753 INFO EVAL-FAIL FATE: rank=0.657  reason=[momentum_rank=0.657<0.7 | vol_ratio=0.43<1.2]
2026-06-17 16:47:36,753 INFO EVAL-FAIL IRWD: rank=0.629  reason=[momentum_rank=0.629<0.7 | above_5ma=+0.018 | vol_ratio=0.83<1.2]
2026-06-17 16:47:36,754 INFO EVAL-FAIL ANGI: rank=0.600  reason=[momentum_rank=0.600<0.7 | vol_ratio=1.04<1.2]
2026-06-17 16:47:36,754 INFO EVAL-FAIL INVA: rank=0.571  reason=[momentum_rank=0.571<0.7 | vol_ratio=0.63<1.2]
2026-06-17 16:47:36,754 INFO EVAL-FAIL NVAX: rank=0.543  reason=[momentum_rank=0.543<0.7 | above_5ma=+0.025 | vol_ratio=0.84<1.2]
2026-06-17 16:47:36,754 INFO EVAL-FAIL ACAD: rank=0.514  reason=[momentum_rank=0.514<0.7 | vol_ratio=1.01<1.2]
2026-06-17 16:47:36,754 INFO EVAL-FAIL CCRN: rank=0.486  reason=[momentum_rank=0.486<0.7 | above_5ma=+0.000]
2026-06-17 16:47:36,754 INFO EVAL-FAIL NCNO: rank=0.457  reason=[momentum_rank=0.457<0.7 | vol_ratio=0.68<1.2]
2026-06-17 16:47:36,754 INFO EVAL-FAIL BMBL: rank=0.429  reason=[momentum_rank=0.429<0.7 | above_5ma=+0.081]
2026-06-17 16:47:36,754 INFO EVAL-FAIL WHD: rank=0.400  reason=[momentum_rank=0.400<0.7 | vol_ratio=0.69<1.2]
2026-06-17 16:47:36,754 INFO EVAL-FAIL AGEN: rank=0.371  reason=[momentum_rank=0.371<0.7]
2026-06-17 16:47:36,754 INFO EVAL-FAIL DRVN: rank=0.343  reason=[momentum_rank=0.343<0.7 | vol_ratio=0.57<1.2]
2026-06-17 16:47:36,754 INFO EVAL-FAIL GSHD: rank=0.314  reason=[momentum_rank=0.314<0.7 | above_5ma=+0.008 | vol_ratio=0.85<1.2]
2026-06-17 16:47:36,754 INFO EVAL-FAIL GPOR: rank=0.286  reason=[momentum_rank=0.286<0.7]
2026-06-17 16:47:36,754 INFO EVAL-FAIL SM: rank=0.257  reason=[momentum_rank=0.257<0.7 | vol_ratio=1.03<1.2]
2026-06-17 16:47:36,754 INFO EVAL-FAIL REI: rank=0.229  reason=[momentum_rank=0.229<0.7 | vol_ratio=0.98<1.2]
2026-06-17 16:47:36,754 INFO EVAL-FAIL VET: rank=0.200  reason=[momentum_rank=0.200<0.7]
2026-06-17 16:47:36,754 INFO EVAL-FAIL PRAX: rank=0.171  reason=[momentum_rank=0.171<0.7 | above_5ma=+0.007 | vol_ratio=0.99<1.2]
2026-06-17 16:47:36,755 INFO EVAL-FAIL TTGT: rank=0.143  reason=[momentum_rank=0.143<0.7 | above_5ma=+0.003 | vol_ratio=0.83<1.2]
2026-06-17 16:47:36,755 INFO EVAL-FAIL AMPY: rank=0.114  reason=[momentum_rank=0.114<0.7 | vol_ratio=0.95<1.2]
2026-06-17 16:47:36,755 INFO EVAL-FAIL SJT: rank=0.086  reason=[momentum_rank=0.086<0.7 | vol_ratio=1.02<1.2]
2026-06-17 16:47:36,755 INFO EVAL-FAIL EGHT: rank=0.057  reason=[momentum_rank=0.057<0.7 | above_5ma=+0.027 | vol_ratio=0.67<1.2]
2026-06-17 16:47:36,755 INFO EVAL-FAIL DOMO: rank=0.029  reason=[momentum_rank=0.029<0.7]
2026-06-17 16:47:36,755 INFO --- 1 signals fired ---
2026-06-17 16:47:36,756 INFO SKIP-SIG PLAY: already in position
2026-06-17 16:47:36,756 INFO 
--------------------------------------------------------------
  DATE         : 2026-06-17
  CASH         : $    6,085.15
  POSITION VAL : $    4,036.79
  EQUITY       : $   10,121.94
  OPEN POS     : 4 held  |  0 pending
  DAILY P&L    : $       +0.00
  TOTAL P&L    : $     +126.31  (+1.22%)
  TRADES TODAY : 1
--------------------------------------------------------------
