2026-07-20 15:30:35,421 INFO === Run: today=2026-07-20  signal_date=2026-07-17 ===
2026-07-20 15:30:35,422 INFO Fetching historical price data...
2026-07-20 15:30:49,956 INFO Using signal bar: 2026-07-17
2026-07-20 15:30:49,956 INFO Fetching today's opens for 34 tickers...
2026-07-20 15:30:52,158 INFO Got opens for 34 tickers.
2026-07-20 15:30:52,158 INFO --- Processing 0 pending entries ---
2026-07-20 15:30:52,158 INFO --- Checking exits for 1 open positions ---
2026-07-20 15:30:52,158 INFO HOLD    CCRN: close=13.24  entry=13.12  peak=13.27  stop=12.33  tp=15.09
2026-07-20 15:30:52,158 INFO --- Generating signals for 2026-07-17 ---
2026-07-20 15:30:54,540 INFO --- Signal evaluation: 34 candidates ---
2026-07-20 15:30:54,540 INFO EVAL-FAIL DOMO: rank=1.000  reason=[above_5ma=+0.033 | vol_ratio=0.75<1.2]
2026-07-20 15:30:54,540 INFO EVAL-FAIL GSHD: rank=0.971  reason=[above_5ma=+0.019 | vol_ratio=0.54<1.2]
2026-07-20 15:30:54,541 INFO EVAL-FAIL FATE: rank=0.941  reason=[vol_ratio=0.33<1.2]
2026-07-20 15:30:54,541 INFO EVAL-FAIL MYGN: rank=0.912  reason=[above_5ma=+0.011 | vol_ratio=0.48<1.2]
2026-07-20 15:30:54,541 INFO EVAL-FAIL YEXT: rank=0.882  reason=[vol_ratio=0.72<1.2]
2026-07-20 15:30:54,541 INFO EVAL-FAIL KELYA: rank=0.853  reason=[above_5ma=+0.043 | vol_ratio=0.90<1.2]
2026-07-20 15:30:54,541 INFO EVAL-FAIL TBI: rank=0.824  reason=[above_5ma=+0.008 | vol_ratio=0.88<1.2]
2026-07-20 15:30:54,541 INFO EVAL-FAIL DRVN: rank=0.794  reason=[vol_ratio=0.63<1.2]
2026-07-20 15:30:54,541 INFO EVAL-FAIL JACK: rank=0.765  reason=[vol_ratio=0.61<1.2]
2026-07-20 15:30:54,541 INFO EVAL-FAIL ANGI: rank=0.735  reason=[vol_ratio=0.37<1.2]
2026-07-20 15:30:54,541 INFO EVAL-FAIL ACAD: rank=0.706  reason=[vol_ratio=0.62<1.2]
2026-07-20 15:30:54,541 INFO EVAL-FAIL PRAX: rank=0.676  reason=[momentum_rank=0.676<0.7 | vol_ratio=0.49<1.2]
2026-07-20 15:30:54,542 INFO EVAL-FAIL NCNO: rank=0.647  reason=[momentum_rank=0.647<0.7 | above_5ma=+0.006 | vol_ratio=0.60<1.2]
2026-07-20 15:30:54,542 INFO EVAL-FAIL RMNI: rank=0.618  reason=[momentum_rank=0.618<0.7 | vol_ratio=0.54<1.2]
2026-07-20 15:30:54,542 INFO EVAL-FAIL SM: rank=0.588  reason=[momentum_rank=0.588<0.7 | above_5ma=+0.037 | vol_ratio=0.58<1.2]
2026-07-20 15:30:54,542 INFO EVAL-FAIL PTLO: rank=0.559  reason=[momentum_rank=0.559<0.7 | above_5ma=+0.005 | vol_ratio=0.83<1.2]
2026-07-20 15:30:54,542 INFO EVAL-FAIL IRWD: rank=0.529  reason=[momentum_rank=0.529<0.7 | vol_ratio=0.64<1.2]
2026-07-20 15:30:54,542 INFO EVAL-FAIL DIN: rank=0.500  reason=[momentum_rank=0.500<0.7 | above_5ma=+0.002 | vol_ratio=0.84<1.2]
2026-07-20 15:30:54,542 INFO EVAL-FAIL REI: rank=0.471  reason=[momentum_rank=0.471<0.7 | above_5ma=+0.025 | vol_ratio=0.35<1.2]
2026-07-20 15:30:54,542 INFO EVAL-FAIL TTGT: rank=0.441  reason=[momentum_rank=0.441<0.7 | vol_ratio=0.99<1.2]
2026-07-20 15:30:54,542 INFO EVAL-FAIL EGHT: rank=0.412  reason=[momentum_rank=0.412<0.7 | vol_ratio=0.79<1.2]
2026-07-20 15:30:54,543 INFO EVAL-FAIL CCRN: rank=0.382  reason=[momentum_rank=0.382<0.7 | above_5ma=+0.001]
2026-07-20 15:30:54,543 INFO EVAL-FAIL CATO: rank=0.353  reason=[momentum_rank=0.353<0.7]
2026-07-20 15:30:54,543 INFO EVAL-FAIL BMBL: rank=0.324  reason=[momentum_rank=0.324<0.7 | vol_ratio=0.62<1.2]
2026-07-20 15:30:54,543 INFO EVAL-FAIL AMPY: rank=0.294  reason=[momentum_rank=0.294<0.7 | vol_ratio=0.58<1.2]
2026-07-20 15:30:54,543 INFO EVAL-FAIL VET: rank=0.265  reason=[momentum_rank=0.265<0.7 | above_5ma=+0.006 | vol_ratio=1.19<1.2]
2026-07-20 15:30:54,543 INFO EVAL-FAIL HLIO: rank=0.235  reason=[momentum_rank=0.235<0.7 | above_5ma=+0.005 | vol_ratio=0.52<1.2]
2026-07-20 15:30:54,543 INFO EVAL-FAIL WHD: rank=0.206  reason=[momentum_rank=0.206<0.7 | above_5ma=+0.019 | vol_ratio=0.96<1.2]
2026-07-20 15:30:54,543 INFO EVAL-FAIL INVA: rank=0.176  reason=[momentum_rank=0.176<0.7 | vol_ratio=0.56<1.2]
2026-07-20 15:30:54,543 INFO EVAL-FAIL GPOR: rank=0.147  reason=[momentum_rank=0.147<0.7 | vol_ratio=0.31<1.2]
2026-07-20 15:30:54,543 INFO EVAL-FAIL PLAY: rank=0.118  reason=[momentum_rank=0.118<0.7 | above_5ma=+0.007 | vol_ratio=0.57<1.2]
2026-07-20 15:30:54,544 INFO EVAL-FAIL POWI: rank=0.088  reason=[momentum_rank=0.088<0.7 | above_5ma=+0.002 | vol_ratio=0.74<1.2]
2026-07-20 15:30:54,544 INFO EVAL-FAIL NVAX: rank=0.059  reason=[momentum_rank=0.059<0.7 | vol_ratio=0.53<1.2]
2026-07-20 15:30:54,544 INFO EVAL-FAIL SJT: rank=0.029  reason=[momentum_rank=0.029<0.7 | above_5ma=+0.010 | vol_ratio=0.66<1.2]
2026-07-20 15:30:54,544 INFO --- 0 signals fired ---
2026-07-20 15:30:54,545 INFO 
--------------------------------------------------------------
  DATE         : 2026-07-20
  CASH         : $    9,151.09
  POSITION VAL : $    1,009.16
  EQUITY       : $   10,160.25
  OPEN POS     : 1 held  |  0 pending
  DAILY P&L    : $       +0.00
  TOTAL P&L    : $     +174.51  (+1.60%)
  TRADES TODAY : 0
--------------------------------------------------------------
