2026-06-18 16:46:15,284 INFO === Run: today=2026-06-18  signal_date=2026-06-17 ===
2026-06-18 16:46:15,284 INFO Fetching historical price data...
2026-06-18 16:46:20,332 INFO Using signal bar: 2026-06-17
2026-06-18 16:46:20,332 INFO Fetching today's opens for 35 tickers...
2026-06-18 16:46:21,226 INFO Got opens for 35 tickers.
2026-06-18 16:46:21,226 INFO --- Processing 0 pending entries ---
2026-06-18 16:46:21,226 INFO --- Checking exits for 4 open positions ---
2026-06-18 16:46:21,226 INFO HOLD    CCRN: close=13.17  entry=13.12  peak=13.23  stop=12.33  tp=15.09
2026-06-18 16:46:21,227 INFO HOLD    HLIO: close=84.60  entry=85.04  peak=87.87  stop=79.94  tp=97.80
2026-06-18 16:46:21,227 INFO HOLD    RMNI: close=4.11  entry=4.18  peak=4.26  stop=3.93  tp=4.81
2026-06-18 16:46:21,227 INFO HOLD    PLAY: close=11.19  entry=11.57  peak=12.22  stop=10.87  tp=13.30
2026-06-18 16:46:21,227 INFO --- Generating signals for 2026-06-17 ---
2026-06-18 16:46:23,699 INFO --- Signal evaluation: 35 candidates ---
2026-06-18 16:46:23,699 INFO EVAL-PASS TBI: rank=1.000  vol_ratio=1.27  pct_from_5ma=-0.015
2026-06-18 16:46:23,699 INFO EVAL-FAIL MYGN: rank=0.971  reason=[vol_ratio=0.53<1.2]
2026-06-18 16:46:23,700 INFO EVAL-FAIL POWI: rank=0.943  reason=[above_5ma=+0.010 | vol_ratio=0.63<1.2]
2026-06-18 16:46:23,700 INFO EVAL-FAIL KELYA: rank=0.914  reason=[vol_ratio=0.92<1.2]
2026-06-18 16:46:23,700 INFO EVAL-FAIL RMNI: rank=0.886  reason=[vol_ratio=1.16<1.2]
2026-06-18 16:46:23,700 INFO EVAL-FAIL DIN: rank=0.857  reason=[above_5ma=+0.002 | vol_ratio=0.67<1.2]
2026-06-18 16:46:23,700 INFO EVAL-PASS YEXT: rank=0.829  vol_ratio=1.32  pct_from_5ma=-0.004
2026-06-18 16:46:23,700 INFO EVAL-PASS HLIO: rank=0.800  vol_ratio=1.28  pct_from_5ma=-0.003
2026-06-18 16:46:23,700 INFO EVAL-FAIL JACK: rank=0.771  reason=[vol_ratio=0.58<1.2]
2026-06-18 16:46:23,700 INFO EVAL-FAIL NVAX: rank=0.743  reason=[above_5ma=+0.037 | vol_ratio=0.78<1.2]
2026-06-18 16:46:23,700 INFO EVAL-FAIL PTLO: rank=0.714  reason=[vol_ratio=0.67<1.2]
2026-06-18 16:46:23,700 INFO EVAL-FAIL ACAD: rank=0.686  reason=[momentum_rank=0.686<0.7 | above_5ma=+0.016 | vol_ratio=1.13<1.2]
2026-06-18 16:46:23,701 INFO EVAL-FAIL PLAY: rank=0.657  reason=[momentum_rank=0.657<0.7 | vol_ratio=1.18<1.2]
2026-06-18 16:46:23,701 INFO EVAL-FAIL CATO: rank=0.629  reason=[momentum_rank=0.629<0.7 | above_5ma=+0.001 | vol_ratio=0.22<1.2]
2026-06-18 16:46:23,701 INFO EVAL-FAIL INVA: rank=0.600  reason=[momentum_rank=0.600<0.7 | above_5ma=+0.003 | vol_ratio=0.66<1.2]
2026-06-18 16:46:23,701 INFO EVAL-FAIL FATE: rank=0.571  reason=[momentum_rank=0.571<0.7 | vol_ratio=0.40<1.2]
2026-06-18 16:46:23,701 INFO EVAL-FAIL NCNO: rank=0.543  reason=[momentum_rank=0.543<0.7 | above_5ma=+0.031]
2026-06-18 16:46:23,701 INFO EVAL-FAIL CCRN: rank=0.514  reason=[momentum_rank=0.514<0.7]
2026-06-18 16:46:23,701 INFO EVAL-FAIL ANGI: rank=0.486  reason=[momentum_rank=0.486<0.7 | vol_ratio=0.95<1.2]
2026-06-18 16:46:23,701 INFO EVAL-FAIL IRWD: rank=0.457  reason=[momentum_rank=0.457<0.7 | vol_ratio=0.78<1.2]
2026-06-18 16:46:23,701 INFO EVAL-FAIL AGEN: rank=0.429  reason=[momentum_rank=0.429<0.7 | vol_ratio=1.18<1.2]
2026-06-18 16:46:23,701 INFO EVAL-FAIL DRVN: rank=0.400  reason=[momentum_rank=0.400<0.7 | vol_ratio=0.74<1.2]
2026-06-18 16:46:23,702 INFO EVAL-FAIL BMBL: rank=0.371  reason=[momentum_rank=0.371<0.7 | above_5ma=+0.027 | vol_ratio=0.89<1.2]
2026-06-18 16:46:23,702 INFO EVAL-FAIL WHD: rank=0.343  reason=[momentum_rank=0.343<0.7 | vol_ratio=0.91<1.2]
2026-06-18 16:46:23,702 INFO EVAL-FAIL GPOR: rank=0.314  reason=[momentum_rank=0.314<0.7]
2026-06-18 16:46:23,702 INFO EVAL-FAIL GSHD: rank=0.286  reason=[momentum_rank=0.286<0.7 | vol_ratio=1.07<1.2]
2026-06-18 16:46:23,702 INFO EVAL-FAIL PRAX: rank=0.257  reason=[momentum_rank=0.257<0.7 | above_5ma=+0.033 | vol_ratio=0.92<1.2]
2026-06-18 16:46:23,702 INFO EVAL-FAIL SM: rank=0.229  reason=[momentum_rank=0.229<0.7 | vol_ratio=0.83<1.2]
2026-06-18 16:46:23,702 INFO EVAL-FAIL REI: rank=0.200  reason=[momentum_rank=0.200<0.7 | vol_ratio=1.10<1.2]
2026-06-18 16:46:23,702 INFO EVAL-FAIL AMPY: rank=0.171  reason=[momentum_rank=0.171<0.7]
2026-06-18 16:46:23,702 INFO EVAL-FAIL VET: rank=0.143  reason=[momentum_rank=0.143<0.7 | vol_ratio=0.95<1.2]
2026-06-18 16:46:23,702 INFO EVAL-FAIL EGHT: rank=0.114  reason=[momentum_rank=0.114<0.7 | above_5ma=+0.021 | vol_ratio=0.52<1.2]
2026-06-18 16:46:23,702 INFO EVAL-FAIL SJT: rank=0.086  reason=[momentum_rank=0.086<0.7 | vol_ratio=0.74<1.2]
2026-06-18 16:46:23,703 INFO EVAL-FAIL TTGT: rank=0.057  reason=[momentum_rank=0.057<0.7 | vol_ratio=0.97<1.2]
2026-06-18 16:46:23,703 INFO EVAL-FAIL DOMO: rank=0.029  reason=[momentum_rank=0.029<0.7]
2026-06-18 16:46:23,703 INFO --- 3 signals fired ---
2026-06-18 16:46:23,704 INFO QUEUED  TBI: rank=1.000  size=$1006.40 → fill tomorrow at open
2026-06-18 16:46:23,704 INFO QUEUED  YEXT: rank=0.829  size=$1006.40 → fill tomorrow at open
2026-06-18 16:46:23,704 INFO SKIP-SIG HLIO: already in position
2026-06-18 16:46:23,705 INFO 
--------------------------------------------------------------
  DATE         : 2026-06-18
  CASH         : $    6,085.15
  POSITION VAL : $    3,978.81
  EQUITY       : $   10,063.95
  OPEN POS     : 4 held  |  2 pending
  DAILY P&L    : $       +0.00
  TOTAL P&L    : $     +126.31  (+0.64%)
  TRADES TODAY : 0
--------------------------------------------------------------
