2026-07-06 16:40:28,636 INFO === Run: today=2026-07-06  signal_date=2026-07-02 ===
2026-07-06 16:40:28,636 INFO Fetching historical price data...
2026-07-06 16:40:33,769 INFO Using signal bar: 2026-07-02
2026-07-06 16:40:33,769 INFO Fetching today's opens for 35 tickers...
2026-07-06 16:40:34,551 INFO Got opens for 35 tickers.
2026-07-06 16:40:34,551 INFO --- Processing 0 pending entries ---
2026-07-06 16:40:34,551 INFO --- Checking exits for 1 open positions ---
2026-07-06 16:40:34,552 INFO HOLD    CCRN: close=13.20  entry=13.12  peak=13.23  stop=12.33  tp=15.09
2026-07-06 16:40:34,552 INFO --- Generating signals for 2026-07-02 ---
2026-07-06 16:40:35,850 INFO --- Signal evaluation: 35 candidates ---
2026-07-06 16:40:35,850 INFO EVAL-FAIL GSHD: rank=1.000  reason=[above_5ma=+0.068 | vol_ratio=0.97<1.2]
2026-07-06 16:40:35,850 INFO EVAL-FAIL JACK: rank=0.971  reason=[above_5ma=+0.064]
2026-07-06 16:40:35,850 INFO EVAL-FAIL MYGN: rank=0.943  reason=[above_5ma=+0.018 | vol_ratio=0.80<1.2]
2026-07-06 16:40:35,850 INFO EVAL-FAIL IRWD: rank=0.914  reason=[above_5ma=+0.027 | vol_ratio=1.09<1.2]
2026-07-06 16:40:35,850 INFO EVAL-FAIL FATE: rank=0.886  reason=[above_5ma=+0.109 | vol_ratio=0.90<1.2]
2026-07-06 16:40:35,850 INFO EVAL-FAIL YEXT: rank=0.857  reason=[above_5ma=+0.048 | vol_ratio=0.82<1.2]
2026-07-06 16:40:35,850 INFO EVAL-FAIL DIN: rank=0.829  reason=[above_5ma=+0.005 | vol_ratio=0.95<1.2]
2026-07-06 16:40:35,850 INFO EVAL-FAIL PTLO: rank=0.800  reason=[above_5ma=+0.029 | vol_ratio=0.74<1.2]
2026-07-06 16:40:35,850 INFO EVAL-FAIL ACAD: rank=0.771  reason=[above_5ma=+0.022 | vol_ratio=0.92<1.2]
2026-07-06 16:40:35,851 INFO EVAL-FAIL KELYA: rank=0.743  reason=[above_5ma=+0.021 | vol_ratio=0.60<1.2]
2026-07-06 16:40:35,851 INFO EVAL-FAIL BMBL: rank=0.714  reason=[above_5ma=+0.028 | vol_ratio=0.70<1.2]
2026-07-06 16:40:35,851 INFO EVAL-FAIL PRAX: rank=0.686  reason=[momentum_rank=0.686<0.7 | vol_ratio=0.53<1.2]
2026-07-06 16:40:35,851 INFO EVAL-FAIL DRVN: rank=0.657  reason=[momentum_rank=0.657<0.7 | above_5ma=+0.025]
2026-07-06 16:40:35,851 INFO EVAL-FAIL NCNO: rank=0.629  reason=[momentum_rank=0.629<0.7 | above_5ma=+0.073 | vol_ratio=0.83<1.2]
2026-07-06 16:40:35,851 INFO EVAL-FAIL RMNI: rank=0.600  reason=[momentum_rank=0.600<0.7 | above_5ma=+0.038 | vol_ratio=0.68<1.2]
2026-07-06 16:40:35,851 INFO EVAL-FAIL AGEN: rank=0.571  reason=[momentum_rank=0.571<0.7 | above_5ma=+0.081 | vol_ratio=0.79<1.2]
2026-07-06 16:40:35,851 INFO EVAL-FAIL INVA: rank=0.543  reason=[momentum_rank=0.543<0.7 | vol_ratio=0.76<1.2]
2026-07-06 16:40:35,851 INFO EVAL-FAIL CCRN: rank=0.514  reason=[momentum_rank=0.514<0.7]
2026-07-06 16:40:35,851 INFO EVAL-FAIL ANGI: rank=0.486  reason=[momentum_rank=0.486<0.7 | above_5ma=+0.018 | vol_ratio=0.49<1.2]
2026-07-06 16:40:35,851 INFO EVAL-FAIL CATO: rank=0.457  reason=[momentum_rank=0.457<0.7 | above_5ma=+0.019 | vol_ratio=0.57<1.2]
2026-07-06 16:40:35,851 INFO EVAL-FAIL TBI: rank=0.429  reason=[momentum_rank=0.429<0.7 | vol_ratio=0.97<1.2]
2026-07-06 16:40:35,851 INFO EVAL-FAIL GPOR: rank=0.400  reason=[momentum_rank=0.400<0.7 | above_5ma=+0.014]
2026-07-06 16:40:35,851 INFO EVAL-FAIL HLIO: rank=0.371  reason=[momentum_rank=0.371<0.7]
2026-07-06 16:40:35,851 INFO EVAL-FAIL TTGT: rank=0.343  reason=[momentum_rank=0.343<0.7 | above_5ma=+0.038 | vol_ratio=0.71<1.2]
2026-07-06 16:40:35,851 INFO EVAL-FAIL NVAX: rank=0.314  reason=[momentum_rank=0.314<0.7 | above_5ma=+0.039 | vol_ratio=1.04<1.2]
2026-07-06 16:40:35,851 INFO EVAL-FAIL DOMO: rank=0.286  reason=[momentum_rank=0.286<0.7 | above_5ma=+0.115 | vol_ratio=0.53<1.2]
2026-07-06 16:40:35,851 INFO EVAL-FAIL PLAY: rank=0.257  reason=[momentum_rank=0.257<0.7 | vol_ratio=0.59<1.2]
2026-07-06 16:40:35,851 INFO EVAL-FAIL EGHT: rank=0.229  reason=[momentum_rank=0.229<0.7 | above_5ma=+0.041 | vol_ratio=1.12<1.2]
2026-07-06 16:40:35,851 INFO EVAL-FAIL POWI: rank=0.200  reason=[momentum_rank=0.200<0.7 | vol_ratio=1.20<1.2]
2026-07-06 16:40:35,851 INFO EVAL-FAIL WHD: rank=0.171  reason=[momentum_rank=0.171<0.7 | above_5ma=+0.000 | vol_ratio=0.94<1.2]
2026-07-06 16:40:35,852 INFO EVAL-FAIL AMPY: rank=0.143  reason=[momentum_rank=0.143<0.7 | above_5ma=+0.004 | vol_ratio=0.43<1.2]
2026-07-06 16:40:35,852 INFO EVAL-FAIL SJT: rank=0.114  reason=[momentum_rank=0.114<0.7 | above_5ma=+0.012 | vol_ratio=0.45<1.2]
2026-07-06 16:40:35,852 INFO EVAL-FAIL REI: rank=0.086  reason=[momentum_rank=0.086<0.7 | vol_ratio=0.87<1.2]
2026-07-06 16:40:35,852 INFO EVAL-FAIL SM: rank=0.057  reason=[momentum_rank=0.057<0.7 | above_5ma=+0.024 | vol_ratio=1.03<1.2]
2026-07-06 16:40:35,852 INFO EVAL-FAIL VET: rank=0.029  reason=[momentum_rank=0.029<0.7]
2026-07-06 16:40:35,852 INFO --- 0 signals fired ---
2026-07-06 16:40:35,852 INFO 
--------------------------------------------------------------
  DATE         : 2026-07-06
  CASH         : $    9,279.56
  POSITION VAL : $    1,006.11
  EQUITY       : $   10,285.67
  OPEN POS     : 1 held  |  0 pending
  DAILY P&L    : $       +0.00
  TOTAL P&L    : $     +299.00  (+2.86%)
  TRADES TODAY : 0
--------------------------------------------------------------
