2026-05-20 16:48:00,856 INFO === Run: today=2026-05-20  signal_date=2026-05-19 ===
2026-05-20 16:48:00,856 INFO Fetching historical price data...
2026-05-20 16:48:12,675 INFO Using signal bar: 2026-05-19
2026-05-20 16:48:12,675 INFO Fetching today's opens for 35 tickers...
2026-05-20 16:48:15,704 INFO Got opens for 35 tickers.
2026-05-20 16:48:15,705 INFO --- Processing 2 pending entries ---
2026-05-20 16:48:15,705 INFO FILLED  CCRN  : 76.2205 sh @ $13.12  cost=$1001.00  slip=$0.75
2026-05-20 16:48:15,705 INFO FILLED  TBI   : 187.8290 sh @ $5.32  cost=$1001.00  slip=$0.75
2026-05-20 16:48:15,705 INFO --- Checking exits for 2 open positions ---
2026-05-20 16:48:15,705 INFO HOLD    CCRN: just entered today
2026-05-20 16:48:15,705 INFO HOLD    TBI: just entered today
2026-05-20 16:48:15,705 INFO --- Generating signals for 2026-05-19 ---
2026-05-20 16:48:17,378 INFO --- Signal evaluation: 35 candidates ---
2026-05-20 16:48:17,379 INFO EVAL-FAIL FATE: rank=1.000  reason=[above_5ma=+0.003]
2026-05-20 16:48:17,379 INFO EVAL-FAIL CCRN: rank=0.971  reason=[vol_ratio=0.71<1.2]
2026-05-20 16:48:17,379 INFO EVAL-FAIL SM: rank=0.943  reason=[above_5ma=+0.055 | vol_ratio=0.92<1.2]
2026-05-20 16:48:17,379 INFO EVAL-FAIL TBI: rank=0.914  reason=[vol_ratio=0.44<1.2]
2026-05-20 16:48:17,379 INFO EVAL-FAIL EGHT: rank=0.886  reason=[above_5ma=+0.018]
2026-05-20 16:48:17,379 INFO EVAL-FAIL WHD: rank=0.857  reason=[above_5ma=+0.041]
2026-05-20 16:48:17,379 INFO EVAL-FAIL HLIO: rank=0.829  reason=[above_5ma=+0.011]
2026-05-20 16:48:17,379 INFO EVAL-FAIL VET: rank=0.800  reason=[above_5ma=+0.030 | vol_ratio=1.12<1.2]
2026-05-20 16:48:17,379 INFO EVAL-FAIL CATO: rank=0.771  reason=[above_5ma=+0.049]
2026-05-20 16:48:17,380 INFO EVAL-FAIL NVAX: rank=0.743  reason=[vol_ratio=0.55<1.2]
2026-05-20 16:48:17,380 INFO EVAL-PASS DIN: rank=0.714  vol_ratio=1.28  pct_from_5ma=-0.006
2026-05-20 16:48:17,380 INFO EVAL-FAIL KELYA: rank=0.686  reason=[momentum_rank=0.686<0.7 | above_5ma=+0.003]
2026-05-20 16:48:17,380 INFO EVAL-FAIL DRVN: rank=0.657  reason=[momentum_rank=0.657<0.7 | above_5ma=+0.007 | vol_ratio=0.98<1.2]
2026-05-20 16:48:17,380 INFO EVAL-FAIL POWI: rank=0.629  reason=[momentum_rank=0.629<0.7 | vol_ratio=0.72<1.2]
2026-05-20 16:48:17,380 INFO EVAL-FAIL GPOR: rank=0.600  reason=[momentum_rank=0.600<0.7 | above_5ma=+0.023]
2026-05-20 16:48:17,380 INFO EVAL-FAIL REI: rank=0.571  reason=[momentum_rank=0.571<0.7 | above_5ma=+0.046 | vol_ratio=0.71<1.2]
2026-05-20 16:48:17,380 INFO EVAL-FAIL TTGT: rank=0.543  reason=[momentum_rank=0.543<0.7 | vol_ratio=0.74<1.2]
2026-05-20 16:48:17,380 INFO EVAL-FAIL RMNI: rank=0.514  reason=[momentum_rank=0.514<0.7 | above_5ma=+0.005 | vol_ratio=0.62<1.2]
2026-05-20 16:48:17,380 INFO EVAL-FAIL PRAX: rank=0.486  reason=[momentum_rank=0.486<0.7 | vol_ratio=0.76<1.2]
2026-05-20 16:48:17,380 INFO EVAL-FAIL ACAD: rank=0.457  reason=[momentum_rank=0.457<0.7]
2026-05-20 16:48:17,380 INFO EVAL-FAIL AMPY: rank=0.429  reason=[momentum_rank=0.429<0.7 | above_5ma=+0.003 | vol_ratio=0.86<1.2]
2026-05-20 16:48:17,380 INFO EVAL-FAIL SJT: rank=0.400  reason=[momentum_rank=0.400<0.7 | vol_ratio=0.30<1.2]
2026-05-20 16:48:17,380 INFO EVAL-FAIL DOMO: rank=0.371  reason=[momentum_rank=0.371<0.7 | above_5ma=+0.035 | vol_ratio=1.14<1.2]
2026-05-20 16:48:17,380 INFO EVAL-FAIL GSHD: rank=0.343  reason=[momentum_rank=0.343<0.7 | above_5ma=+0.063 | vol_ratio=1.11<1.2]
2026-05-20 16:48:17,380 INFO EVAL-FAIL INVA: rank=0.314  reason=[momentum_rank=0.314<0.7]
2026-05-20 16:48:17,381 INFO EVAL-FAIL YEXT: rank=0.286  reason=[momentum_rank=0.286<0.7 | above_5ma=+0.013 | vol_ratio=0.71<1.2]
2026-05-20 16:48:17,381 INFO EVAL-FAIL IRWD: rank=0.257  reason=[momentum_rank=0.257<0.7 | above_5ma=+0.014]
2026-05-20 16:48:17,381 INFO EVAL-FAIL JACK: rank=0.229  reason=[momentum_rank=0.229<0.7 | above_5ma=+0.006 | vol_ratio=0.96<1.2]
2026-05-20 16:48:17,381 INFO EVAL-FAIL PLAY: rank=0.200  reason=[momentum_rank=0.200<0.7 | above_5ma=+0.042 | vol_ratio=0.76<1.2]
2026-05-20 16:48:17,381 INFO EVAL-FAIL NCNO: rank=0.171  reason=[momentum_rank=0.171<0.7 | above_5ma=+0.002]
2026-05-20 16:48:17,381 INFO EVAL-FAIL AGEN: rank=0.143  reason=[momentum_rank=0.143<0.7 | vol_ratio=0.78<1.2]
2026-05-20 16:48:17,381 INFO EVAL-FAIL MYGN: rank=0.114  reason=[momentum_rank=0.114<0.7 | vol_ratio=1.10<1.2]
2026-05-20 16:48:17,381 INFO EVAL-FAIL BMBL: rank=0.086  reason=[momentum_rank=0.086<0.7]
2026-05-20 16:48:17,381 INFO EVAL-FAIL ANGI: rank=0.057  reason=[momentum_rank=0.057<0.7 | above_5ma=+0.036 | vol_ratio=0.90<1.2]
2026-05-20 16:48:17,381 INFO EVAL-FAIL PTLO: rank=0.029  reason=[momentum_rank=0.029<0.7 | vol_ratio=0.99<1.2]
2026-05-20 16:48:17,382 INFO --- 1 signals fired ---
2026-05-20 16:48:17,382 INFO QUEUED  DIN: rank=0.714  size=$1000.51 → fill tomorrow at open
2026-05-20 16:48:17,382 INFO 
--------------------------------------------------------------
  DATE         : 2026-05-20
  CASH         : $    7,998.00
  POSITION VAL : $    2,007.13
  EQUITY       : $   10,005.13
  OPEN POS     : 2 held  |  1 pending
  DAILY P&L    : $       +0.00
  TOTAL P&L    : $       +0.00  (+0.05%)
  TRADES TODAY : 2
--------------------------------------------------------------
