2026-05-28 21:25:51,215 INFO === Run: today=2026-05-28  signal_date=2026-05-27 ===
2026-05-28 21:25:51,215 INFO Fetching historical price data...
2026-05-28 21:26:01,331 INFO Using signal bar: 2026-05-27
2026-05-28 21:26:01,331 INFO Fetching today's opens for 35 tickers...
2026-05-28 21:26:03,057 INFO Got opens for 35 tickers.
2026-05-28 21:26:03,057 INFO --- Processing 0 pending entries ---
2026-05-28 21:26:03,057 INFO --- Checking exits for 2 open positions ---
2026-05-28 21:26:03,058 INFO HOLD    CCRN: close=13.07  entry=13.12  peak=13.14  stop=12.33  tp=15.09
2026-05-28 21:26:03,058 INFO HOLD    DIN: close=31.06  entry=29.58  peak=31.95  stop=27.81  tp=34.02
2026-05-28 21:26:03,058 INFO --- Generating signals for 2026-05-27 ---
2026-05-28 21:26:04,821 INFO --- Signal evaluation: 35 candidates ---
2026-05-28 21:26:04,822 INFO EVAL-FAIL FATE: rank=1.000  reason=[above_5ma=+0.106]
2026-05-28 21:26:04,822 INFO EVAL-FAIL NVAX: rank=0.971  reason=[above_5ma=+0.131]
2026-05-28 21:26:04,822 INFO EVAL-FAIL POWI: rank=0.943  reason=[above_5ma=+0.139]
2026-05-28 21:26:04,822 INFO EVAL-FAIL CCRN: rank=0.914  reason=[vol_ratio=0.29<1.2]
2026-05-28 21:26:04,822 INFO EVAL-FAIL TBI: rank=0.886  reason=[above_5ma=+0.037 | vol_ratio=0.53<1.2]
2026-05-28 21:26:04,822 INFO EVAL-FAIL HLIO: rank=0.857  reason=[above_5ma=+0.029 | vol_ratio=0.56<1.2]
2026-05-28 21:26:04,822 INFO EVAL-FAIL PLAY: rank=0.829  reason=[above_5ma=+0.096]
2026-05-28 21:26:04,822 INFO EVAL-FAIL KELYA: rank=0.800  reason=[above_5ma=+0.047 | vol_ratio=0.74<1.2]
2026-05-28 21:26:04,822 INFO EVAL-FAIL EGHT: rank=0.771  reason=[vol_ratio=0.52<1.2]
2026-05-28 21:26:04,822 INFO EVAL-FAIL DRVN: rank=0.743  reason=[above_5ma=+0.043 | vol_ratio=0.58<1.2]
2026-05-28 21:26:04,822 INFO EVAL-FAIL DIN: rank=0.714  reason=[above_5ma=+0.021 | vol_ratio=0.42<1.2]
2026-05-28 21:26:04,823 INFO EVAL-FAIL PRAX: rank=0.686  reason=[momentum_rank=0.686<0.7 | above_5ma=+0.028 | vol_ratio=0.78<1.2]
2026-05-28 21:26:04,823 INFO EVAL-FAIL CATO: rank=0.657  reason=[momentum_rank=0.657<0.7 | vol_ratio=0.60<1.2]
2026-05-28 21:26:04,823 INFO EVAL-FAIL WHD: rank=0.629  reason=[momentum_rank=0.629<0.7 | vol_ratio=1.01<1.2]
2026-05-28 21:26:04,823 INFO EVAL-FAIL RMNI: rank=0.600  reason=[momentum_rank=0.600<0.7 | above_5ma=+0.019 | vol_ratio=0.50<1.2]
2026-05-28 21:26:04,823 INFO EVAL-FAIL SM: rank=0.571  reason=[momentum_rank=0.571<0.7 | vol_ratio=0.83<1.2]
2026-05-28 21:26:04,823 INFO EVAL-FAIL YEXT: rank=0.543  reason=[momentum_rank=0.543<0.7 | above_5ma=+0.059 | vol_ratio=0.82<1.2]
2026-05-28 21:26:04,823 INFO EVAL-FAIL DOMO: rank=0.514  reason=[momentum_rank=0.514<0.7 | above_5ma=+0.014]
2026-05-28 21:26:04,823 INFO EVAL-FAIL SJT: rank=0.486  reason=[momentum_rank=0.486<0.7 | vol_ratio=1.17<1.2]
2026-05-28 21:26:04,823 INFO EVAL-FAIL ACAD: rank=0.457  reason=[momentum_rank=0.457<0.7 | above_5ma=+0.001 | vol_ratio=0.56<1.2]
2026-05-28 21:26:04,823 INFO EVAL-FAIL INVA: rank=0.429  reason=[momentum_rank=0.429<0.7 | vol_ratio=0.80<1.2]
2026-05-28 21:26:04,823 INFO EVAL-FAIL JACK: rank=0.400  reason=[momentum_rank=0.400<0.7 | above_5ma=+0.038]
2026-05-28 21:26:04,823 INFO EVAL-FAIL GPOR: rank=0.371  reason=[momentum_rank=0.371<0.7 | vol_ratio=1.05<1.2]
2026-05-28 21:26:04,823 INFO EVAL-FAIL IRWD: rank=0.343  reason=[momentum_rank=0.343<0.7 | vol_ratio=1.06<1.2]
2026-05-28 21:26:04,823 INFO EVAL-FAIL AGEN: rank=0.314  reason=[momentum_rank=0.314<0.7 | above_5ma=+0.056 | vol_ratio=0.60<1.2]
2026-05-28 21:26:04,823 INFO EVAL-FAIL NCNO: rank=0.286  reason=[momentum_rank=0.286<0.7]
2026-05-28 21:26:04,823 INFO EVAL-FAIL VET: rank=0.257  reason=[momentum_rank=0.257<0.7 | vol_ratio=0.97<1.2]
2026-05-28 21:26:04,824 INFO EVAL-FAIL MYGN: rank=0.229  reason=[momentum_rank=0.229<0.7 | above_5ma=+0.017 | vol_ratio=0.47<1.2]
2026-05-28 21:26:04,824 INFO EVAL-FAIL TTGT: rank=0.200  reason=[momentum_rank=0.200<0.7 | vol_ratio=0.53<1.2]
2026-05-28 21:26:04,824 INFO EVAL-FAIL GSHD: rank=0.171  reason=[momentum_rank=0.171<0.7]
2026-05-28 21:26:04,824 INFO EVAL-FAIL REI: rank=0.143  reason=[momentum_rank=0.143<0.7 | vol_ratio=0.58<1.2]
2026-05-28 21:26:04,824 INFO EVAL-FAIL BMBL: rank=0.114  reason=[momentum_rank=0.114<0.7 | above_5ma=+0.012 | vol_ratio=0.64<1.2]
2026-05-28 21:26:04,824 INFO EVAL-FAIL AMPY: rank=0.086  reason=[momentum_rank=0.086<0.7 | vol_ratio=0.85<1.2]
2026-05-28 21:26:04,824 INFO EVAL-FAIL ANGI: rank=0.057  reason=[momentum_rank=0.057<0.7 | above_5ma=+0.016 | vol_ratio=0.68<1.2]
2026-05-28 21:26:04,824 INFO EVAL-FAIL PTLO: rank=0.029  reason=[momentum_rank=0.029<0.7 | above_5ma=+0.025 | vol_ratio=0.61<1.2]
2026-05-28 21:26:04,825 INFO --- 0 signals fired ---
2026-05-28 21:26:04,825 INFO 
--------------------------------------------------------------
  DATE         : 2026-05-28
  CASH         : $    8,080.05
  POSITION VAL : $    2,046.70
  EQUITY       : $   10,126.75
  OPEN POS     : 2 held  |  0 pending
  DAILY P&L    : $       +0.00
  TOTAL P&L    : $      +86.66  (+1.27%)
  TRADES TODAY : 0
--------------------------------------------------------------
