2026-06-01 22:38:02,977 INFO === Run: today=2026-06-01  signal_date=2026-05-29 ===
2026-06-01 22:38:02,977 INFO Fetching historical price data...
2026-06-01 22:38:08,047 INFO Using signal bar: 2026-05-29
2026-06-01 22:38:08,048 INFO Fetching today's opens for 35 tickers...
2026-06-01 22:38:08,918 INFO Got opens for 35 tickers.
2026-06-01 22:38:08,918 INFO --- Processing 0 pending entries ---
2026-06-01 22:38:08,918 INFO --- Checking exits for 2 open positions ---
2026-06-01 22:38:08,919 INFO HOLD    CCRN: close=13.09  entry=13.12  peak=13.14  stop=12.33  tp=15.09
2026-06-01 22:38:08,919 INFO HOLD    DIN: close=31.38  entry=29.58  peak=32.06  stop=27.81  tp=34.02
2026-06-01 22:38:08,919 INFO --- Generating signals for 2026-05-29 ---
2026-06-01 22:38:11,306 INFO --- Signal evaluation: 35 candidates ---
2026-06-01 22:38:11,306 INFO EVAL-FAIL FATE: rank=1.000  reason=[above_5ma=+0.160 | vol_ratio=1.03<1.2]
2026-06-01 22:38:11,306 INFO EVAL-FAIL NVAX: rank=0.971  reason=[above_5ma=+0.054 | vol_ratio=1.07<1.2]
2026-06-01 22:38:11,307 INFO EVAL-FAIL CCRN: rank=0.943  reason=[above_5ma=+0.001 | vol_ratio=0.37<1.2]
2026-06-01 22:38:11,307 INFO EVAL-FAIL HLIO: rank=0.914  reason=[above_5ma=+0.013 | vol_ratio=0.74<1.2]
2026-06-01 22:38:11,307 INFO EVAL-FAIL KELYA: rank=0.886  reason=[above_5ma=+0.038 | vol_ratio=0.94<1.2]
2026-06-01 22:38:11,307 INFO EVAL-FAIL PLAY: rank=0.857  reason=[above_5ma=+0.042 | vol_ratio=1.19<1.2]
2026-06-01 22:38:11,307 INFO EVAL-FAIL DOMO: rank=0.829  reason=[above_5ma=+0.089]
2026-06-01 22:38:11,307 INFO EVAL-FAIL POWI: rank=0.800  reason=[above_5ma=+0.019]
2026-06-01 22:38:11,307 INFO EVAL-FAIL RMNI: rank=0.771  reason=[above_5ma=+0.051]
2026-06-01 22:38:11,307 INFO EVAL-FAIL TBI: rank=0.743  reason=[above_5ma=+0.048 | vol_ratio=0.71<1.2]
2026-06-01 22:38:11,307 INFO EVAL-FAIL DIN: rank=0.714  reason=[above_5ma=+0.016 | vol_ratio=0.33<1.2]
2026-06-01 22:38:11,307 INFO EVAL-FAIL CATO: rank=0.686  reason=[momentum_rank=0.686<0.7 | above_5ma=+0.016 | vol_ratio=1.01<1.2]
2026-06-01 22:38:11,308 INFO EVAL-FAIL PRAX: rank=0.657  reason=[momentum_rank=0.657<0.7 | vol_ratio=1.10<1.2]
2026-06-01 22:38:11,308 INFO EVAL-FAIL YEXT: rank=0.629  reason=[momentum_rank=0.629<0.7 | above_5ma=+0.065]
2026-06-01 22:38:11,308 INFO EVAL-FAIL EGHT: rank=0.600  reason=[momentum_rank=0.600<0.7 | vol_ratio=0.72<1.2]
2026-06-01 22:38:11,308 INFO EVAL-FAIL WHD: rank=0.571  reason=[momentum_rank=0.571<0.7 | vol_ratio=0.84<1.2]
2026-06-01 22:38:11,308 INFO EVAL-FAIL DRVN: rank=0.543  reason=[momentum_rank=0.543<0.7 | vol_ratio=0.45<1.2]
2026-06-01 22:38:11,308 INFO EVAL-FAIL SM: rank=0.514  reason=[momentum_rank=0.514<0.7 | vol_ratio=1.01<1.2]
2026-06-01 22:38:11,308 INFO EVAL-FAIL JACK: rank=0.486  reason=[momentum_rank=0.486<0.7 | above_5ma=+0.069]
2026-06-01 22:38:11,308 INFO EVAL-FAIL ACAD: rank=0.457  reason=[momentum_rank=0.457<0.7 | above_5ma=+0.014 | vol_ratio=1.00<1.2]
2026-06-01 22:38:11,308 INFO EVAL-FAIL INVA: rank=0.429  reason=[momentum_rank=0.429<0.7]
2026-06-01 22:38:11,308 INFO EVAL-FAIL NCNO: rank=0.400  reason=[momentum_rank=0.400<0.7 | above_5ma=+0.025]
2026-06-01 22:38:11,308 INFO EVAL-FAIL SJT: rank=0.371  reason=[momentum_rank=0.371<0.7]
2026-06-01 22:38:11,309 INFO EVAL-FAIL AGEN: rank=0.343  reason=[momentum_rank=0.343<0.7 | above_5ma=+0.045 | vol_ratio=0.78<1.2]
2026-06-01 22:38:11,309 INFO EVAL-FAIL GPOR: rank=0.314  reason=[momentum_rank=0.314<0.7 | vol_ratio=0.99<1.2]
2026-06-01 22:38:11,309 INFO EVAL-FAIL IRWD: rank=0.286  reason=[momentum_rank=0.286<0.7 | vol_ratio=0.72<1.2]
2026-06-01 22:38:11,309 INFO EVAL-FAIL MYGN: rank=0.257  reason=[momentum_rank=0.257<0.7 | above_5ma=+0.003]
2026-06-01 22:38:11,309 INFO EVAL-FAIL VET: rank=0.229  reason=[momentum_rank=0.229<0.7]
2026-06-01 22:38:11,309 INFO EVAL-FAIL TTGT: rank=0.200  reason=[momentum_rank=0.200<0.7 | vol_ratio=0.55<1.2]
2026-06-01 22:38:11,309 INFO EVAL-FAIL ANGI: rank=0.171  reason=[momentum_rank=0.171<0.7 | above_5ma=+0.051]
2026-06-01 22:38:11,309 INFO EVAL-FAIL GSHD: rank=0.143  reason=[momentum_rank=0.143<0.7]
2026-06-01 22:38:11,309 INFO EVAL-FAIL BMBL: rank=0.114  reason=[momentum_rank=0.114<0.7 | vol_ratio=0.80<1.2]
2026-06-01 22:38:11,309 INFO EVAL-FAIL AMPY: rank=0.086  reason=[momentum_rank=0.086<0.7 | vol_ratio=0.67<1.2]
2026-06-01 22:38:11,310 INFO EVAL-FAIL PTLO: rank=0.057  reason=[momentum_rank=0.057<0.7 | above_5ma=+0.037 | vol_ratio=0.60<1.2]
2026-06-01 22:38:11,310 INFO EVAL-FAIL REI: rank=0.029  reason=[momentum_rank=0.029<0.7 | vol_ratio=0.55<1.2]
2026-06-01 22:38:11,310 INFO --- 0 signals fired ---
2026-06-01 22:38:11,311 INFO 
--------------------------------------------------------------
  DATE         : 2026-06-01
  CASH         : $    8,080.05
  POSITION VAL : $    2,059.04
  EQUITY       : $   10,139.09
  OPEN POS     : 2 held  |  0 pending
  DAILY P&L    : $       +0.00
  TOTAL P&L    : $      +86.66  (+1.39%)
  TRADES TODAY : 0
--------------------------------------------------------------
