2026-05-26 20:50:52,014 INFO === Run: today=2026-05-26  signal_date=2026-05-22 ===
2026-05-26 20:50:52,015 INFO Fetching historical price data...
2026-05-26 20:51:01,474 INFO Using signal bar: 2026-05-22
2026-05-26 20:51:01,475 INFO Fetching today's opens for 35 tickers...
2026-05-26 20:51:03,172 INFO Got opens for 35 tickers.
2026-05-26 20:51:03,172 INFO --- Processing 0 pending entries ---
2026-05-26 20:51:03,172 INFO --- Checking exits for 3 open positions ---
2026-05-26 20:51:03,172 INFO HOLD    CCRN: close=13.05  entry=13.12  peak=13.14  stop=12.33  tp=15.09
2026-05-26 20:51:03,172 INFO HOLD    DIN: close=30.37  entry=29.58  peak=31.48  stop=27.81  tp=34.02
2026-05-26 20:51:03,172 INFO HOLD    EGHT: close=2.20  entry=2.13  peak=2.26  stop=2.00  tp=2.45
2026-05-26 20:51:03,172 INFO --- Generating signals for 2026-05-22 ---
2026-05-26 20:51:05,618 INFO --- Signal evaluation: 35 candidates ---
2026-05-26 20:51:05,618 INFO EVAL-FAIL FATE: rank=1.000  reason=[above_5ma=+0.147]
2026-05-26 20:51:05,618 INFO EVAL-FAIL CCRN: rank=0.971  reason=[vol_ratio=0.63<1.2]
2026-05-26 20:51:05,618 INFO EVAL-FAIL SM: rank=0.943  reason=[vol_ratio=0.71<1.2]
2026-05-26 20:51:05,618 INFO EVAL-FAIL TBI: rank=0.914  reason=[above_5ma=+0.010 | vol_ratio=0.42<1.2]
2026-05-26 20:51:05,619 INFO EVAL-FAIL HLIO: rank=0.886  reason=[above_5ma=+0.011 | vol_ratio=0.84<1.2]
2026-05-26 20:51:05,619 INFO EVAL-FAIL EGHT: rank=0.857  reason=[vol_ratio=0.81<1.2]
2026-05-26 20:51:05,619 INFO EVAL-FAIL CATO: rank=0.829  reason=[above_5ma=+0.037]
2026-05-26 20:51:05,619 INFO EVAL-FAIL NVAX: rank=0.800  reason=[above_5ma=+0.017 | vol_ratio=0.79<1.2]
2026-05-26 20:51:05,619 INFO EVAL-FAIL KELYA: rank=0.771  reason=[above_5ma=+0.045 | vol_ratio=0.62<1.2]
2026-05-26 20:51:05,619 INFO EVAL-FAIL WHD: rank=0.743  reason=[above_5ma=+0.012 | vol_ratio=1.09<1.2]
2026-05-26 20:51:05,619 INFO EVAL-FAIL DRVN: rank=0.714  reason=[above_5ma=+0.017 | vol_ratio=0.55<1.2]
2026-05-26 20:51:05,619 INFO EVAL-FAIL DIN: rank=0.686  reason=[momentum_rank=0.686<0.7 | above_5ma=+0.012 | vol_ratio=0.46<1.2]
2026-05-26 20:51:05,619 INFO EVAL-FAIL RMNI: rank=0.657  reason=[momentum_rank=0.657<0.7 | above_5ma=+0.009 | vol_ratio=0.53<1.2]
2026-05-26 20:51:05,619 INFO EVAL-FAIL IRWD: rank=0.629  reason=[momentum_rank=0.629<0.7 | above_5ma=+0.039 | vol_ratio=0.72<1.2]
2026-05-26 20:51:05,620 INFO EVAL-FAIL PRAX: rank=0.600  reason=[momentum_rank=0.600<0.7 | above_5ma=+0.028 | vol_ratio=0.63<1.2]
2026-05-26 20:51:05,620 INFO EVAL-FAIL VET: rank=0.571  reason=[momentum_rank=0.571<0.7 | vol_ratio=0.87<1.2]
2026-05-26 20:51:05,620 INFO EVAL-FAIL SJT: rank=0.543  reason=[momentum_rank=0.543<0.7 | vol_ratio=0.35<1.2]
2026-05-26 20:51:05,620 INFO EVAL-FAIL POWI: rank=0.514  reason=[momentum_rank=0.514<0.7 | above_5ma=+0.023 | vol_ratio=0.93<1.2]
2026-05-26 20:51:05,620 INFO EVAL-FAIL ACAD: rank=0.486  reason=[momentum_rank=0.486<0.7 | above_5ma=+0.009 | vol_ratio=0.77<1.2]
2026-05-26 20:51:05,620 INFO EVAL-FAIL YEXT: rank=0.457  reason=[momentum_rank=0.457<0.7 | above_5ma=+0.019 | vol_ratio=0.71<1.2]
2026-05-26 20:51:05,620 INFO EVAL-FAIL PLAY: rank=0.429  reason=[momentum_rank=0.429<0.7 | above_5ma=+0.057 | vol_ratio=1.12<1.2]
2026-05-26 20:51:05,620 INFO EVAL-FAIL INVA: rank=0.400  reason=[momentum_rank=0.400<0.7 | above_5ma=+0.017]
2026-05-26 20:51:05,620 INFO EVAL-FAIL GPOR: rank=0.371  reason=[momentum_rank=0.371<0.7 | vol_ratio=0.57<1.2]
2026-05-26 20:51:05,620 INFO EVAL-FAIL DOMO: rank=0.343  reason=[momentum_rank=0.343<0.7 | above_5ma=+0.001 | vol_ratio=0.62<1.2]
2026-05-26 20:51:05,621 INFO EVAL-FAIL NCNO: rank=0.314  reason=[momentum_rank=0.314<0.7 | above_5ma=+0.036 | vol_ratio=0.93<1.2]
2026-05-26 20:51:05,621 INFO EVAL-FAIL REI: rank=0.286  reason=[momentum_rank=0.286<0.7 | above_5ma=+0.009 | vol_ratio=0.38<1.2]
2026-05-26 20:51:05,621 INFO EVAL-FAIL JACK: rank=0.257  reason=[momentum_rank=0.257<0.7 | above_5ma=+0.026 | vol_ratio=0.75<1.2]
2026-05-26 20:51:05,621 INFO EVAL-FAIL GSHD: rank=0.229  reason=[momentum_rank=0.229<0.7]
2026-05-26 20:51:05,621 INFO EVAL-FAIL AMPY: rank=0.200  reason=[momentum_rank=0.200<0.7 | vol_ratio=0.54<1.2]
2026-05-26 20:51:05,621 INFO EVAL-FAIL TTGT: rank=0.171  reason=[momentum_rank=0.171<0.7 | above_5ma=+0.012 | vol_ratio=0.44<1.2]
2026-05-26 20:51:05,621 INFO EVAL-FAIL MYGN: rank=0.143  reason=[momentum_rank=0.143<0.7 | above_5ma=+0.019 | vol_ratio=0.56<1.2]
2026-05-26 20:51:05,621 INFO EVAL-FAIL AGEN: rank=0.114  reason=[momentum_rank=0.114<0.7 | vol_ratio=1.07<1.2]
2026-05-26 20:51:05,621 INFO EVAL-FAIL ANGI: rank=0.086  reason=[momentum_rank=0.086<0.7 | above_5ma=+0.058 | vol_ratio=0.60<1.2]
2026-05-26 20:51:05,621 INFO EVAL-FAIL BMBL: rank=0.057  reason=[momentum_rank=0.057<0.7 | vol_ratio=0.53<1.2]
2026-05-26 20:51:05,622 INFO EVAL-FAIL PTLO: rank=0.029  reason=[momentum_rank=0.029<0.7 | above_5ma=+0.011 | vol_ratio=0.60<1.2]
2026-05-26 20:51:05,622 INFO --- 0 signals fired ---
2026-05-26 20:51:05,623 INFO 
--------------------------------------------------------------
  DATE         : 2026-05-26
  CASH         : $    7,035.04
  POSITION VAL : $    3,060.37
  EQUITY       : $   10,095.41
  OPEN POS     : 3 held  |  0 pending
  DAILY P&L    : $       +0.00
  TOTAL P&L    : $      +46.85  (+0.95%)
  TRADES TODAY : 0
--------------------------------------------------------------
