2026-06-04 21:01:08,115 INFO === Run: today=2026-06-04  signal_date=2026-06-03 ===
2026-06-04 21:01:08,115 INFO Fetching historical price data...
2026-06-04 21:01:12,826 INFO Using signal bar: 2026-06-03
2026-06-04 21:01:12,827 INFO Fetching today's opens for 35 tickers...
2026-06-04 21:01:13,516 INFO Got opens for 35 tickers.
2026-06-04 21:01:13,517 INFO --- Processing 0 pending entries ---
2026-06-04 21:01:13,517 INFO --- Checking exits for 1 open positions ---
2026-06-04 21:01:13,517 INFO HOLD    CCRN: close=13.12  entry=13.12  peak=13.14  stop=12.33  tp=15.09
2026-06-04 21:01:13,517 INFO --- Generating signals for 2026-06-03 ---
2026-06-04 21:01:15,206 INFO --- Signal evaluation: 35 candidates ---
2026-06-04 21:01:15,207 INFO EVAL-FAIL NVAX: rank=1.000  reason=[vol_ratio=0.46<1.2]
2026-06-04 21:01:15,207 INFO EVAL-FAIL HLIO: rank=0.971  reason=[above_5ma=+0.018 | vol_ratio=0.90<1.2]
2026-06-04 21:01:15,207 INFO EVAL-FAIL CCRN: rank=0.943  reason=[above_5ma=+0.002 | vol_ratio=0.24<1.2]
2026-06-04 21:01:15,207 INFO EVAL-FAIL KELYA: rank=0.914  reason=[vol_ratio=0.95<1.2]
2026-06-04 21:01:15,207 INFO EVAL-FAIL CATO: rank=0.886  reason=[above_5ma=+0.039]
2026-06-04 21:01:15,207 INFO EVAL-FAIL PLAY: rank=0.857  reason=[vol_ratio=0.52<1.2]
2026-06-04 21:01:15,207 INFO EVAL-FAIL TBI: rank=0.829  reason=[above_5ma=+0.035 | vol_ratio=0.93<1.2]
2026-06-04 21:01:15,207 INFO EVAL-FAIL POWI: rank=0.800  reason=[above_5ma=+0.007 | vol_ratio=0.67<1.2]
2026-06-04 21:01:15,207 INFO EVAL-FAIL SM: rank=0.771  reason=[above_5ma=+0.060 | vol_ratio=0.81<1.2]
2026-06-04 21:01:15,207 INFO EVAL-FAIL WHD: rank=0.743  reason=[above_5ma=+0.004]
2026-06-04 21:01:15,208 INFO EVAL-FAIL RMNI: rank=0.714  reason=[above_5ma=+0.004]
2026-06-04 21:01:15,208 INFO EVAL-FAIL DIN: rank=0.686  reason=[momentum_rank=0.686<0.7 | vol_ratio=0.41<1.2]
2026-06-04 21:01:15,208 INFO EVAL-FAIL DOMO: rank=0.657  reason=[momentum_rank=0.657<0.7 | vol_ratio=0.88<1.2]
2026-06-04 21:01:15,208 INFO EVAL-FAIL ACAD: rank=0.629  reason=[momentum_rank=0.629<0.7 | above_5ma=+0.000 | vol_ratio=0.75<1.2]
2026-06-04 21:01:15,208 INFO EVAL-FAIL INVA: rank=0.600  reason=[momentum_rank=0.600<0.7 | above_5ma=+0.006 | vol_ratio=0.99<1.2]
2026-06-04 21:01:15,208 INFO EVAL-FAIL FATE: rank=0.571  reason=[momentum_rank=0.571<0.7]
2026-06-04 21:01:15,208 INFO EVAL-FAIL YEXT: rank=0.543  reason=[momentum_rank=0.543<0.7]
2026-06-04 21:01:15,208 INFO EVAL-FAIL JACK: rank=0.514  reason=[momentum_rank=0.514<0.7 | vol_ratio=0.53<1.2]
2026-06-04 21:01:15,208 INFO EVAL-FAIL DRVN: rank=0.486  reason=[momentum_rank=0.486<0.7 | vol_ratio=0.57<1.2]
2026-06-04 21:01:15,208 INFO EVAL-FAIL SJT: rank=0.457  reason=[momentum_rank=0.457<0.7]
2026-06-04 21:01:15,208 INFO EVAL-FAIL NCNO: rank=0.429  reason=[momentum_rank=0.429<0.7 | vol_ratio=1.04<1.2]
2026-06-04 21:01:15,208 INFO EVAL-FAIL VET: rank=0.400  reason=[momentum_rank=0.400<0.7 | above_5ma=+0.032 | vol_ratio=1.09<1.2]
2026-06-04 21:01:15,208 INFO EVAL-FAIL MYGN: rank=0.371  reason=[momentum_rank=0.371<0.7 | above_5ma=+0.039 | vol_ratio=0.89<1.2]
2026-06-04 21:01:15,208 INFO EVAL-FAIL GPOR: rank=0.343  reason=[momentum_rank=0.343<0.7 | vol_ratio=0.93<1.2]
2026-06-04 21:01:15,208 INFO EVAL-FAIL PRAX: rank=0.314  reason=[momentum_rank=0.314<0.7]
2026-06-04 21:01:15,208 INFO EVAL-FAIL PTLO: rank=0.286  reason=[momentum_rank=0.286<0.7 | vol_ratio=0.64<1.2]
2026-06-04 21:01:15,209 INFO EVAL-FAIL ANGI: rank=0.257  reason=[momentum_rank=0.257<0.7 | vol_ratio=0.59<1.2]
2026-06-04 21:01:15,209 INFO EVAL-FAIL GSHD: rank=0.229  reason=[momentum_rank=0.229<0.7]
2026-06-04 21:01:15,209 INFO EVAL-FAIL AGEN: rank=0.200  reason=[momentum_rank=0.200<0.7 | vol_ratio=0.61<1.2]
2026-06-04 21:01:15,209 INFO EVAL-FAIL AMPY: rank=0.171  reason=[momentum_rank=0.171<0.7 | vol_ratio=0.79<1.2]
2026-06-04 21:01:15,209 INFO EVAL-FAIL EGHT: rank=0.143  reason=[momentum_rank=0.143<0.7 | vol_ratio=0.41<1.2]
2026-06-04 21:01:15,209 INFO EVAL-FAIL TTGT: rank=0.114  reason=[momentum_rank=0.114<0.7 | vol_ratio=0.65<1.2]
2026-06-04 21:01:15,209 INFO EVAL-FAIL IRWD: rank=0.086  reason=[momentum_rank=0.086<0.7 | vol_ratio=1.00<1.2]
2026-06-04 21:01:15,209 INFO EVAL-FAIL REI: rank=0.057  reason=[momentum_rank=0.057<0.7 | above_5ma=+0.015 | vol_ratio=0.41<1.2]
2026-06-04 21:01:15,209 INFO EVAL-FAIL BMBL: rank=0.029  reason=[momentum_rank=0.029<0.7 | vol_ratio=1.19<1.2]
2026-06-04 21:01:15,209 INFO --- 0 signals fired ---
2026-06-04 21:01:15,210 INFO 
--------------------------------------------------------------
  DATE         : 2026-06-04
  CASH         : $    9,119.17
  POSITION VAL : $    1,000.01
  EQUITY       : $   10,119.19
  OPEN POS     : 1 held  |  0 pending
  DAILY P&L    : $       +0.00
  TOTAL P&L    : $     +126.31  (+1.19%)
  TRADES TODAY : 0
--------------------------------------------------------------
